 |                    fit_name |       quality |   chisq/nDoF                 |
-------------------------------------------------------------------------------
e|       c2_Dt8_1-7xc_Dt12_3-6 |    5.1627e+06 |    3.82/(  11 -  5) =   0.64 | F=0.975(19); Ff_Dt8=-9.23(63)*10^-2; Ef_Dt8=0.762(115); Fi_Dt8=-9.36(67)*10^-2; Ei_Dt8=0.865(124)
*|     c2_Dt8_1-7xc2_Dt12_1-11 |    3.8967e+06 |    6.62/(  18 -  9) =   0.74 | F=0.974(19); Ff_Dt8=-9.25(60)*10^-2; Ef_Dt8=0.717(109); Fi_Dt8=-9.36(66)*10^-2; Ei_Dt8=0.829(136); Ff_Dt12=-9.77(141)*10^-2; Ef_Dt12=0.476(204); Fi_Dt12=-0.101(15); Ei_Dt12=0.742(225)
*|       c2_Dt8_1-7xc_Dt12_2-9 |    3.3452e+06 |   18.83/(  15 -  5) =   1.88 | F=0.962(18); Ff_Dt8=-8.59(56)*10^-2; Ef_Dt8=0.721(94); Fi_Dt8=-8.94(63)*10^-2; Ei_Dt8=0.900(114)
*|       c2_Dt8_1-7xc_Dt12_2-8 |    3.0508e+06 |   18.34/(  14 -  5) =   2.04 | F=0.962(18); Ff_Dt8=-8.59(56)*10^-2; Ef_Dt8=0.724(95); Fi_Dt8=-8.92(63)*10^-2; Ei_Dt8=0.900(107)
*|       c2_Dt8_1-7xc_Dt12_4-7 |     3.022e+06 |    6.04/(  11 -  5) =   1.01 | F=0.974(19); Ff_Dt8=-8.97(59)*10^-2; Ef_Dt8=0.716(112); Fi_Dt8=-9.37(67)*10^-2; Ei_Dt8=0.849(132)
*|       c2_Dt8_1-7xc_Dt12_3-7 |    2.9731e+06 |    6.42/(  12 -  5) =   0.92 | F=0.972(18); Ff_Dt8=-8.89(58)*10^-2; Ef_Dt8=0.729(112); Fi_Dt8=-9.34(68)*10^-2; Ei_Dt8=0.873(168)
*|       c2_Dt8_1-7xc_Dt12_2-7 |    2.8895e+06 |   14.81/(  13 -  5) =   1.85 | F=0.966(18); Ff_Dt8=-8.57(56)*10^-2; Ef_Dt8=0.728(96); Fi_Dt8=-8.98(63)*10^-2; Ei_Dt8=0.900(115)
*|      c2_Dt8_1-7xc_Dt12_2-10 |    2.8495e+06 |   22.60/(  16 -  5) =   2.05 | F=0.962(18); Ff_Dt8=-8.43(56)*10^-2; Ef_Dt8=0.739(98); Fi_Dt8=-8.87(63)*10^-2; Ei_Dt8=0.900(125)
*|       c2_Dt8_1-7xc_Dt12_2-6 |    2.4795e+06 |   12.90/(  12 -  5) =   1.84 | F=0.968(18); Ff_Dt8=-8.84(61)*10^-2; Ef_Dt8=0.761(101); Fi_Dt8=-9.00(63)*10^-2; Ei_Dt8=0.900(118)
*|       c2_Dt8_2-7xc_Dt12_4-9 |    1.1753e+06 |   12.22/(  12 -  5) =   1.75 | F=0.968(18); Ff_Dt8=-8.90(58)*10^-2; Ef_Dt8=0.713(98); Fi_Dt8=-9.94(166)*10^-2; Ei_Dt8=0.900(113)
*|   c2_Dt8_1-7xcsnk_Dt12_3-11 |    1.1014e+06 |    8.05/(  16 -  7) =   0.89 | F=0.969(18); Ff_Dt8=-9.08(59)*10^-2; Ef_Dt8=0.726(108); Fi_Dt8=-9.34(69)*10^-2; Ei_Dt8=0.883(635); Ff_Dt12=-8.90(124)*10^-2; Ef_Dt12=0.571(225)
*|       c2_Dt8_2-7xc_Dt12_4-8 |    9.5349e+05 |   11.03/(  11 -  5) =   1.84 | F=0.968(18); Ff_Dt8=-8.92(58)*10^-2; Ef_Dt8=0.718(99); Fi_Dt8=-9.94(166)*10^-2; Ei_Dt8=0.900(121)
*|      c2_Dt8_2-7xc_Dt12_3-10 |    6.6332e+05 |   17.85/(  14 -  5) =   1.98 | F=0.965(18); Ff_Dt8=-8.64(57)*10^-2; Ef_Dt8=0.733(103); Fi_Dt8=-9.74(162)*10^-2; Ei_Dt8=0.900(199)
*|       c2_Dt8_1-7xc_Dt12_3-9 |    5.7591e+05 |   12.44/(  14 -  5) =   1.38 | F=0.967(18); Ff_Dt8=-8.86(58)*10^-2; Ef_Dt8=0.725(109); Fi_Dt8=-9.26(69)*10^-2; Ei_Dt8=0.889(686)
*|       c2_Dt8_1-7xc_Dt12_4-9 |    5.0979e+05 |   12.37/(  13 -  5) =   1.55 | F=0.968(18); Ff_Dt8=-8.89(59)*10^-2; Ef_Dt8=0.720(110); Fi_Dt8=-9.28(68)*10^-2; Ei_Dt8=0.880(622)
*|   c2_Dt8_2-7xcsnk_Dt12_3-11 |    4.7937e+05 |    7.96/(  15 -  7) =   1.00 | F=0.969(18); Ff_Dt8=-9.09(58)*10^-2; Ef_Dt8=0.721(97); Fi_Dt8=-9.84(162)*10^-2; Ei_Dt8=0.900(631); Ff_Dt12=-8.91(124)*10^-2; Ef_Dt12=0.574(226)
*|       c2_Dt8_1-7xc_Dt12_3-8 |    4.6675e+05 |   11.32/(  13 -  5) =   1.42 | F=0.967(18); Ff_Dt8=-8.87(58)*10^-2; Ef_Dt8=0.733(110); Fi_Dt8=-9.26(69)*10^-2; Ei_Dt8=0.893(765)
*|       c2_Dt8_1-7xc_Dt12_4-8 |    4.5544e+05 |   11.18/(  12 -  5) =   1.60 | F=0.968(19); Ff_Dt8=-8.91(59)*10^-2; Ef_Dt8=0.726(111); Fi_Dt8=-9.28(68)*10^-2; Ei_Dt8=0.879(621)
*|     c2_Dt8_2-7xc2_Dt12_1-11 |    4.5508e+05 |    6.68/(  17 -  9) =   0.83 | F=0.973(18); Ff_Dt8=-9.20(58)*10^-2; Ef_Dt8=0.732(94); Fi_Dt8=-0.101(16); Ei_Dt8=0.900(768); Ff_Dt12=-9.71(135)*10^-2; Ef_Dt12=0.491(195); Fi_Dt12=-0.101(15); Ei_Dt12=0.760(197)
*|       c2_Dt8_1-7xc_Dt12_5-9 |    4.3691e+05 |   11.51/(  12 -  5) =   1.64 | F=0.968(18); Ff_Dt8=-8.86(59)*10^-2; Ef_Dt8=0.734(113); Fi_Dt8=-9.24(68)*10^-2; Ei_Dt8=0.876(611)
