 |         fit_name |       quality |   chisq/nDoF                 |
--------------------------------------------------------------------
*|   csrc_Dt32_1-31 |       0.26152 |   30.03/(  31 -  3) =   1.07 | F=2.92(362)*10^-3; Fi_Dt32=-4.56(582)*10^-3; Ei_Dt32=0.163(317)
e|      c_Dt32_1-31 |      0.058023 |   31.41/(  31 -  1) =   1.05 | F=1.23(249)*10^-3
*|      c_Dt32_2-31 |      0.056579 |   29.16/(  30 -  1) =   1.01 | F=1.93(254)*10^-3
*|      c_Dt32_1-30 |      0.055769 |   29.59/(  30 -  1) =   1.02 | F=1.87(254)*10^-3
*|      c_Dt32_1-27 |       0.05564 |   21.53/(  27 -  1) =   0.83 | F=4.51(2683)*10^-4
*|      c_Dt32_2-30 |      0.055371 |   26.88/(  29 -  1) =   0.96 | F=2.72(259)*10^-3
*|      c_Dt32_2-27 |      0.054106 |   19.75/(  26 -  1) =   0.79 | F=1.31(276)*10^-3
*|      c_Dt32_1-29 |      0.051633 |   28.83/(  29 -  1) =   1.03 | F=2.28(258)*10^-3
*|      c_Dt32_2-29 |      0.051428 |   26.02/(  28 -  1) =   0.96 | F=3.18(264)*10^-3
*|      c_Dt32_3-31 |      0.051165 |   29.09/(  29 -  1) =   1.04 | F=1.86(255)*10^-3
*|      c_Dt32_1-24 |      0.050422 |   16.61/(  24 -  1) =   0.72 | F=1.43(279)*10^-3
*|      c_Dt32_2-24 |      0.050268 |   14.64/(  23 -  1) =   0.67 | F=2.46(288)*10^-3
*|      c_Dt32_1-26 |      0.049979 |   21.38/(  26 -  1) =   0.86 | F=5.80(2703)*10^-4
*|      c_Dt32_3-30 |      0.049902 |   26.82/(  28 -  1) =   0.99 | F=2.65(261)*10^-3
*|      c_Dt32_1-28 |      0.048794 |   27.42/(  28 -  1) =   1.02 | F=1.65(264)*10^-3
*|      c_Dt32_2-26 |      0.048734 |   19.46/(  25 -  1) =   0.81 | F=1.52(279)*10^-3
*|      c_Dt32_3-27 |       0.04811 |   19.71/(  25 -  1) =   0.82 | F=1.25(277)*10^-3
*|      c_Dt32_2-28 |      0.048023 |   24.95/(  27 -  1) =   0.96 | F=2.58(270)*10^-3
*|      c_Dt32_4-31 |      0.046977 |   28.48/(  28 -  1) =   1.05 | F=2.33(263)*10^-3
*|      c_Dt32_1-25 |      0.046374 |   20.45/(  25 -  1) =   0.85 | F=2.72(2722)*10^-4
