 |                      fit_name |       quality |   chisq/nDoF                 |
---------------------------------------------------------------------------------
*|     csnk_Dt8_1-4xc2_Dt12_3-11 |        184.65 |    4.25/(  13 -  7) =   0.71 | F=-8.06(372)*10^-3; Ff_Dt8=0.161(89); Ef_Dt8=0.900(65); Ff_Dt12=4.20(98)*10^-2; Ef_Dt12=0.386(326); Fi_Dt12=4.25(681)*10^-2; Ei_Dt12=0.900(623)
*|     csnk_Dt8_1-5xc2_Dt12_1-11 |         154.2 |    3.39/(  16 -  7) =   0.38 | F=-7.51(340)*10^-3; Ff_Dt8=9.85(349)*10^-2; Ef_Dt8=0.900(768); Ff_Dt12=3.96(115)*10^-2; Ef_Dt12=0.680(289); Fi_Dt12=1.81(82)*10^-2; Ei_Dt12=8.39(1189)*10^-2
*|     csnk_Dt8_1-5xc2_Dt12_2-11 |        97.634 |    3.37/(  15 -  7) =   0.42 | F=-7.49(340)*10^-3; Ff_Dt8=9.82(349)*10^-2; Ef_Dt8=0.900(768); Ff_Dt12=3.99(115)*10^-2; Ef_Dt12=0.671(290); Fi_Dt12=1.92(112)*10^-2; Ei_Dt12=9.58(1386)*10^-2
*|     csnk_Dt8_1-6xc2_Dt12_3-11 |         48.91 |   10.25/(  15 -  7) =   1.28 | F=-4.81(327)*10^-3; Ff_Dt8=2.01(131)*10^-2; Ef_Dt8=0.900(152); Ff_Dt12=3.91(99)*10^-2; Ef_Dt12=0.513(325); Fi_Dt12=3.69(638)*10^-2; Ei_Dt12=0.900(620)
*|     csnk_Dt8_1-5xc2_Dt12_3-11 |        46.682 |    4.94/(  14 -  7) =   0.71 | F=-7.20(343)*10^-3; Ff_Dt8=9.43(348)*10^-2; Ef_Dt8=0.900(768); Ff_Dt12=4.18(99)*10^-2; Ef_Dt12=0.486(282); Fi_Dt12=5.84(643)*10^-2; Ei_Dt12=0.900(704)
*|     csnk_Dt8_1-4xc2_Dt12_1-11 |        35.508 |    2.62/(  15 -  7) =   0.33 | F=-8.18(350)*10^-3; Ff_Dt8=0.163(82); Ef_Dt8=0.900(768); Ff_Dt12=3.82(122)*10^-2; Ef_Dt12=0.664(681); Fi_Dt12=1.83(83)*10^-2; Ei_Dt12=6.85(1224)*10^-2
*|   csnk_Dt8_1-5xcsnk_Dt12_5-11 |        21.723 |    3.91/(  12 -  5) =   0.56 | F=-6.62(349)*10^-3; Ff_Dt8=8.45(360)*10^-2; Ef_Dt8=0.900(768); Ff_Dt12=4.11(99)*10^-2; Ef_Dt12=0.458(277)
*|     csnk_Dt8_1-4xc2_Dt12_2-11 |         20.51 |    2.61/(  14 -  7) =   0.37 | F=-8.17(351)*10^-3; Ff_Dt8=0.163(82); Ef_Dt8=0.900(768); Ff_Dt12=3.84(123)*10^-2; Ef_Dt12=0.661(681); Fi_Dt12=1.88(112)*10^-2; Ei_Dt12=7.42(1410)*10^-2
e|        c_Dt8_3-7xc2_Dt12_4-11 |        16.686 |    9.74/(  13 -  5) =   1.22 | F=-1.54(296)*10^-3; Ff_Dt12=3.61(101)*10^-2; Ef_Dt12=0.609(345); Fi_Dt12=0.304(168); Ei_Dt12=0.900(483)
*|   csnk_Dt8_1-6xcsnk_Dt12_5-11 |        14.086 |    5.50/(  13 -  5) =   0.69 | F=-8.01(551)*10^-3; Ff_Dt8=1.74(85)*10^-2; Ef_Dt8=0.319(228); Ff_Dt12=4.21(108)*10^-2; Ef_Dt12=0.329(265)
*|        c_Dt8_3-6xc2_Dt12_4-11 |        13.218 |    9.67/(  12 -  5) =   1.38 | F=-1.28(313)*10^-3; Ff_Dt12=3.60(102)*10^-2; Ef_Dt12=0.617(347); Fi_Dt12=0.300(167); Ei_Dt12=0.900(489)
*|   csnk_Dt8_1-4xcsnk_Dt12_5-11 |        12.157 |    2.94/(  11 -  5) =   0.49 | F=-7.63(372)*10^-3; Ff_Dt8=0.165(90); Ef_Dt8=0.900(871); Ff_Dt12=4.16(100)*10^-2; Ef_Dt12=0.338(263)
*|     csnk_Dt8_1-7xc2_Dt12_3-11 |        11.795 |   10.98/(  16 -  7) =   1.22 | F=-7.25(523)*10^-3; Ff_Dt8=8.07(655)*10^-3; Ef_Dt8=0.201(158); Ff_Dt12=4.04(103)*10^-2; Ef_Dt12=0.475(282); Fi_Dt12=5.48(648)*10^-2; Ei_Dt12=0.900(769)
*|        c_Dt8_1-5xc2_Dt12_4-11 |        11.571 |    9.31/(  13 -  5) =   1.16 | F=-2.82(304)*10^-3; Ff_Dt12=3.65(98)*10^-2; Ef_Dt12=0.516(321); Fi_Dt12=0.309(168); Ei_Dt12=0.900(707)
*|        c_Dt8_0-3xc2_Dt12_1-11 |        10.967 |    3.55/(  14 -  5) =   0.39 | F=-6.79(332)*10^-3; Ff_Dt12=3.87(113)*10^-2; Ef_Dt12=0.623(683); Fi_Dt12=1.76(84)*10^-2; Ei_Dt12=0.105(165)
*|        c_Dt8_2-7xc2_Dt12_4-11 |        10.525 |    9.98/(  14 -  5) =   1.11 | F=-1.86(289)*10^-3; Ff_Dt12=3.57(100)*10^-2; Ef_Dt12=0.592(337); Fi_Dt12=0.299(173); Ei_Dt12=0.900(866)
*|        c_Dt8_1-4xc2_Dt12_3-11 |        10.104 |    7.72/(  13 -  5) =   0.97 | F=-5.27(319)*10^-3; Ff_Dt12=4.08(102)*10^-2; Ef_Dt12=0.600(289); Fi_Dt12=6.81(651)*10^-2; Ei_Dt12=0.900(768)
*|        c_Dt8_1-7xc2_Dt12_4-11 |        9.5981 |   10.04/(  15 -  5) =   1.00 | F=-2.10(269)*10^-3; Ff_Dt12=3.57(99)*10^-2; Ef_Dt12=0.580(332); Fi_Dt12=0.298(275); Ei_Dt12=0.899(704)
*|        c_Dt8_2-6xc2_Dt12_4-11 |        9.5092 |    9.93/(  13 -  5) =   1.24 | F=-1.62(305)*10^-3; Ff_Dt12=3.56(100)*10^-2; Ef_Dt12=0.598(339); Fi_Dt12=0.295(167); Ei_Dt12=0.900(808)
*|     csnk_Dt8_1-4xc2_Dt12_4-11 |         9.367 |    1.91/(  12 -  7) =   0.38 | F=-8.22(357)*10^-3; Ff_Dt8=0.179(86); Ef_Dt8=0.900(647); Ff_Dt12=3.84(137)*10^-2; Ef_Dt12=0.605(594); Fi_Dt12=2.25(227)*10^-2; Ei_Dt12=8.80(2123)*10^-2
