 |         fit_name |       quality |   chisq/nDoF                 |
--------------------------------------------------------------------
e|   csrc_Dt32_2-31 |        5.8612 |   46.91/(  30 -  3) =   1.74 | F=1.19(1928)*10^-9; Fi_Dt32=-6.58(292)*10^-8; Ei_Dt32=0.500(76)
*|   csrc_Dt32_1-31 |       0.38786 |   51.99/(  31 -  3) =   1.86 | F=-1.69(1962)*10^-9; Fi_Dt32=-2.06(227)*10^-8; Ei_Dt32=0.458(419)
*|   csrc_Dt32_3-31 |        0.2694 |   38.76/(  29 -  3) =   1.49 | F=-8.02(2037)*10^-9; Fi_Dt32=2.94(394)*10^-8; Ei_Dt32=0.346(410)
*|      c_Dt32_3-31 |        0.1609 |   39.33/(  29 -  1) =   1.40 | F=-1.96(1834)*10^-9
*|      c_Dt32_1-31 |       0.14645 |   52.91/(  31 -  1) =   1.76 | F=-9.87(1736)*10^-9
*|      c_Dt32_3-30 |       0.14511 |   39.21/(  28 -  1) =   1.45 | F=-3.36(1876)*10^-9
*|      c_Dt32_4-31 |       0.14487 |   39.27/(  28 -  1) =   1.45 | F=-1.12(1864)*10^-9
*|      c_Dt32_5-31 |       0.13522 |   37.67/(  27 -  1) =   1.45 | F=-4.74(1886)*10^-9
*|      c_Dt32_2-31 |       0.13488 |   52.00/(  30 -  1) =   1.79 | F=-1.44(180)*10^-8
*|      c_Dt32_1-30 |       0.13379 |   52.43/(  30 -  1) =   1.81 | F=-1.27(178)*10^-8
*|      c_Dt32_3-29 |       0.13136 |   38.78/(  27 -  1) =   1.49 | F=-2.11(1885)*10^-9
*|      c_Dt32_4-30 |       0.13006 |   39.17/(  27 -  1) =   1.51 | F=-2.57(1918)*10^-9
*|      c_Dt32_3-28 |        0.1239 |   36.66/(  26 -  1) =   1.47 | F=-6.38(1908)*10^-9
*|      c_Dt32_6-31 |       0.12353 |   36.77/(  26 -  1) =   1.47 | F=-7.96(1916)*10^-9
*|      c_Dt32_2-30 |       0.12255 |   51.64/(  29 -  1) =   1.84 | F=-1.66(184)*10^-8
*|      c_Dt32_1-29 |        0.1214 |   52.13/(  29 -  1) =   1.86 | F=-1.12(181)*10^-8
*|      c_Dt32_5-30 |       0.12122 |   37.47/(  26 -  1) =   1.50 | F=-6.93(1947)*10^-9
*|      c_Dt32_4-29 |       0.11729 |   38.72/(  26 -  1) =   1.55 | F=-1.16(1930)*10^-9
*|      c_Dt32_1-28 |       0.11611 |   48.99/(  28 -  1) =   1.81 | F=-1.61(183)*10^-8
*|      c_Dt32_7-31 |       0.11152 |   36.15/(  25 -  1) =   1.51 | F=-1.15(197)*10^-8
