 |                     fit_name |       quality |   chisq/nDoF                 |
--------------------------------------------------------------------------------
*|      c2_Dt8_1-7xc2_Dt12_1-10 |         2.241 |   12.08/(  17 -  9) =   1.51 | F=3.31(462)*10^-3; Ff_Dt8=-1.59(500)*10^-3; Ef_Dt8=0.900(768); Fi_Dt8=-8.93(605)*10^-3; Ei_Dt8=0.900(590); Ff_Dt12=-4.56(303)*10^-2; Ef_Dt12=0.900(653); Fi_Dt12=-2.74(185)*10^-2; Ei_Dt12=0.211(137)
*|   csrc_Dt8_2-7xcsnk_Dt12_1-6 |       0.83684 |    6.30/(  12 -  5) =   0.90 | F=-1.41(146)*10^-2; Fi_Dt8=2.10(140)*10^-2; Ei_Dt8=3.38(657)*10^-2; Ff_Dt12=2.524(1282); Ef_Dt12=0.900(73)
*|    c2_Dt8_1-7xcsnk_Dt12_1-10 |       0.62151 |   14.29/(  17 -  7) =   1.43 | F=4.15(458)*10^-3; Ff_Dt8=-2.52(492)*10^-3; Ef_Dt8=0.900(767); Fi_Dt8=-7.31(582)*10^-3; Ei_Dt8=0.900(588); Ff_Dt12=-4.55(300)*10^-2; Ef_Dt12=0.900(671)
*|     c2_Dt8_1-7xcsnk_Dt12_1-9 |       0.43892 |   14.11/(  16 -  7) =   1.57 | F=4.42(462)*10^-3; Ff_Dt8=-2.72(494)*10^-3; Ef_Dt8=0.900(768); Fi_Dt8=-7.28(582)*10^-3; Ei_Dt8=0.900(586); Ff_Dt12=-7.31(711)*10^-2; Ef_Dt12=0.900(595)
e|      c2_Dt8_4-7xc2_Dt12_1-11 |       0.38152 |   11.48/(  15 -  9) =   1.91 | F=-6.79(1006)*10^-3; Ff_Dt8=3.62(544)*10^-3; Ef_Dt8=0.720(616); Fi_Dt8=3.41(311)*10^-2; Ei_Dt8=0.274(305); Ff_Dt12=1.49(137)*10^-2; Ef_Dt12=0.900(727); Fi_Dt12=-1.42(156)*10^-2; Ei_Dt12=0.900(867)
*|   csrc_Dt8_4-7xcsnk_Dt12_1-4 |       0.37029 |    0.84/(   8 -  5) =   0.28 | F=1.26(379)*10^-3; Fi_Dt8=0.134(92); Ei_Dt8=0.900(730); Ff_Dt12=-1.17(73)*10^1; Ef_Dt12=0.900(680)
*|      c2_Dt8_1-7xc2_Dt12_1-11 |       0.31102 |   16.07/(  18 -  9) =   1.79 | F=1.22(456)*10^-3; Ff_Dt8=-5.52(5055)*10^-4; Ef_Dt8=0.900(579); Fi_Dt8=-8.42(606)*10^-3; Ei_Dt8=0.900(681); Ff_Dt12=1.04(124)*10^-2; Ef_Dt12=0.900(672); Fi_Dt12=-2.79(185)*10^-2; Ei_Dt12=0.156(133)
*|       c_Dt8_2-7xc2_Dt12_1-10 |       0.27386 |   11.80/(  16 -  5) =   1.07 | F=1.95(356)*10^-3; Ff_Dt12=-4.21(299)*10^-2; Ef_Dt12=0.900(862); Fi_Dt12=-2.71(182)*10^-2; Ei_Dt12=0.221(148)
*|       c_Dt8_3-7xc2_Dt12_1-10 |       0.26745 |   11.39/(  15 -  5) =   1.14 | F=2.24(359)*10^-3; Ff_Dt12=-4.35(299)*10^-2; Ef_Dt12=0.900(864); Fi_Dt12=-2.83(183)*10^-2; Ei_Dt12=0.224(145)
*|        c_Dt8_2-7xc2_Dt12_1-7 |       0.24006 |    8.11/(  13 -  5) =   1.01 | F=2.57(364)*10^-3; Ff_Dt12=0.805(439); Ef_Dt12=0.900(768); Fi_Dt12=-2.63(186)*10^-2; Ei_Dt12=0.144(131)
*|        c_Dt8_3-7xc2_Dt12_1-7 |       0.23953 |    7.44/(  12 -  5) =   1.06 | F=3.00(368)*10^-3; Ff_Dt12=0.831(439); Ef_Dt12=0.900(768); Fi_Dt12=-2.77(187)*10^-2; Ei_Dt12=0.150(130)
*|        c_Dt8_2-6xc2_Dt12_1-7 |       0.23387 |    7.79/(  12 -  5) =   1.11 | F=1.42(416)*10^-3; Ff_Dt12=0.882(454); Ef_Dt12=0.900(768); Fi_Dt12=-2.77(188)*10^-2; Ei_Dt12=0.148(129)
*|       c_Dt8_2-6xc2_Dt12_1-10 |       0.23047 |   11.80/(  15 -  5) =   1.18 | F=1.92(408)*10^-3; Ff_Dt12=-4.20(300)*10^-2; Ef_Dt12=0.900(861); Fi_Dt12=-2.71(183)*10^-2; Ei_Dt12=0.221(148)
*|        c_Dt8_1-7xc2_Dt12_1-7 |       0.22378 |    9.67/(  14 -  5) =   1.07 | F=3.00(363)*10^-3; Ff_Dt12=0.915(442); Ef_Dt12=0.900(768); Fi_Dt12=-2.41(182)*10^-2; Ei_Dt12=0.104(109)
*|       c_Dt8_3-6xc2_Dt12_1-10 |         0.218 |   11.38/(  14 -  5) =   1.26 | F=2.46(416)*10^-3; Ff_Dt12=-4.38(301)*10^-2; Ef_Dt12=0.900(868); Fi_Dt12=-2.81(184)*10^-2; Ei_Dt12=0.223(146)
*|       c_Dt8_1-7xc2_Dt12_1-10 |       0.21695 |   14.32/(  17 -  5) =   1.19 | F=2.28(355)*10^-3; Ff_Dt12=-4.23(303)*10^-2; Ef_Dt12=0.900(877); Fi_Dt12=-2.35(182)*10^-2; Ei_Dt12=0.177(121)
*|        c_Dt8_3-6xc2_Dt12_1-7 |       0.21127 |    7.25/(  11 -  5) =   1.21 | F=2.07(425)*10^-3; Ff_Dt12=0.889(454); Ef_Dt12=0.900(768); Fi_Dt12=-2.86(188)*10^-2; Ei_Dt12=0.152(129)
*|     c2_Dt8_1-7xcsnk_Dt12_1-4 |       0.20679 |    6.17/(  11 -  7) =   1.54 | F=1.49(482)*10^-3; Ff_Dt8=2.26(535)*10^-3; Ef_Dt8=0.900(670); Fi_Dt8=-5.59(590)*10^-3; Ei_Dt8=0.900(755); Ff_Dt12=-8.043(7093); Ef_Dt12=0.900(502)
*|       c_Dt8_4-7xc2_Dt12_1-10 |        0.2061 |   10.38/(  14 -  5) =   1.15 | F=1.85(361)*10^-3; Ff_Dt12=-4.09(301)*10^-2; Ef_Dt12=0.900(893); Fi_Dt12=-2.75(183)*10^-2; Ei_Dt12=0.215(145)
*|   csrc_Dt8_2-7xcsnk_Dt12_1-5 |       0.19487 |    6.06/(  11 -  5) =   1.01 | F=-1.71(158)*10^-2; Fi_Dt8=2.31(150)*10^-2; Ei_Dt8=2.53(564)*10^-2; Ff_Dt12=3.869(3028); Ef_Dt12=0.900(149)
