 |                      fit_name |       quality |   chisq/nDoF                 |
---------------------------------------------------------------------------------
e|       csnk_Dt8_1-4xc_Dt12_1-5 |       0.34057 |    1.51/(   9 -  3) =   0.25 | F=4.76(465)*10^-3; Ff_Dt8=-0.118(62); Ef_Dt8=0.900(665)
*|    csnk_Dt8_1-4xcsnk_Dt12_1-6 |       0.33629 |    1.63/(  10 -  5) =   0.33 | F=4.35(482)*10^-3; Ff_Dt8=-0.112(63); Ef_Dt8=0.900(660); Ff_Dt12=0.965(850); Ef_Dt12=0.900(859)
*|   csnk_Dt8_1-4xcsnk_Dt12_1-10 |       0.30123 |    6.62/(  14 -  5) =   0.74 | F=7.65(418)*10^-3; Ff_Dt8=-0.140(60); Ef_Dt8=0.900(658); Ff_Dt12=2.32(199)*10^-2; Ef_Dt12=0.900(812)
*|       csnk_Dt8_1-4xc_Dt12_1-4 |        0.2702 |    1.42/(   8 -  3) =   0.28 | F=4.50(472)*10^-3; Ff_Dt8=-0.117(62); Ef_Dt8=0.900(659)
*|       csnk_Dt8_1-4xc_Dt12_1-9 |       0.26168 |    6.03/(  13 -  3) =   0.60 | F=7.82(409)*10^-3; Ff_Dt8=-0.145(60); Ef_Dt8=0.900(661)
*|       csnk_Dt8_1-4xc_Dt12_2-5 |       0.25241 |    1.51/(   8 -  3) =   0.30 | F=4.75(465)*10^-3; Ff_Dt8=-0.118(62); Ef_Dt8=0.900(667)
*|       csnk_Dt8_1-4xc_Dt12_1-6 |       0.24725 |    2.92/(  10 -  3) =   0.42 | F=6.75(434)*10^-3; Ff_Dt8=-0.127(61); Ef_Dt8=0.900(666)
*|      csnk_Dt8_1-4xc_Dt12_1-11 |       0.23078 |    8.71/(  15 -  3) =   0.73 | F=7.92(377)*10^-3; Ff_Dt8=-0.137(60); Ef_Dt8=0.900(685)
*|       csnk_Dt8_1-4xc_Dt12_1-8 |        0.2255 |    5.71/(  12 -  3) =   0.63 | F=8.09(412)*10^-3; Ff_Dt8=-0.146(60); Ef_Dt8=0.900(680)
*|      csnk_Dt8_1-4xc_Dt12_1-10 |       0.21622 |    7.98/(  14 -  3) =   0.73 | F=9.05(400)*10^-3; Ff_Dt8=-0.141(60); Ef_Dt8=0.900(700)
*|       csnk_Dt8_1-4xc_Dt12_2-9 |       0.21563 |    5.96/(  12 -  3) =   0.66 | F=7.77(410)*10^-3; Ff_Dt8=-0.144(60); Ef_Dt8=0.900(671)
*|    csnk_Dt8_1-4xcsnk_Dt12_1-4 |        0.2126 |    1.32/(   8 -  5) =   0.44 | F=4.96(475)*10^-3; Ff_Dt8=-0.127(63); Ef_Dt8=0.900(586); Ff_Dt12=-1.485(1759); Ef_Dt12=0.900(768)
*|      csnk_Dt8_1-4xc_Dt12_2-11 |       0.19613 |    8.69/(  14 -  3) =   0.79 | F=7.88(378)*10^-3; Ff_Dt8=-0.137(60); Ef_Dt8=0.900(690)
*|       csnk_Dt8_1-4xc_Dt12_2-6 |       0.19112 |    2.90/(   9 -  3) =   0.48 | F=6.73(434)*10^-3; Ff_Dt8=-0.127(61); Ef_Dt8=0.900(669)
*|      csnk_Dt8_1-4xc_Dt12_3-11 |       0.18188 |    8.50/(  13 -  3) =   0.85 | F=7.90(378)*10^-3; Ff_Dt8=-0.140(60); Ef_Dt8=0.900(651)
*|      csnk_Dt8_1-4xc_Dt12_2-10 |        0.1818 |    7.93/(  13 -  3) =   0.79 | F=9.01(400)*10^-3; Ff_Dt8=-0.141(60); Ef_Dt8=0.900(705)
*|       csnk_Dt8_1-4xc_Dt12_0-3 |       0.18177 |    1.39/(   7 -  3) =   0.35 | F=4.68(490)*10^-3; Ff_Dt8=-0.122(68); Ef_Dt8=0.900(653)
*|      csnk_Dt8_1-4xc_Dt12_3-10 |       0.16338 |    7.80/(  12 -  3) =   0.87 | F=8.98(400)*10^-3; Ff_Dt8=-0.143(60); Ef_Dt8=0.900(669)
*|         c_Dt8_3-7xc2_Dt12_1-6 |       0.13043 |    2.42/(  11 -  5) =   0.40 | F=-3.79(2511)*10^-4; Ff_Dt12=1.290(817); Ef_Dt12=0.900(506); Fi_Dt12=-1.37(165)*10^-2; Ei_Dt12=0.176(213)
*|      csnk_Dt8_1-7xc_Dt12_1-11 |       0.11547 |   12.19/(  18 -  3) =   0.81 | F=7.60(524)*10^-3; Ff_Dt8=-8.98(534)*10^-3; Ef_Dt8=0.163(194)
