 |                   fit_name |       quality |   chisq/nDoF                 |
------------------------------------------------------------------------------
e|   csnk_Dt24_5-24_Dt32_3-24 |       0.75362 |   41.13/(  36 -  5) =   1.33 | F=-1.68(53)*10^-2; Ff_Dt24=3.78(2832)*10^1; Ef_Dt24=9.421(7062); Ff_Dt32=3.78(2832)*10^1; Ef_Dt32=9.421(7062)
*|   csnk_Dt24_5-24_Dt32_3-23 |       0.71949 |   41.70/(  35 -  5) =   1.39 | F=-1.74(62)*10^-2; Ff_Dt24=3.37(3119)*10^1; Ef_Dt24=9.368(8631); Ff_Dt32=3.37(3120)*10^1; Ef_Dt32=9.368(8632)
*|      c_Dt24_5-24_Dt32_3-23 |       0.71577 |   47.50/(  35 -  1) =   1.40 | F=-2.07(60)*10^-2
*|   csnk_Dt24_5-24_Dt32_3-25 |       0.68831 |   45.04/(  36 -  5) =   1.45 | F=-1.30(49)*10^-2; Ff_Dt24=5.71(3474)*10^1; Ef_Dt24=9.657(5633); Ff_Dt32=5.71(3474)*10^1; Ef_Dt32=9.657(5633)
*|     c2_Dt24_5-24_Dt32_1-24 |       0.68817 |   40.69/(  37 -  9) =   1.45 | F=-1.39(56)*10^-2; Ff_Dt24=5.53(4501)*10^1; Ef_Dt24=9.783(6986); Fi_Dt24=-0.926(435); Ei_Dt24=1.517(190); Ff_Dt32=5.87(3968)*10^1; Ef_Dt32=9.660(5931); Fi_Dt32=3.34(156)*10^2; Ei_Dt32=4.668(238)
*|     c2_Dt24_5-24_Dt32_2-25 |        0.6835 |   40.97/(  37 -  9) =   1.46 | F=-8.36(557)*10^-3; Ff_Dt24=4.47(2369)*10^1; Ef_Dt24=9.312(4804); Fi_Dt24=-0.729(955); Ei_Dt24=1.246(387); Ff_Dt32=4.47(2368)*10^1; Ef_Dt32=9.312(4803); Fi_Dt32=6.11(2264)*10^3; Ei_Dt32=4.778(1230)
*|      c_Dt24_5-24_Dt32_3-24 |       0.68279 |   51.26/(  36 -  1) =   1.46 | F=-1.50(53)*10^-2
*|     c2_Dt24_5-24_Dt32_1-25 |       0.67393 |   43.03/(  38 -  9) =   1.48 | F=-6.41(573)*10^-3; Ff_Dt24=4.19(2805)*10^1; Ef_Dt24=9.502(5853); Fi_Dt24=-0.220(126); Ei_Dt24=0.920(285); Ff_Dt32=6.21(2467)*10^1; Ef_Dt32=9.380(3658); Fi_Dt32=2.31(201)*10^2; Ei_Dt32=4.881(439)
*|     c2_Dt24_5-24_Dt32_2-24 |       0.66832 |   40.40/(  36 -  9) =   1.50 | F=-1.30(65)*10^-2; Ff_Dt24=4.55(20)*10^1; Ef_Dt24=9.498(1421); Fi_Dt24=-0.669(1090); Ei_Dt24=1.403(653); Ff_Dt32=4.55(20)*10^1; Ef_Dt32=9.498(1421); Fi_Dt32=-4.00(0)*10^4; Ei_Dt32=7.780(1986)
*|     c2_Dt24_5-24_Dt32_3-24 |       0.66452 |   40.63/(  36 -  9) =   1.50 | F=-1.66(53)*10^-2; Ff_Dt24=3.78(236)*10^1; Ef_Dt24=9.421(675); Fi_Dt24=-1.676(2059); Ei_Dt24=1.774(341); Ff_Dt32=3.78(236)*10^1; Ef_Dt32=9.421(675); Fi_Dt32=5.30(3527)*10^2; Ei_Dt32=3.695(1605)
*|      c_Dt24_5-24_Dt32_4-24 |       0.66139 |   51.41/(  35 -  1) =   1.51 | F=-1.72(64)*10^-2
*|   csrc_Dt24_5-24_Dt32_1-23 |       0.65855 |   47.07/(  36 -  5) =   1.52 | F=-1.91(61)*10^-2; Fi_Dt24=-1.676(2758); Ei_Dt24=1.774(600); Fi_Dt32=5.30(2063)*10^2; Ei_Dt32=4.799(2047)
*|     c2_Dt24_5-24_Dt32_3-25 |       0.64905 |   41.60/(  36 -  9) =   1.54 | F=-7.15(618)*10^-3; Ff_Dt24=4.05(207)*10^1; Ef_Dt24=9.206(819); Fi_Dt24=-0.642(2608); Ei_Dt24=1.204(1097); Ff_Dt32=4.05(207)*10^1; Ef_Dt32=9.206(819); Fi_Dt32=5.30(1)*10^2; Ei_Dt32=1.63(193)*10^1
*|   csnk_Dt24_5-24_Dt32_3-26 |        0.6464 |   47.96/(  36 -  5) =   1.55 | F=-2.41(53)*10^-2; Ff_Dt24=2.25(1689)*10^1; Ef_Dt24=8.937(6986); Ff_Dt32=2.25(1689)*10^1; Ef_Dt32=8.937(6987)
*|   csrc_Dt24_5-24_Dt32_2-23 |       0.63736 |   47.07/(  35 -  5) =   1.57 | F=-1.90(62)*10^-2; Fi_Dt24=-1.065(2000); Ei_Dt24=4.523(1962); Fi_Dt32=-1.356(1726); Ei_Dt32=1.713(486)
*|   csrc_Dt24_5-24_Dt32_3-23 |       0.63375 |   47.34/(  35 -  5) =   1.58 | F=-1.90(76)*10^-2; Fi_Dt24=-2.58(11329)*10^-2; Ei_Dt24=0.880(3241); Fi_Dt32=-2.71(11336)*10^-2; Ei_Dt32=0.883(3163)
*|     c2_Dt24_5-24_Dt32_1-26 |       0.60448 |   47.98/(  38 -  9) =   1.65 | F=-2.02(54)*10^-2; Ff_Dt24=4.18(2313)*10^1; Ef_Dt24=9.328(5205); Fi_Dt24=-1.187(362); Ei_Dt24=1.561(127); Ff_Dt32=4.03(2421)*10^1; Ef_Dt32=9.376(5638); Fi_Dt32=4.38(126)*10^2; Ei_Dt32=4.712(147)
*|      c_Dt24_5-24_Dt32_3-26 |       0.60383 |   57.96/(  36 -  1) =   1.66 | F=-2.15(52)*10^-2
*|     c2_Dt24_5-24_Dt32_0-26 |       0.59823 |   50.15/(  39 -  9) =   1.67 | F=2.83(380)*10^-2; Ff_Dt24=-0.111(36); Ef_Dt24=0.185(76); Fi_Dt24=-7.03(359)*10^-2; Ei_Dt24=0.119(74); Ff_Dt32=6.39(2933)*10^1; Ef_Dt32=8.330(4583); Fi_Dt32=-4.03(4073)*10^4; Ei_Dt32=1.78(101)*10^1
*|     c2_Dt24_5-24_Dt32_2-26 |       0.59495 |   47.06/(  37 -  9) =   1.68 | F=-2.07(58)*10^-2; Ff_Dt24=5.62(3960)*10^1; Ef_Dt24=9.704(6213); Fi_Dt24=-5.423(6272); Ei_Dt24=1.927(332); Ff_Dt32=5.56(4043)*10^1; Ef_Dt32=9.725(6391); Fi_Dt32=3.05(771)*10^4; Ei_Dt32=5.172(832)
*|      c_Dt24_5-24_Dt32_5-25 |       0.58815 |   57.81/(  35 -  1) =   1.70 | F=1.94(562)*10^-3
*|     c2_Dt24_5-24_Dt32_3-26 |       0.58483 |   46.17/(  36 -  9) =   1.71 | F=-2.06(59)*10^-2; Ff_Dt24=3.92(20)*10^1; Ef_Dt24=9.455(1501); Fi_Dt24=-6.298(1994); Ei_Dt24=1.933(215); Ff_Dt32=4.37(20)*10^1; Ef_Dt32=9.429(1324); Fi_Dt32=1.26(0)*10^3; Ei_Dt32=8.319(1988)
*|   csnk_Dt24_5-24_Dt32_3-27 |       0.58267 |   54.92/(  37 -  5) =   1.72 | F=-3.08(46)*10^-2; Ff_Dt24=2.61(1972)*10^1; Ef_Dt24=9.062(6794); Ff_Dt32=2.61(1972)*10^1; Ef_Dt32=9.062(6794)
*|      c_Dt24_5-24_Dt32_3-25 |       0.57315 |   61.07/(  36 -  1) =   1.74 | F=-7.52(472)*10^-3
*|     c2_Dt24_5-24_Dt32_1-30 |       0.55993 |   57.15/(  41 -  9) =   1.79 | F=-2.47(51)*10^-2; Ff_Dt24=3.19(1886)*10^1; Ef_Dt24=9.151(5262); Fi_Dt24=-0.354(145); Ei_Dt24=1.060(195); Ff_Dt32=3.19(1886)*10^1; Ef_Dt32=9.151(5263); Fi_Dt32=3.65(154)*10^2; Ei_Dt32=4.874(213)
*|      c_Dt24_5-24_Dt32_3-27 |       0.55048 |   65.40/(  37 -  1) =   1.82 | F=-2.84(45)*10^-2
*|   csnk_Dt24_5-24_Dt32_3-30 |       0.54972 |   61.85/(  39 -  5) =   1.82 | F=-3.21(45)*10^-2; Ff_Dt24=3.40(3033)*10^1; Ef_Dt24=9.454(7655); Ff_Dt32=3.40(3034)*10^1; Ef_Dt32=9.454(7656)
*|     c2_Dt24_5-24_Dt32_1-31 |       0.54801 |   58.39/(  41 -  9) =   1.82 | F=-1.92(46)*10^-2; Ff_Dt24=8.67(6378)*10^1; Ef_Dt24=1.01(64)*10^1; Fi_Dt24=-0.255(106); Ei_Dt24=0.865(207); Ff_Dt32=8.67(6379)*10^1; Ef_Dt32=1.01(64)*10^1; Fi_Dt32=3.29(177)*10^2; Ei_Dt32=4.874(273)
*|     c2_Dt24_5-24_Dt32_2-27 |       0.54781 |   52.94/(  38 -  9) =   1.83 | F=-2.51(58)*10^-2; Ff_Dt24=5.54(3815)*10^1; Ef_Dt24=9.666(5965); Fi_Dt24=-0.515(888); Ei_Dt24=1.205(509); Ff_Dt32=5.52(3848)*10^1; Ef_Dt32=9.674(6036); Fi_Dt32=2.26(4628)*10^2; Ei_Dt32=4.298(5060)
*|     c2_Dt24_5-24_Dt32_1-27 |       0.54592 |   54.95/(  39 -  9) =   1.83 | F=-2.37(47)*10^-2; Ff_Dt24=4.94(2510)*10^1; Ef_Dt24=9.454(4647); Fi_Dt24=-0.536(207); Ei_Dt24=1.257(172); Ff_Dt32=4.94(2510)*10^1; Ef_Dt32=9.454(4647); Fi_Dt32=4.16(151)*10^2; Ei_Dt32=4.852(184)
*|      c_Dt24_5-24_Dt32_9-30 |       0.54448 |   62.44/(  35 -  1) =   1.84 | F=-1.75(54)*10^-2
*|      c_Dt24_5-24_Dt32_3-30 |       0.54434 |   69.81/(  39 -  1) =   1.84 | F=-3.01(45)*10^-2
*|     c2_Dt24_5-24_Dt32_2-31 |       0.54381 |   58.84/(  41 -  9) =   1.84 | F=-1.93(48)*10^-2; Ff_Dt24=4.30(2991)*10^1; Ef_Dt24=9.468(6124); Fi_Dt24=-0.328(385); Ei_Dt24=0.917(365); Ff_Dt32=4.30(2991)*10^1; Ef_Dt32=9.468(6124); Fi_Dt32=2.32(1846)*10^4; Ei_Dt32=5.586(2553)
*|   csrc_Dt24_5-24_Dt32_0-23 |       0.54315 |   58.92/(  37 -  5) =   1.84 | F=-8.86(1281)*10^-3; Fi_Dt24=-1.53(710)*10^-2; Ei_Dt24=0.237(362); Fi_Dt32=-1.53(710)*10^-2; Ei_Dt32=0.237(362)
*|      c_Dt24_5-24_Dt32_8-30 |        0.5402 |   64.79/(  36 -  1) =   1.85 | F=-1.63(52)*10^-2
*|      c_Dt24_5-24_Dt32_6-30 |       0.53789 |   66.93/(  37 -  1) =   1.86 | F=-1.83(53)*10^-2
*|     c2_Dt24_5-24_Dt32_3-27 |       0.53697 |   52.14/(  37 -  9) =   1.86 | F=-2.53(60)*10^-2; Ff_Dt24=4.05(20)*10^1; Ef_Dt24=9.384(1422); Fi_Dt24=-0.576(1353); Ei_Dt24=1.207(686); Ff_Dt32=4.05(20)*10^1; Ef_Dt32=9.384(1422); Fi_Dt32=5.30(2)*10^2; Ei_Dt32=7.335(1985)
*|      c_Dt24_5-24_Dt32_1-23 |       0.53488 |   65.44/(  36 -  1) =   1.87 | F=-2.52(54)*10^-2
*|     c2_Dt24_5-24_Dt32_2-30 |       0.53352 |   58.10/(  40 -  9) =   1.87 | F=-2.59(57)*10^-2; Ff_Dt24=4.10(3224)*10^1; Ef_Dt24=9.499(6808); Fi_Dt24=-0.619(806); Ei_Dt24=1.190(390); Ff_Dt32=4.10(3224)*10^1; Ef_Dt32=9.499(6808); Fi_Dt32=1.53(768)*10^4; Ei_Dt32=5.231(1643)
*|     c2_Dt24_5-24_Dt32_1-29 |       0.53235 |   58.23/(  40 -  9) =   1.88 | F=-2.47(53)*10^-2; Ff_Dt24=4.20(2460)*10^1; Ef_Dt24=9.413(5309); Fi_Dt24=-0.332(140); Ei_Dt24=1.035(203); Ff_Dt32=4.20(2460)*10^1; Ef_Dt32=9.413(5309); Fi_Dt32=3.50(152)*10^2; Ei_Dt32=4.868(219)
*|     c_Dt24_5-24_Dt32_10-31 |       0.53189 |   63.92/(  35 -  1) =   1.88 | F=-1.07(43)*10^-2
*|      c_Dt24_5-24_Dt32_5-30 |       0.53128 |   67.76/(  37 -  1) =   1.88 | F=-2.16(52)*10^-2
*|     c2_Dt24_5-24_Dt32_3-31 |       0.53095 |   58.39/(  40 -  9) =   1.88 | F=-1.93(52)*10^-2; Ff_Dt24=4.34(2546)*10^1; Ef_Dt24=9.488(5716); Fi_Dt24=-0.686(1518); Ei_Dt24=1.030(455); Ff_Dt32=4.35(2547)*10^1; Ef_Dt32=9.485(5713); Fi_Dt32=1.279(13523); Ei_Dt32=1.575(2306)
*|      c_Dt24_5-24_Dt32_8-29 |       0.52857 |   64.32/(  35 -  1) =   1.89 | F=-1.84(54)*10^-2
*|     c2_Dt24_5-24_Dt32_0-24 |       0.52494 |   55.24/(  38 -  9) =   1.90 | F=-1.33(45)*10^-2; Ff_Dt24=-1.77(0)*10^3; Ef_Dt24=2.18(4843)*10^1; Fi_Dt24=-4.57(45)*10^-2; Ei_Dt24=0.813(383); Ff_Dt32=2.237(612); Ef_Dt32=5.741(275); Fi_Dt32=0.643(113); Ei_Dt32=4.762(179)
*|      c_Dt24_5-24_Dt32_6-27 |       0.52481 |   64.79/(  35 -  1) =   1.91 | F=-1.89(55)*10^-2
*|      c_Dt24_5-24_Dt32_2-23 |        0.5241 |   64.87/(  35 -  1) =   1.91 | F=-2.39(60)*10^-2
*|   csnk_Dt24_5-24_Dt32_3-31 |       0.52146 |   67.12/(  40 -  5) =   1.92 | F=-2.55(38)*10^-2; Ff_Dt24=7.299(53469); Ef_Dt24=7.808(6488); Ff_Dt32=7.299(53467); Ef_Dt32=7.808(6488)
*|      c_Dt24_5-24_Dt32_8-31 |        0.5207 |   69.14/(  37 -  1) =   1.92 | F=-9.21(423)*10^-3
*|      c_Dt24_5-24_Dt32_0-23 |       0.52066 |   69.14/(  37 -  1) =   1.92 | F=-3.09(47)*10^-2
*|      c_Dt24_5-24_Dt32_7-31 |       0.52059 |   69.15/(  37 -  1) =   1.92 | F=-8.79(427)*10^-3
*|     c2_Dt24_5-24_Dt32_3-30 |       0.52021 |   57.67/(  39 -  9) =   1.92 | F=-2.53(57)*10^-2; Ff_Dt24=6.35(4482)*10^1; Ef_Dt24=9.952(6329); Fi_Dt24=-1.55(153)*10^1; Ei_Dt24=1.646(221); Ff_Dt32=6.35(4482)*10^1; Ef_Dt32=9.952(6329); Fi_Dt32=5.09(579)*10^1; Ei_Dt32=2.031(331)
*|   csnk_Dt24_5-24_Dt32_3-29 |        0.5201 |   63.45/(  38 -  5) =   1.92 | F=-3.23(47)*10^-2; Ff_Dt24=2.76(2488)*10^1; Ef_Dt24=9.245(7725); Ff_Dt32=2.76(2488)*10^1; Ef_Dt32=9.245(7725)
*|      c_Dt24_5-24_Dt32_6-29 |       0.51962 |   67.36/(  36 -  1) =   1.92 | F=-2.05(55)*10^-2
*|      c_Dt24_5-24_Dt32_3-29 |       0.51925 |   71.26/(  38 -  1) =   1.93 | F=-3.08(47)*10^-2
*|      c_Dt24_5-24_Dt32_4-30 |       0.51634 |   71.66/(  38 -  1) =   1.94 | F=-2.49(50)*10^-2
*|      c_Dt24_5-24_Dt32_9-31 |       0.51609 |   67.82/(  36 -  1) =   1.94 | F=-9.22(427)*10^-3
*|      c_Dt24_5-24_Dt32_4-25 |       0.51245 |   66.35/(  35 -  1) =   1.95 | F=-3.81(531)*10^-3
*|      c_Dt24_5-24_Dt32_5-29 |       0.51231 |   68.32/(  36 -  1) =   1.95 | F=-2.31(54)*10^-2
*|      c_Dt24_5-24_Dt32_5-31 |       0.51122 |   72.38/(  38 -  1) =   1.96 | F=-1.40(42)*10^-2
*|      c_Dt24_5-24_Dt32_7-30 |       0.50948 |   70.66/(  37 -  1) =   1.96 | F=-1.39(51)*10^-2
*|     c2_Dt24_5-24_Dt32_2-29 |        0.5062 |   59.27/(  39 -  9) =   1.98 | F=-2.56(59)*10^-2; Ff_Dt24=4.04(3148)*10^1; Ef_Dt24=9.455(6659); Fi_Dt24=-0.666(903); Ei_Dt24=1.202(402); Ff_Dt32=4.04(3148)*10^1; Ef_Dt32=9.455(6659); Fi_Dt32=8.55(3730)*10^3; Ei_Dt32=4.958(1441)
*|      c_Dt24_5-24_Dt32_3-31 |       0.50535 |   77.17/(  40 -  1) =   1.98 | F=-2.20(36)*10^-2
*|      c_Dt24_5-24_Dt32_4-31 |       0.50348 |   75.47/(  39 -  1) =   1.99 | F=-1.72(38)*10^-2
*|      c_Dt24_5-24_Dt32_6-31 |       0.50042 |   71.94/(  37 -  1) =   2.00 | F=-1.08(45)*10^-2
 |      c_Dt24_5-24_Dt32_4-29 |       0.49847 |   72.22/(  37 -  1) =   2.01 | F=-2.60(52)*10^-2
 |      c_Dt24_5-24_Dt32_0-22 |       0.49167 |   73.22/(  37 -  1) =   2.03 | F=-3.18(47)*10^-2
 |     c2_Dt24_5-24_Dt32_3-29 |       0.48964 |   59.23/(  38 -  9) =   2.04 | F=-2.54(55)*10^-2; Ff_Dt24=3.79(212)*10^1; Ef_Dt24=9.421(560); Fi_Dt24=-1.614(394); Ei_Dt24=1.341(67); Ff_Dt32=3.79(212)*10^1; Ef_Dt32=9.421(560); Fi_Dt32=8.82(1149)*10^2; Ei_Dt32=3.309(395)
 |      c_Dt24_5-24_Dt32_0-21 |       0.48758 |   71.78/(  36 -  1) =   2.05 | F=-3.45(51)*10^-2
 |      c_Dt24_5-24_Dt32_7-29 |       0.48472 |   72.21/(  36 -  1) =   2.06 | F=-1.59(53)*10^-2
 |      c_Dt24_5-24_Dt32_1-22 |       0.47828 |   73.18/(  36 -  1) =   2.09 | F=-2.87(55)*10^-2
 |      c_Dt24_5-24_Dt32_1-21 |       0.47756 |   71.20/(  35 -  1) =   2.09 | F=-3.22(59)*10^-2
 |      c_Dt24_5-24_Dt32_0-20 |       0.47735 |   71.23/(  35 -  1) =   2.09 | F=-3.32(54)*10^-2
 |     c_Dt24_5-24_Dt32_10-32 |       0.47418 |   73.81/(  36 -  1) =   2.11 | F=-1.06(43)*10^-2
 |      c_Dt24_5-24_Dt32_7-32 |       0.47089 |   78.57/(  38 -  1) =   2.12 | F=-1.02(42)*10^-2
 |      c_Dt24_5-24_Dt32_8-32 |       0.46871 |   76.81/(  37 -  1) =   2.13 | F=-1.09(42)*10^-2
 |      c_Dt24_5-24_Dt32_2-22 |       0.46809 |   72.64/(  35 -  1) =   2.14 | F=-2.86(62)*10^-2
 |      c_Dt24_5-24_Dt32_5-26 |       0.46791 |   72.66/(  35 -  1) =   2.14 | F=-1.23(58)*10^-2
 |      c_Dt24_5-24_Dt32_3-32 |       0.46539 |   83.80/(  40 -  1) =   2.15 | F=-2.13(41)*10^-2
 |      c_Dt24_5-24_Dt32_4-32 |       0.46514 |   83.85/(  40 -  1) =   2.15 | F=-1.68(38)*10^-2
 |      c_Dt24_5-24_Dt32_9-32 |        0.4651 |   75.25/(  36 -  1) =   2.15 | F=-9.79(431)*10^-3
 |      c_Dt24_5-24_Dt32_1-24 |       0.46342 |   77.68/(  37 -  1) =   2.16 | F=-1.95(51)*10^-2
 |      c_Dt24_5-24_Dt32_2-24 |       0.46316 |   75.57/(  36 -  1) =   2.16 | F=-1.66(54)*10^-2
 |      c_Dt24_5-24_Dt32_5-32 |       0.46144 |   82.35/(  39 -  1) =   2.17 | F=-1.48(42)*10^-2
 |     c_Dt24_5-24_Dt32_11-32 |       0.46144 |   73.68/(  35 -  1) =   2.17 | F=-1.04(43)*10^-2
 |      c_Dt24_5-24_Dt32_7-27 |       0.44741 |   75.99/(  35 -  1) =   2.24 | F=-1.37(53)*10^-2
 |      c_Dt24_5-24_Dt32_6-32 |       0.43961 |   84.17/(  38 -  1) =   2.27 | F=-1.40(44)*10^-2
 |      c_Dt24_5-24_Dt32_0-24 |       0.43949 |   84.19/(  38 -  1) =   2.28 | F=-2.59(45)*10^-2
 |      c_Dt24_5-24_Dt32_2-25 |       0.43706 |   82.37/(  37 -  1) =   2.29 | F=-1.03(44)*10^-2
 |      c_Dt24_5-24_Dt32_6-26 |       0.43051 |   78.98/(  35 -  1) =   2.32 | F=-2.98(530)*10^-3
 |     c2_Dt24_5-24_Dt32_3-32 |       0.43018 |   72.06/(  40 -  9) =   2.32 | F=3.993(46); Ff_Dt24=-6.17(15)*10^3; Ef_Dt24=8.974(25); Fi_Dt24=-4.027(46); Ei_Dt24=4.08(190)*10^-4; Ff_Dt32=2.86(7)*10^2; Ef_Dt32=5.896(25); Fi_Dt32=-0.658(2288); Ei_Dt32=1.309(977)
 |   csnk_Dt24_5-24_Dt32_3-32 |       0.42665 |   82.04/(  40 -  5) =   2.34 | F=-2.39(48)*10^-2; Ff_Dt24=6.02(11468)*10^-3; Ef_Dt24=0.525(923); Ff_Dt32=6.02(11468)*10^-3; Ef_Dt32=0.525(923)
 |      c_Dt24_5-24_Dt32_4-26 |       0.42297 |   82.75/(  36 -  1) =   2.36 | F=-1.44(56)*10^-2
 |     c2_Dt24_5-24_Dt32_0-30 |       0.41766 |   76.62/(  41 -  9) =   2.39 | F=-2.23(26)*10^-2; Ff_Dt24=7.889(1474); Ef_Dt24=7.063(187); Fi_Dt24=-1.43(0)*10^1; Ei_Dt24=0.639(0); Ff_Dt32=-7.66(-2147483648)*10^3; Ef_Dt32=4.64(58636200)*10^1; Fi_Dt32=1.42(0)*10^1; Ei_Dt32=0.641(0)
 |      c_Dt24_5-24_Dt32_5-27 |       0.41315 |   84.71/(  36 -  1) =   2.42 | F=-1.60(52)*10^-2
 |     c2_Dt24_5-24_Dt32_2-32 |       0.41087 |   77.88/(  41 -  9) =   2.43 | F=-1.76(54)*10^-2; Ff_Dt24=9.207(1997); Ef_Dt24=9.644(1679); Fi_Dt24=-0.293(209); Ei_Dt24=0.899(345); Ff_Dt32=9.206(1997); Ef_Dt32=9.644(1679); Fi_Dt32=2.02(0)*10^4; Ei_Dt32=8.493(1987)
 |     c2_Dt24_5-24_Dt32_1-32 |       0.40591 |   78.83/(  41 -  9) =   2.46 | F=-1.74(42)*10^-2; Ff_Dt24=5.714(27921); Ef_Dt24=9.686(10527); Fi_Dt24=-2.154(44); Ei_Dt24=1.733(12); Ff_Dt32=2.39(263)*10^1; Ef_Dt32=9.626(1226); Fi_Dt32=7.51(16)*10^2; Ei_Dt32=4.813(11)
 |      c_Dt24_5-24_Dt32_2-26 |       0.38888 |   92.57/(  37 -  1) =   2.57 | F=-2.46(52)*10^-2
 |      c_Dt24_5-24_Dt32_4-27 |       0.38649 |   93.15/(  37 -  1) =   2.59 | F=-1.93(50)*10^-2
 |      c_Dt24_5-24_Dt32_1-25 |       0.38599 |   95.86/(  38 -  1) =   2.59 | F=-9.68(429)*10^-3
 |     c2_Dt24_5-24_Dt32_0-32 |        0.3821 |   86.37/(  42 -  9) =   2.62 | F=-1.08(93)*10^-2; Ff_Dt24=3.57(623)*10^-2; Ef_Dt24=1.651(2118); Fi_Dt24=-1.26(12)*10^1; Ei_Dt24=0.609(103); Ff_Dt32=7.63(669)*10^7; Ef_Dt32=1.14(224)*10^5; Fi_Dt32=1.26(12)*10^1; Ei_Dt32=0.613(104)
 |      c_Dt24_5-24_Dt32_1-26 |       0.38183 |   96.90/(  38 -  1) =   2.62 | F=-2.32(51)*10^-2
 |      c_Dt24_5-24_Dt32_2-30 |       0.38128 |  102.29/(  40 -  1) =   2.62 | F=-3.27(44)*10^-2
 |      c_Dt24_5-24_Dt32_2-27 |       0.37876 |   97.69/(  38 -  1) =   2.64 | F=-2.83(44)*10^-2
 |      c_Dt24_5-24_Dt32_2-29 |       0.37746 |  100.67/(  39 -  1) =   2.65 | F=-3.11(46)*10^-2
 |      c_Dt24_5-24_Dt32_1-29 |       0.37289 |  104.59/(  40 -  1) =   2.68 | F=-2.73(41)*10^-2
 |      c_Dt24_5-24_Dt32_1-30 |       0.37287 |  107.28/(  41 -  1) =   2.68 | F=-2.85(40)*10^-2
 |      c_Dt24_5-24_Dt32_1-27 |       0.36492 |  104.13/(  39 -  1) =   2.74 | F=-2.35(40)*10^-2
 |     c2_Dt24_5-24_Dt32_0-27 |        0.3488 |   88.88/(  40 -  9) =   2.87 | F=-2.83(35)*10^-2; Ff_Dt24=-8.58(1)*10^2; Ef_Dt24=2.59(4125)*10^1; Fi_Dt24=-4.65(40)*10^-2; Ei_Dt24=0.767(454); Ff_Dt32=2.09(94)*10^-2; Ef_Dt32=0.565(227); Fi_Dt32=0.572(103); Ei_Dt32=4.787(184)
 |      c_Dt24_5-24_Dt32_1-32 |       0.33233 |  120.36/(  41 -  1) =   3.01 | F=-2.72(42)*10^-2
 |      c_Dt24_5-24_Dt32_2-31 |       0.33194 |  120.50/(  41 -  1) =   3.01 | F=-2.15(36)*10^-2
 |      c_Dt24_5-24_Dt32_1-31 |       0.33191 |  120.51/(  41 -  1) =   3.01 | F=-2.16(38)*10^-2
 |     c2_Dt24_5-24_Dt32_0-31 |       0.31425 |  105.01/(  42 -  9) =   3.18 | F=-2.39(35)*10^-2; Ff_Dt24=-9.629(525960554); Ef_Dt24=1.69(109197)*10^1; Fi_Dt24=-5.137(2063); Ei_Dt24=7.065(401); Ff_Dt32=9.53(1230)*10^3; Ef_Dt32=1.40(13)*10^1; Fi_Dt32=8.68(39767)*10^1; Ei_Dt32=1.46(202)*10^1
 |      c_Dt24_5-24_Dt32_0-30 |       0.30719 |  130.21/(  41 -  1) =   3.26 | F=-4.43(44)*10^-2
 |      c_Dt24_5-24_Dt32_0-26 |       0.30625 |  124.08/(  39 -  1) =   3.27 | F=-3.49(45)*10^-2
 |      c_Dt24_5-24_Dt32_2-32 |       0.30431 |  131.44/(  41 -  1) =   3.29 | F=-2.46(41)*10^-2
 |      c_Dt24_5-24_Dt32_0-25 |       0.30382 |  125.08/(  39 -  1) =   3.29 | F=-1.67(41)*10^-2
 |      c_Dt24_5-24_Dt32_0-29 |       0.29589 |  135.19/(  41 -  1) =   3.38 | F=-3.77(34)*10^-2
 |      c_Dt24_5-24_Dt32_0-27 |       0.29251 |  133.33/(  40 -  1) =   3.42 | F=-3.22(35)*10^-2
 |      c_Dt24_5-24_Dt32_0-32 |       0.28762 |  142.55/(  42 -  1) =   3.48 | F=-3.28(34)*10^-2
 |      c_Dt24_5-24_Dt32_0-31 |       0.27266 |  150.37/(  42 -  1) =   3.67 | F=-3.14(34)*10^-2
 |     c2_Dt24_5-24_Dt32_0-29 |      0.084141 |  380.31/(  41 -  9) =  11.88 | F=-3.87(34)*10^-2; Ff_Dt24=8.72(1)*10^2; Ef_Dt24=5.842(1); Fi_Dt24=-0.183(4); Ei_Dt24=0.788(90); Ff_Dt32=-2.14(0)*10^2; Ef_Dt32=4.422(1); Fi_Dt32=4.024(99); Ei_Dt32=4.790(25)
