 |                          fit_name |       quality |   chisq/nDoF                 |
-------------------------------------------------------------------------------------
e|      csnk_Dt24_13-23xc_Dt32_13-23 |        1.1603 |   15.51/(  21 -  3) =   0.86 | F=2.34(149)*10^-2; Ff_Dt24=1.06(1914)*10^1; Ef_Dt24=8.003(9165)
*|         c_Dt24_14-24xc_Dt32_13-23 |        1.1499 |   16.52/(  20 -  1) =   0.87 | F=2.66(153)*10^-2
*|      csrc_Dt24_11-23xc_Dt32_13-23 |         1.143 |   17.50/(  23 -  3) =   0.87 | F=3.12(174)*10^-2; Fi_Dt24=-3.396(6795); Ei_Dt24=0.462(207)
*|        c_Dt24_13-23xc2_Dt32_11-25 |        1.1426 |   17.50/(  25 -  5) =   0.88 | F=2.02(150)*10^-2; Ff_Dt32=-1.20(227)*10^1; Ef_Dt32=0.775(315); Fi_Dt32=-3.67(2019)*10^5; Ei_Dt32=1.580(519)
*|     csrc_Dt24_11-23xc2_Dt32_11-25 |         1.134 |   17.64/(  27 -  7) =   0.88 | F=2.65(169)*10^-2; Fi_Dt24=-2.277(4467); Ei_Dt24=0.437(205); Ff_Dt32=-8.662(15226); Ef_Dt32=0.732(292); Fi_Dt32=-5.34(181)*10^15; Ei_Dt32=3.737(48)
*|   csrc_Dt24_11-23xcsnk_Dt32_12-24 |        1.1325 |   17.66/(  25 -  5) =   0.88 | F=2.59(169)*10^-2; Fi_Dt24=-2.519(5424); Ei_Dt24=0.448(224); Ff_Dt32=-2.13(671)*10^1; Ef_Dt32=0.844(443)
*|         c_Dt24_13-23xc_Dt32_13-23 |        1.1314 |   17.68/(  21 -  1) =   0.88 | F=2.29(149)*10^-2
*|      csnk_Dt24_13-23xc_Dt32_12-23 |        1.1207 |   16.95/(  22 -  3) =   0.89 | F=1.98(146)*10^-2; Ff_Dt24=1.09(1305)*10^1; Ef_Dt24=7.922(8802)
*|   csrc_Dt24_10-23xcsnk_Dt32_12-24 |        1.1192 |   18.76/(  26 -  5) =   0.89 | F=2.85(174)*10^-2; Fi_Dt24=-0.449(373); Ei_Dt24=0.276(107); Ff_Dt32=-2.31(789)*10^1; Ef_Dt32=0.864(476)
*|      c_Dt24_14-24xcsnk_Dt32_12-24 |        1.1141 |   17.05/(  22 -  3) =   0.90 | F=2.08(150)*10^-2; Ff_Dt32=-1.37(394)*10^1; Ef_Dt32=0.774(409)
*|      csrc_Dt24_11-23xc_Dt32_12-22 |        1.1138 |   17.96/(  23 -  3) =   0.90 | F=2.48(170)*10^-2; Fi_Dt24=-1.975(4227); Ei_Dt24=0.427(224)
*|     csnk_Dt24_13-23xc2_Dt32_11-25 |        1.1105 |   16.21/(  25 -  7) =   0.90 | F=2.15(149)*10^-2; Ff_Dt24=1.92(2998)*10^2; Ef_Dt24=1.10(119)*10^1; Ff_Dt32=-6.35(2230)*10^1; Ef_Dt32=1.075(562); Fi_Dt32=-7.81(4865)*10^5; Ei_Dt32=1.647(585)
*|     csrc_Dt24_10-23xc2_Dt32_11-25 |         1.108 |   18.95/(  28 -  7) =   0.90 | F=3.32(179)*10^-2; Fi_Dt24=-0.342(240); Ei_Dt24=0.237(90); Ff_Dt32=-1.14(301)*10^1; Ef_Dt32=0.764(429); Fi_Dt32=-5.96(750)*10^15; Ei_Dt32=3.769(124)
*|      csrc_Dt24_10-23xc_Dt32_12-22 |        1.1079 |   18.96/(  24 -  3) =   0.90 | F=2.72(175)*10^-2; Fi_Dt24=-0.403(343); Ei_Dt24=0.268(111)
*|        c_Dt24_14-24xc2_Dt32_11-25 |        1.1041 |   17.21/(  24 -  5) =   0.91 | F=2.29(153)*10^-2; Ff_Dt32=-1.14(147)*10^1; Ef_Dt32=0.769(218); Fi_Dt32=-5.17(564)*10^15; Ei_Dt32=3.761(116)
*|      c_Dt24_13-23xcsnk_Dt32_12-24 |        1.0966 |   18.24/(  23 -  3) =   0.91 | F=1.75(147)*10^-2; Ff_Dt32=-1.29(398)*10^1; Ef_Dt32=0.781(435)
*|      csrc_Dt24_10-23xc_Dt32_12-23 |        1.0961 |   20.07/(  25 -  3) =   0.91 | F=2.88(174)*10^-2; Fi_Dt24=-0.433(396); Ei_Dt24=0.279(119)
*|      csrc_Dt24_11-23xc_Dt32_12-23 |        1.0942 |   19.19/(  24 -  3) =   0.91 | F=2.59(169)*10^-2; Fi_Dt24=-2.761(6921); Ei_Dt24=0.466(258)
*|      csrc_Dt24_10-23xc_Dt32_13-23 |        1.0871 |   19.32/(  24 -  3) =   0.92 | F=3.27(180)*10^-2; Fi_Dt24=-0.430(330); Ei_Dt24=0.263(102)
*|         c_Dt24_14-24xc_Dt32_12-22 |        1.0865 |   17.49/(  20 -  1) =   0.92 | F=1.94(150)*10^-2
*|         c_Dt24_13-23xc_Dt32_12-23 |        1.0678 |   19.67/(  22 -  1) =   0.94 | F=1.86(146)*10^-2
*|   csnk_Dt24_13-23xcsnk_Dt32_12-24 |        1.0676 |   16.86/(  23 -  5) =   0.94 | F=1.91(147)*10^-2; Ff_Dt24=1.00(1445)*10^1; Ef_Dt24=8.010(8921); Ff_Dt32=-1.17(829)*10^2; Ef_Dt32=1.153(950)
*|         c_Dt24_13-23xc_Dt32_12-22 |        1.0646 |   18.79/(  21 -  1) =   0.94 | F=1.64(148)*10^-2
*|         c_Dt24_14-24xc_Dt32_12-23 |        1.0628 |   18.82/(  21 -  1) =   0.94 | F=2.14(149)*10^-2
*|      csnk_Dt24_13-23xc_Dt32_12-22 |        1.0621 |   16.95/(  21 -  3) =   0.94 | F=1.95(150)*10^-2; Ff_Dt24=1.08(1923)*10^1; Ef_Dt24=7.944(9079)
