 |                    fit_name |       quality |   chisq/nDoF                 |
-------------------------------------------------------------------------------
e|       c2_Dt8_1-7xc_Dt12_5-8 |    1.2875e+07 |    2.32/(  11 -  5) =   0.39 | F=1.182(22); Ff_Dt8=8.31(58)*10^-2; Ef_Dt8=0.678(89); Fi_Dt8=8.84(60)*10^-2; Ei_Dt8=0.761(94)
*|       c2_Dt8_1-7xc_Dt12_5-9 |    8.3922e+06 |    4.37/(  12 -  5) =   0.62 | F=1.174(21); Ff_Dt8=8.21(58)*10^-2; Ef_Dt8=0.677(91); Fi_Dt8=8.79(60)*10^-2; Ei_Dt8=0.759(95)
*|       c2_Dt8_1-7xc_Dt12_6-9 |    8.3044e+06 |    3.34/(  11 -  5) =   0.56 | F=1.173(21); Ff_Dt8=8.16(56)*10^-2; Ef_Dt8=0.710(101); Fi_Dt8=8.76(60)*10^-2; Ei_Dt8=0.753(94)
*|       c2_Dt8_1-7xc_Dt12_4-7 |    7.6241e+06 |    4.11/(  11 -  5) =   0.68 | F=1.187(22); Ff_Dt8=8.34(58)*10^-2; Ef_Dt8=0.678(89); Fi_Dt8=8.72(59)*10^-2; Ei_Dt8=0.812(98)
*|       c2_Dt8_1-7xc_Dt12_4-8 |    7.5934e+06 |    5.19/(  12 -  5) =   0.74 | F=1.184(22); Ff_Dt8=8.37(58)*10^-2; Ef_Dt8=0.672(89); Fi_Dt8=8.73(59)*10^-2; Ei_Dt8=0.802(96)
*|       c2_Dt8_1-7xc_Dt12_4-9 |    6.5751e+06 |    7.17/(  13 -  5) =   0.90 | F=1.176(21); Ff_Dt8=8.27(58)*10^-2; Ef_Dt8=0.672(90); Fi_Dt8=8.67(59)*10^-2; Ei_Dt8=0.799(96)
*|   c2_Dt8_1-7xcsnk_Dt12_5-11 |    6.2239e+06 |    8.23/(  14 -  7) =   1.18 | F=1.170(21); Ff_Dt8=8.22(58)*10^-2; Ef_Dt8=0.678(91); Fi_Dt8=8.74(60)*10^-2; Ei_Dt8=0.747(94); Ff_Dt12=5.97(111)*10^-2; Ef_Dt12=0.900(202)
*|      c2_Dt8_1-7xc2_Dt12_1-9 |    5.6463e+06 |    1.27/(  16 -  9) =   0.18 | F=1.186(20); Ff_Dt8=8.09(56)*10^-2; Ef_Dt8=0.702(88); Fi_Dt8=8.84(54)*10^-2; Ei_Dt8=0.769(79); Ff_Dt12=-0.133(74); Ef_Dt12=0.900(832); Fi_Dt12=9.33(115)*10^-2; Ei_Dt12=0.547(122)
*|     c2_Dt8_1-7xc2_Dt12_1-11 |    5.2832e+06 |    7.22/(  18 -  9) =   0.80 | F=1.171(21); Ff_Dt8=8.01(57)*10^-2; Ef_Dt8=0.706(93); Fi_Dt8=8.75(56)*10^-2; Ei_Dt8=0.740(75); Ff_Dt12=5.99(107)*10^-2; Ef_Dt12=0.900(559); Fi_Dt12=9.70(139)*10^-2; Ei_Dt12=0.476(104)
*|       c2_Dt8_1-7xc_Dt12_3-8 |    5.1868e+06 |   10.31/(  13 -  5) =   1.29 | F=1.187(22); Ff_Dt8=8.24(58)*10^-2; Ef_Dt8=0.675(89); Fi_Dt8=8.77(59)*10^-2; Ei_Dt8=0.869(95)
*|       c2_Dt8_1-7xc_Dt12_3-9 |    5.0454e+06 |   12.38/(  14 -  5) =   1.38 | F=1.178(21); Ff_Dt8=8.14(57)*10^-2; Ef_Dt8=0.674(91); Fi_Dt8=8.71(59)*10^-2; Ei_Dt8=0.867(96)
*|       c2_Dt8_1-7xc_Dt12_3-7 |    4.0634e+06 |    8.76/(  12 -  5) =   1.25 | F=1.190(22); Ff_Dt8=8.22(57)*10^-2; Ef_Dt8=0.681(89); Fi_Dt8=8.77(59)*10^-2; Ei_Dt8=0.879(118)
*|      c2_Dt8_1-7xc_Dt12_4-10 |    3.9644e+06 |   14.66/(  14 -  5) =   1.63 | F=1.177(21); Ff_Dt8=8.31(57)*10^-2; Ef_Dt8=0.683(91); Fi_Dt8=8.59(59)*10^-2; Ei_Dt8=0.780(94)
*|      c2_Dt8_1-7xc_Dt12_5-10 |    3.8178e+06 |   12.10/(  13 -  5) =   1.51 | F=1.175(21); Ff_Dt8=8.27(57)*10^-2; Ef_Dt8=0.688(91); Fi_Dt8=8.70(60)*10^-2; Ei_Dt8=0.742(93)
*|      c2_Dt8_1-7xc_Dt12_3-10 |    3.5019e+06 |   21.33/(  15 -  5) =   2.13 | F=1.180(21); Ff_Dt8=8.17(56)*10^-2; Ef_Dt8=0.688(92); Fi_Dt8=8.60(58)*10^-2; Ei_Dt8=0.855(96)
*|      c2_Dt8_1-7xc_Dt12_6-10 |    3.2342e+06 |   11.10/(  12 -  5) =   1.59 | F=1.174(21); Ff_Dt8=8.22(55)*10^-2; Ef_Dt8=0.721(101); Fi_Dt8=8.68(60)*10^-2; Ei_Dt8=0.736(92)
*|       c2_Dt8_1-7xc_Dt12_2-8 |     3.123e+06 |   17.17/(  14 -  5) =   1.91 | F=1.183(21); Ff_Dt8=8.24(58)*10^-2; Ef_Dt8=0.670(86); Fi_Dt8=8.52(58)*10^-2; Ei_Dt8=0.900(121)
*|       c2_Dt8_1-7xc_Dt12_2-9 |    3.0626e+06 |   19.15/(  15 -  5) =   1.92 | F=1.175(21); Ff_Dt8=8.14(57)*10^-2; Ef_Dt8=0.670(87); Fi_Dt8=8.47(58)*10^-2; Ei_Dt8=0.900(129)
*|       c2_Dt8_1-6xc_Dt12_5-8 |    1.2019e+06 |    2.31/(  10 -  5) =   0.46 | F=1.182(22); Ff_Dt8=8.44(174)*10^-2; Ef_Dt8=0.694(211); Fi_Dt8=8.83(60)*10^-2; Ei_Dt8=0.766(112)
*|       c2_Dt8_1-6xc_Dt12_4-8 |    9.2979e+05 |    5.03/(  11 -  5) =   0.84 | F=1.182(23); Ff_Dt8=7.89(122)*10^-2; Ef_Dt8=0.604(180); Fi_Dt8=8.78(62)*10^-2; Ei_Dt8=0.774(117)
