 |         fit_name |       quality |   chisq/nDoF                 |
--------------------------------------------------------------------
e|   csrc_Dt32_2-31 |        1.5467 |   38.35/(  30 -  3) =   1.42 | F=-7.90(2945)*10^-9; Fi_Dt32=-9.38(459)*10^-8; Ei_Dt32=0.500(310)
*|   csrc_Dt32_3-31 |       0.48902 |   32.40/(  29 -  3) =   1.25 | F=-9.87(2946)*10^-9; Fi_Dt32=4.33(725)*10^-8; Ei_Dt32=0.500(305)
*|      c_Dt32_3-31 |       0.34713 |   32.75/(  29 -  1) =   1.17 | F=-5.85(2868)*10^-9
*|      c_Dt32_3-30 |       0.31355 |   32.60/(  28 -  1) =   1.21 | F=-8.52(2946)*10^-9
*|      c_Dt32_4-31 |       0.31232 |   32.72/(  28 -  1) =   1.21 | F=-6.14(2873)*10^-9
*|      c_Dt32_1-31 |       0.31181 |   44.64/(  31 -  1) =   1.49 | F=-2.28(276)*10^-8
*|      c_Dt32_3-29 |       0.29736 |   30.78/(  27 -  1) =   1.18 | F=-2.64(2978)*10^-9
*|      c_Dt32_2-31 |       0.29626 |   42.54/(  30 -  1) =   1.47 | F=-2.77(278)*10^-8
*|      c_Dt32_1-30 |       0.28468 |   44.27/(  30 -  1) =   1.53 | F=-2.71(285)*10^-8
*|      c_Dt32_3-28 |       0.28311 |   28.82/(  26 -  1) =   1.15 | F=-1.22(306)*10^-8
*|      c_Dt32_5-31 |       0.28307 |   32.33/(  27 -  1) =   1.24 | F=-1.01(294)*10^-8
*|      c_Dt32_4-30 |       0.28128 |   32.54/(  27 -  1) =   1.25 | F=-9.26(2961)*10^-9
*|      c_Dt32_2-30 |       0.26849 |   42.35/(  29 -  1) =   1.51 | F=-3.06(286)*10^-8
*|      c_Dt32_6-31 |       0.26793 |   30.45/(  26 -  1) =   1.22 | F=-1.58(297)*10^-8
*|      c_Dt32_4-29 |       0.26528 |   30.76/(  26 -  1) =   1.23 | F=-3.09(2997)*10^-9
*|      c_Dt32_1-29 |       0.26177 |   43.43/(  29 -  1) =   1.55 | F=-2.32(288)*10^-8
*|      c_Dt32_1-28 |       0.25948 |   39.39/(  28 -  1) =   1.46 | F=-3.32(292)*10^-8
*|      c_Dt32_5-30 |       0.25449 |   32.06/(  26 -  1) =   1.28 | F=-1.42(305)*10^-8
*|      c_Dt32_4-28 |       0.25208 |   28.73/(  25 -  1) =   1.20 | F=-1.35(308)*10^-8
*|      c_Dt32_3-27 |       0.25208 |   28.73/(  25 -  1) =   1.20 | F=-9.06(3225)*10^-9
