 |                       fit_name |       quality |   chisq/nDoF                 |
----------------------------------------------------------------------------------
e|     c2__24,0_24,24__32,0_32,11 |      0.015161 |   59.03/(  33 -  5) =   2.11 | F=-8.26(0)*10^3; dmf=0.268(27); Ff=-0.299(12); dmi=2.73(9)*10^-6; Fi=8.27(0)*10^3
 |     c2__24,0_24,24__32,0_32,13 |    3.8271e-05 |   81.32/(  35 -  5) =   2.71 | F=-1.19(0)*10^4; dmf=0.196(6); Ff=-0.347(9); dmi=1.64(3)*10^-6; Fi=1.19(0)*10^4
 |    csnk__24,0_24,24__32,0_32,4 |    4.5499e-12 |  110.60/(  26 -  3) =   4.81 | F=1.259(13); dmf=7.81(25)*10^-2; Ff=-0.877(11)
 |    csnk__24,0_24,24__32,0_32,5 |    1.3728e-14 |  126.86/(  27 -  3) =   5.29 | F=1.240(11); dmf=8.17(24)*10^-2; Ff=-0.862(9)
 |    csnk__24,0_24,24__32,0_32,6 |    9.9607e-16 |  135.36/(  28 -  3) =   5.41 | F=1.229(10); dmf=8.36(23)*10^-2; Ff=-0.853(8)
 |    csnk__24,0_24,24__32,0_32,7 |    3.5489e-17 |  145.55/(  29 -  3) =   5.60 | F=1.218(9); dmf=8.58(22)*10^-2; Ff=-0.845(8)
 |    csnk__24,0_24,24__32,0_32,8 |     6.118e-20 |  162.88/(  30 -  3) =   6.03 | F=1.210(9); dmf=8.73(22)*10^-2; Ff=-0.839(7)
 |    csnk__24,0_24,24__32,0_32,9 |    4.5366e-29 |  213.81/(  31 -  3) =   7.64 | F=1.201(9); dmf=8.90(22)*10^-2; Ff=-0.831(7)
 |   csnk__24,0_24,24__32,0_32,10 |    4.7823e-43 |  288.31/(  32 -  3) =   9.94 | F=1.190(8); dmf=9.10(23)*10^-2; Ff=-0.822(7)
 |   csnk__24,0_24,24__32,0_32,11 |    5.0209e-53 |  341.35/(  33 -  3) =  11.38 | F=1.181(8); dmf=9.28(23)*10^-2; Ff=-0.815(7)
 |   csnk__24,0_24,24__32,0_32,12 |    3.4202e-66 |  409.77/(  34 -  3) =  13.22 | F=1.176(8); dmf=9.42(23)*10^-2; Ff=-0.811(6)
 |   csnk__24,0_24,24__32,0_32,13 |    4.8056e-71 |  436.68/(  35 -  3) =  13.65 | F=1.174(8); dmf=9.44(23)*10^-2; Ff=-0.807(6)
 |     c2__24,0_24,24__32,0_32,12 |    2.6927e-75 |  448.70/(  34 -  5) =  15.47 | F=-1.19(3)*10^4; dmf=1.02(1)*10^1; Ff=-2.75(0)*10^3; dmi=2.52(7)*10^-6; Fi=1.19(3)*10^4
 |   csnk__24,0_24,24__32,0_32,14 |     1.037e-76 |  467.58/(  36 -  3) =  14.17 | F=1.169(8); dmf=9.51(24)*10^-2; Ff=-0.803(6)
 |   csnk__24,0_24,24__32,0_32,15 |    1.4351e-78 |  479.69/(  37 -  3) =  14.11 | F=1.167(8); dmf=9.57(24)*10^-2; Ff=-0.800(6)
 |   csnk__24,0_24,24__32,0_32,16 |    1.7669e-85 |  516.67/(  38 -  3) =  14.76 | F=1.163(8); dmf=9.60(24)*10^-2; Ff=-0.795(6)
 |   csnk__24,0_24,24__32,0_32,17 |    5.5569e-86 |  522.11/(  39 -  3) =  14.50 | F=1.163(8); dmf=9.54(24)*10^-2; Ff=-0.796(6)
 |   csnk__24,0_24,24__32,0_32,18 |    1.4277e-86 |  527.96/(  40 -  3) =  14.27 | F=1.164(8); dmf=9.51(24)*10^-2; Ff=-0.795(6)
 |   csnk__24,0_24,24__32,0_32,19 |    2.8754e-87 |  534.32/(  41 -  3) =  14.06 | F=1.165(8); dmf=9.44(24)*10^-2; Ff=-0.796(6)
 |   csnk__24,0_24,24__32,0_32,28 |    3.5167e-88 |  564.46/(  50 -  3) =  12.01 | F=1.168(8); dmf=9.26(22)*10^-2; Ff=-0.795(6)
 |   csnk__24,0_24,24__32,0_32,27 |    1.6171e-88 |  563.36/(  49 -  3) =  12.25 | F=1.168(8); dmf=9.24(22)*10^-2; Ff=-0.795(6)
 |   csnk__24,0_24,24__32,0_32,26 |    8.2143e-89 |  562.03/(  48 -  3) =  12.49 | F=1.169(8); dmf=9.20(22)*10^-2; Ff=-0.797(6)
 |   csnk__24,0_24,24__32,0_32,25 |    2.2943e-89 |  561.97/(  47 -  3) =  12.77 | F=1.170(8); dmf=9.19(23)*10^-2; Ff=-0.797(6)
 |   csnk__24,0_24,24__32,0_32,21 |    1.5406e-89 |  551.37/(  43 -  3) =  13.78 | F=1.167(8); dmf=9.32(23)*10^-2; Ff=-0.795(6)
 |   csnk__24,0_24,24__32,0_32,29 |    1.2238e-89 |  574.53/(  51 -  3) =  11.97 | F=1.164(8); dmf=9.34(22)*10^-2; Ff=-0.791(6)
 |   csnk__24,0_24,24__32,0_32,24 |    6.1577e-90 |  561.97/(  46 -  3) =  13.07 | F=1.170(8); dmf=9.19(23)*10^-2; Ff=-0.797(7)
 |   csnk__24,0_24,24__32,0_32,20 |    6.0432e-90 |  550.46/(  42 -  3) =  14.11 | F=1.166(8); dmf=9.35(24)*10^-2; Ff=-0.795(6)
 |   csnk__24,0_24,24__32,0_32,22 |      2.14e-90 |  558.50/(  44 -  3) =  13.62 | F=1.169(8); dmf=9.24(23)*10^-2; Ff=-0.796(6)
 |   csnk__24,0_24,24__32,0_32,23 |     1.769e-90 |  561.80/(  45 -  3) =  13.38 | F=1.170(8); dmf=9.20(23)*10^-2; Ff=-0.797(7)
 |   csnk__24,0_24,24__32,0_32,31 |    7.0372e-91 |  586.26/(  53 -  3) =  11.73 | F=1.163(8); dmf=9.33(22)*10^-2; Ff=-0.786(6)
 |   csnk__24,0_24,24__32,0_32,32 |    5.5492e-91 |  589.52/(  54 -  3) =  11.56 | F=1.160(7); dmf=9.48(21)*10^-2; Ff=-0.787(6)
 |   csnk__24,0_24,24__32,0_32,30 |    3.8002e-91 |  584.85/(  52 -  3) =  11.94 | F=1.163(8); dmf=9.36(22)*10^-2; Ff=-0.787(6)
 |    csrc__24,0_24,24__32,0_32,4 |   9.7492e-146 |  766.46/(  26 -  3) =  33.32 | F=-1.73(0)*10^4; dmi=1.87(1)*10^-6; Fi=1.73(0)*10^4
 |     c2__24,0_24,24__32,0_32,14 |   8.3272e-186 |  985.99/(  36 -  5) =  31.81 | F=-1.70(0)*10^4; dmf=3.50(20)*10^1; Ff=9.51(2)*10^2; dmi=1.90(1)*10^-6; Fi=1.71(0)*10^4
 |     c2__24,0_24,24__32,0_32,16 |   3.4444e-251 | 1302.76/(  38 -  5) =  39.48 | F=-1.76(0)*10^4; dmf=3.38(20)*10^1; Ff=-2.48(0)*10^3; dmi=1.84(1)*10^-6; Fi=1.76(0)*10^4
 |       c__24,0_24,24__32,0_32,4 |             0 | 22744.55/(  26 -  1) = 909.78 | F=0.740(2)
