 |           fit_name |       quality |   chisq/nDoF                 |
----------------------------------------------------------------------
e|     c2__24,5_24,24 |    2.2296e+05 |   12.53/(  18 -  5) =   0.96 | F=-1.138(16); dmf=0.183(10); Ff=-0.447(15); dmi=6.49(44)*10^-3; Fi=2.260(16)
 |     c2__24,4_24,24 |    2.1676e+05 |   13.44/(  19 -  5) =   0.96 | F=-1.047(16); dmf=0.192(10); Ff=-0.430(14); dmi=7.36(45)*10^-3; Fi=2.177(16)
 |     c2__24,5_24,20 |         28787 |    8.48/(  14 -  5) =   0.94 | F=-1.496(21); dmf=0.338(50); Ff=-0.605(113); dmi=7.57(49)*10^-3; Fi=2.636(21)
 |     c2__24,4_24,23 |         16848 |   13.26/(  18 -  5) =   1.02 | F=-0.180(17); dmf=0.187(13); Ff=-0.444(15); dmi=1.25(9)*10^-2; Fi=1.312(17)
 |     c2__24,5_24,23 |         14544 |   12.38/(  17 -  5) =   1.03 | F=-0.178(17); dmf=0.176(11); Ff=-0.464(17); dmi=1.12(9)*10^-2; Fi=1.302(18)
 |     c2__24,4_24,18 |          6342 |    6.00/(  13 -  5) =   0.75 | F=-1.832(23); dmf=0.752(163); Ff=-7.808(8563); dmi=7.34(29)*10^-3; Fi=2.984(23)
 |     c2__24,4_24,20 |        5011.8 |    8.41/(  15 -  5) =   0.84 | F=-0.365(21); dmf=0.332(46); Ff=-0.616(109); dmi=1.40(9)*10^-2; Fi=1.512(22)
 |     c2__24,5_24,17 |          2014 |    3.55/(  11 -  5) =   0.59 | F=-1.499(27); dmf=4.074(259); Ff=-3.07(631)*10^12; dmi=8.50(34)*10^-3; Fi=2.656(27)
*|     c2__24,4_24,11 |        1049.6 |    0.06/(   6 -  5) =   0.06 | F=-0.750(35); dmf=0.161(309); Ff=-9.16(4018)*10^-2; dmi=1.11(27)*10^-2; Fi=1.901(35)
 |     c2__24,5_24,22 |        897.34 |   11.02/(  16 -  5) =   1.00 | F=-1.63(183)*10^-2; dmf=0.206(18); Ff=-0.458(17); dmi=1.51(13)*10^-2; Fi=1.147(19)
*|   csrc__24,5_24,11 |        254.24 |    0.04/(   5 -  3) =   0.02 | F=5.31(494)*10^-2; dmi=2.23(28)*10^-2; Fi=1.109(50)
 |   csrc__24,1_24,11 |        190.92 |    1.28/(   9 -  3) =   0.21 | F=0.815(65); dmi=0.120(37); Fi=0.426(47)
 |     c2__24,5_24,21 |        133.08 |   10.09/(  15 -  5) =   1.01 | F=-5.49(1978)*10^-3; dmf=0.244(27); Ff=-0.480(32); dmi=1.70(14)*10^-2; Fi=1.144(21)
 |   csrc__24,0_24,11 |        100.21 |    2.07/(  10 -  3) =   0.30 | F=0.768(73); dmi=9.64(260)*10^-2; Fi=0.458(65)
 |   csrc__24,2_24,11 |        62.803 |    1.15/(   8 -  3) =   0.23 | F=0.793(104); dmi=0.107(50); Fi=0.438(74)
 |     c2__24,4_24,21 |        61.859 |   10.22/(  16 -  5) =   0.93 | F=-2.28(1964)*10^-3; dmf=0.254(28); Ff=-0.482(34); dmi=1.77(13)*10^-2; Fi=1.145(21)
 |     c2__24,5_24,19 |        31.109 |    6.81/(  13 -  5) =   0.85 | F=-9.37(2350)*10^-3; dmf=0.433(71); Ff=-1.097(401); dmi=2.01(13)*10^-2; Fi=1.166(25)
 |     c2__24,1_24,16 |        23.206 |    9.33/(  14 -  5) =   1.04 | F=0.491(131); dmf=3.288(25701); Ff=3.427(1762); dmi=4.73(129)*10^-2; Fi=0.714(121)
 |   csrc__24,3_24,11 |        11.304 |    1.08/(   7 -  3) =   0.27 | F=0.758(208); dmi=9.11(767)*10^-2; Fi=0.459(153)
 |     c2__24,0_24,16 |        8.8525 |    9.61/(  15 -  5) =   0.96 | F=0.526(93); dmf=2.021(1204); Ff=2.650(8283); dmi=5.12(105)*10^-2; Fi=0.684(87)
 |     c2__24,2_24,16 |        3.2136 |    6.61/(  13 -  5) =   0.83 | F=0.310(309); dmf=2.741(1901); Ff=3.427(2000); dmi=3.36(158)*10^-2; Fi=0.879(296)
 |   csnk__24,5_24,17 |        3.2051 | 1127.26/(  11 -  3) = 140.91 | F=0.899(2); dmf=2.36(14)*10^1; Ff=3.427(1414)
 |   csnk__24,5_24,18 |        3.0999 | 1685.31/(  12 -  3) = 187.26 | F=0.883(2); dmf=1.19(14)*10^1; Ff=3.892(1414)
 |     c2__24,2_24,15 |        3.0529 |    6.46/(  12 -  5) =   0.92 | F=0.379(308); dmf=3.074(1918); Ff=3.427(1997); dmi=3.74(193)*10^-2; Fi=0.813(293)
 |      c__24,5_24,11 |        2.9561 |   75.84/(   5 -  1) =  18.96 | F=0.979(3)
 |      c__24,6_24,12 |        2.8707 |   77.42/(   5 -  1) =  19.35 | F=0.961(3)
 |      c__24,5_24,12 |         2.853 |  125.99/(   6 -  1) =  25.20 | F=0.970(3)
 |   csnk__24,5_24,15 |        2.7867 |  540.89/(   9 -  3) =  90.15 | F=0.927(2); dmf=7.31(14)*10^1; Ff=2.599(1414)
 |      c__24,7_24,13 |        2.7199 |   85.50/(   5 -  1) =  21.37 | F=0.939(3)
 |      c__24,4_24,11 |        2.6866 |  136.62/(   6 -  1) =  27.32 | F=0.989(3)
 |      c__24,4_24,10 |        2.6492 |   84.75/(   5 -  1) =  21.19 | F=1.000(4)
 |      c__24,4_24,12 |        2.6154 |  207.42/(   7 -  1) =  34.57 | F=0.980(3)
 |       c__24,3_24,9 |        2.5669 |   91.28/(   5 -  1) =  22.82 | F=1.027(4)
 |      c__24,6_24,13 |         2.475 |  149.63/(   6 -  1) =  29.93 | F=0.948(3)
 |      c__24,9_24,15 |        2.4231 |  101.32/(   5 -  1) =  25.33 | F=0.895(3)
 |      c__24,5_24,13 |        2.3722 |  230.57/(   7 -  1) =  38.43 | F=0.956(3)
 |      c__24,9_24,16 |        2.3401 |  168.31/(   6 -  1) =  33.66 | F=0.886(3)
 |     c__24,10_24,16 |        2.2622 |  105.47/(   5 -  1) =  26.37 | F=0.877(3)
 |      c__24,7_24,16 |        2.2317 |  375.42/(   8 -  1) =  53.63 | F=0.903(2)
 |      c__24,7_24,16 |        2.2317 |  375.42/(   8 -  1) =  53.63 | F=0.903(2)
 |      c__24,6_24,16 |        2.2184 |  505.60/(   9 -  1) =  63.20 | F=0.910(2)
 |      c__24,8_24,16 |         2.218 |  264.03/(   7 -  1) =  44.01 | F=0.894(3)
 |      c__24,4_24,13 |        2.1787 |  354.78/(   8 -  1) =  50.68 | F=0.966(3)
 |      c__24,4_24,13 |        2.1787 |  354.78/(   8 -  1) =  50.68 | F=0.966(3)
 |      c__24,5_24,16 |        2.1722 |  667.92/(  10 -  1) =  74.21 | F=0.917(2)
 |      c__24,5_24,16 |        2.1722 |  667.92/(  10 -  1) =  74.21 | F=0.917(2)
 |      c__24,8_24,15 |        2.1455 |  182.88/(   6 -  1) =  36.58 | F=0.903(3)
 |      c__24,3_24,11 |        2.1172 |  265.96/(   7 -  1) =  44.33 | F=1.003(3)
 |      c__24,7_24,15 |        2.0985 |  280.97/(   7 -  1) =  46.83 | F=0.913(3)
 |      c__24,6_24,15 |        2.0722 |  395.86/(   8 -  1) =  56.55 | F=0.920(3)
 |      c__24,3_24,12 |        2.0702 |  377.42/(   8 -  1) =  53.92 | F=0.993(3)
 |       c__24,2_24,9 |        2.0666 |  187.47/(   6 -  1) =  37.49 | F=1.041(3)
 |      c__24,8_24,14 |        2.0445 |  115.96/(   5 -  1) =  28.99 | F=0.915(3)
 |      c__24,5_24,15 |        2.0218 |  540.88/(   9 -  1) =  67.61 | F=0.927(2)
 |      c__24,3_24,10 |        2.0141 |  185.78/(   6 -  1) =  37.16 | F=1.015(3)
 |      c__24,5_24,14 |        2.0105 |  392.97/(   8 -  1) =  56.14 | F=0.940(3)
 |      c__24,6_24,14 |        1.9952 |  283.60/(   7 -  1) =  47.27 | F=0.932(3)
 |      c__24,4_24,16 |        1.9895 |  922.48/(  11 -  1) =  92.25 | F=0.925(2)
 |      c__24,4_24,16 |        1.9895 |  922.48/(  11 -  1) =  92.25 | F=0.925(2)
 |      c__24,7_24,14 |        1.9481 |  196.74/(   6 -  1) =  39.35 | F=0.924(3)
 |       c__24,1_24,9 |        1.9125 |  315.55/(   7 -  1) =  52.59 | F=1.056(3)
 |      c__24,4_24,15 |        1.8943 |  752.17/(  10 -  1) =  83.57 | F=0.936(2)
 |      c__24,2_24,11 |        1.8725 |  432.25/(   8 -  1) =  61.75 | F=1.016(3)
 |       c__24,2_24,8 |         1.863 |  128.47/(   5 -  1) =  32.12 | F=1.052(4)
 |   csnk__24,5_24,13 |        1.8625 |  230.57/(   7 -  3) =  57.64 | F=0.956(3); dmf=3.60(14)*10^1; Ff=1.666(1414)
 |      c__24,2_24,12 |        1.8093 |  592.51/(   9 -  1) =  74.06 | F=1.007(3)
 |      c__24,4_24,14 |        1.7901 |  590.67/(   9 -  1) =  73.83 | F=0.949(3)
 |      c__24,4_24,14 |        1.7901 |  590.67/(   9 -  1) =  73.83 | F=0.949(3)
 |      c__24,3_24,13 |        1.7675 |  597.62/(   9 -  1) =  74.70 | F=0.979(3)
 |      c__24,2_24,10 |        1.7488 |  324.98/(   7 -  1) =  54.16 | F=1.028(3)
 |      c__24,3_24,16 |         1.738 | 1323.39/(  12 -  1) = 120.31 | F=0.936(2)
 |      c__24,1_24,10 |         1.689 |  494.85/(   8 -  1) =  70.69 | F=1.044(3)
 |       c__24,0_24,9 |        1.6856 |  512.68/(   8 -  1) =  73.24 | F=1.070(3)
 |      c__24,4_24,17 |        1.6774 | 1385.04/(  12 -  1) = 125.91 | F=0.908(2)
 |       c__24,1_24,8 |         1.673 |  239.13/(   6 -  1) =  47.83 | F=1.067(3)
 |      c__24,5_24,17 |        1.6534 | 1127.26/(  11 -  1) = 112.73 | F=0.899(2)
 |      c__24,5_24,17 |        1.6534 | 1127.26/(  11 -  1) = 112.73 | F=0.899(2)
 |      c__24,1_24,11 |        1.6494 |  680.68/(   9 -  1) =  85.09 | F=1.031(3)
 |      c__24,1_24,11 |        1.6494 |  680.68/(   9 -  1) =  85.09 | F=1.031(3)
 |      c__24,1_24,12 |        1.6274 |  884.27/(  10 -  1) =  98.25 | F=1.022(3)
 |      c__24,3_24,15 |        1.6246 | 1121.34/(  11 -  1) = 112.13 | F=0.947(2)
 |      c__24,6_24,17 |        1.6082 |  919.27/(  10 -  1) = 102.14 | F=0.893(2)
 |       c__24,0_24,8 |        1.5936 |  384.55/(   7 -  1) =  64.09 | F=1.081(3)
 |      c__24,2_24,13 |        1.5661 |  890.23/(  10 -  1) =  98.91 | F=0.992(3)
 |      c__24,3_24,14 |        1.5657 |  891.76/(  10 -  1) =  99.08 | F=0.962(2)
 |      c__24,7_24,17 |        1.5573 |  733.78/(   9 -  1) =  91.72 | F=0.886(2)
 |     c__24,11_24,17 |        1.5483 |  160.80/(   5 -  1) =  40.20 | F=0.849(3)
 |      c__24,0_24,10 |        1.5472 |  741.17/(   9 -  1) =  92.65 | F=1.058(3)
 |      c__24,0_24,10 |        1.5472 |  741.17/(   9 -  1) =  92.65 | F=1.058(3)
 |      c__24,0_24,11 |        1.5354 |  971.14/(  10 -  1) = 107.90 | F=1.045(3)
 |      c__24,2_24,16 |        1.5333 | 1836.17/(  13 -  1) = 153.01 | F=0.947(2)
 |     c__24,10_24,17 |        1.5236 |  263.33/(   6 -  1) =  52.67 | F=0.859(3)
 |      c__24,9_24,17 |        1.5214 |  394.51/(   7 -  1) =  65.75 | F=0.868(2)
 |      c__24,3_24,17 |        1.5115 | 1886.28/(  13 -  1) = 157.19 | F=0.918(2)
 |      c__24,0_24,12 |         1.493 | 1243.73/(  11 -  1) = 124.37 | F=1.035(2)
 |       c__24,0_24,6 |        1.4902 |  168.43/(   5 -  1) =  42.11 | F=1.110(4)
 |      c__24,2_24,15 |        1.4869 | 1537.06/(  12 -  1) = 139.73 | F=0.959(2)
 |       c__24,1_24,7 |        1.4705 |  166.75/(   5 -  1) =  41.69 | F=1.079(4)
 |      c__24,8_24,17 |        1.4695 |  567.89/(   8 -  1) =  81.13 | F=0.876(2)
 |       c__24,0_24,7 |        1.4467 |  281.15/(   6 -  1) =  56.23 | F=1.094(3)
 |      c__24,1_24,13 |        1.4398 | 1262.34/(  11 -  1) = 126.23 | F=1.007(2)
 |      c__24,2_24,14 |        1.4321 | 1251.33/(  11 -  1) = 125.13 | F=0.974(2)
 |      c__24,1_24,15 |        1.4077 | 2035.60/(  13 -  1) = 169.63 | F=0.973(2)
 |      c__24,1_24,16 |         1.405 | 2458.32/(  14 -  1) = 189.10 | F=0.960(2)
 |      c__24,4_24,18 |        1.3873 | 2041.43/(  13 -  1) = 170.12 | F=0.891(2)
 |      c__24,5_24,18 |        1.3765 | 1685.30/(  12 -  1) = 153.21 | F=0.883(2)
 |      c__24,2_24,17 |        1.3447 | 2544.64/(  14 -  1) = 195.74 | F=0.928(2)
 |      c__24,1_24,14 |        1.3434 | 1699.99/(  12 -  1) = 154.54 | F=0.989(2)
 |      c__24,0_24,13 |        1.3295 | 1720.94/(  12 -  1) = 156.45 | F=1.020(2)
 |      c__24,6_24,18 |        1.2874 | 1455.13/(  11 -  1) = 145.51 | F=0.877(2)
 |      c__24,6_24,18 |        1.2874 | 1455.13/(  11 -  1) = 145.51 | F=0.877(2)
 |      c__24,0_24,15 |        1.2627 | 2737.10/(  14 -  1) = 210.55 | F=0.985(2)
 |      c__24,0_24,16 |        1.2557 | 3267.50/(  15 -  1) = 233.39 | F=0.971(2)
 |      c__24,1_24,17 |        1.2549 | 3295.43/(  15 -  1) = 235.39 | F=0.941(2)
 |      c__24,7_24,18 |        1.2428 | 1197.74/(  10 -  1) = 133.08 | F=0.870(2)
 |      c__24,3_24,18 |        1.2343 | 2756.67/(  14 -  1) = 212.05 | F=0.901(2)
 |      c__24,0_24,14 |        1.2247 | 2293.34/(  13 -  1) = 191.11 | F=1.002(2)
 |     c__24,12_24,18 |        1.1544 |  217.74/(   5 -  1) =  54.44 | F=0.823(3)
 |      c__24,0_24,17 |        1.1402 | 4251.79/(  16 -  1) = 283.45 | F=0.951(2)
 |      c__24,2_24,18 |        1.1333 | 3552.87/(  15 -  1) = 253.78 | F=0.911(2)
 |     c__24,11_24,18 |        1.1329 |  357.68/(   6 -  1) =  71.54 | F=0.833(2)
 |      c__24,8_24,18 |        1.0973 | 1015.62/(   9 -  1) = 126.95 | F=0.860(2)
 |      c__24,9_24,18 |         1.088 |  769.20/(   8 -  1) = 109.89 | F=0.852(2)
 |      c__24,4_24,19 |        1.0731 | 3133.66/(  14 -  1) = 241.05 | F=0.874(2)
 |     c__24,10_24,18 |        1.0352 |  572.41/(   7 -  1) =  95.40 | F=0.842(2)
 |      c__24,5_24,19 |        1.0152 | 2746.84/(  13 -  1) = 228.90 | F=0.866(2)
 |      c__24,6_24,19 |        1.0073 | 2291.03/(  12 -  1) = 208.28 | F=0.859(2)
 |      c__24,1_24,18 |       0.97593 | 4878.16/(  16 -  1) = 325.21 | F=0.924(2)
 |      c__24,7_24,19 |       0.95325 | 1963.83/(  11 -  1) = 196.38 | F=0.852(2)
 |      c__24,7_24,19 |       0.95325 | 1963.83/(  11 -  1) = 196.38 | F=0.852(2)
 |      c__24,3_24,19 |       0.93389 | 4246.27/(  15 -  1) = 303.30 | F=0.883(2)
 |      c__24,0_24,18 |       0.91223 | 6053.81/(  17 -  1) = 378.36 | F=0.934(2)
 |      c__24,4_24,20 |       0.89516 | 4477.59/(  15 -  1) = 319.83 | F=0.851(2)
 |      c__24,2_24,19 |       0.89259 | 5197.91/(  16 -  1) = 346.53 | F=0.893(2)
 |      c__24,8_24,19 |       0.86849 | 1663.81/(  10 -  1) = 184.87 | F=0.841(2)
 |      c__24,5_24,20 |       0.86114 | 3922.68/(  14 -  1) = 301.74 | F=0.843(2)
 |      c__24,6_24,20 |       0.85635 | 3320.89/(  13 -  1) = 276.74 | F=0.836(2)
 |      c__24,9_24,19 |       0.83405 | 1343.30/(   9 -  1) = 167.91 | F=0.833(2)
 |      c__24,7_24,20 |       0.80212 | 2924.70/(  12 -  1) = 265.88 | F=0.829(2)
 |     c__24,11_24,19 |       0.77793 |  767.94/(   7 -  1) = 127.99 | F=0.814(2)
 |      c__24,1_24,19 |         0.775 | 6986.00/(  17 -  1) = 436.63 | F=0.906(2)
 |      c__24,3_24,20 |       0.77019 | 6031.66/(  16 -  1) = 402.11 | F=0.858(2)
 |     c__24,10_24,19 |       0.74259 | 1107.55/(   8 -  1) = 158.22 | F=0.823(2)
 |      c__24,0_24,19 |       0.72066 | 8621.53/(  18 -  1) = 507.15 | F=0.916(2)
 |     c__24,12_24,19 |       0.70997 |  563.36/(   6 -  1) = 112.67 | F=0.804(2)
 |      c__24,8_24,20 |       0.70978 | 2589.73/(  11 -  1) = 258.97 | F=0.819(2)
 |      c__24,2_24,20 |       0.70816 | 7548.28/(  17 -  1) = 471.77 | F=0.866(2)
 |   csnk__24,5_24,14 |       0.70289 |  392.97/(   8 -  3) =  78.59 | F=0.940(3); dmf=2.153(1841); Ff=0.979(2000)
 |      c__24,9_24,20 |       0.67652 | 2163.52/(  10 -  1) = 240.39 | F=0.811(2)
 |      c__24,9_24,20 |       0.67652 | 2163.52/(  10 -  1) = 240.39 | F=0.811(2)
 |      c__24,4_24,21 |       0.66048 | 7077.20/(  16 -  1) = 471.81 | F=0.821(2)
 |      c__24,1_24,20 |       0.65333 | 9475.23/(  18 -  1) = 557.37 | F=0.879(2)
 |     c__24,11_24,20 |       0.64665 | 1312.14/(   8 -  1) = 187.45 | F=0.793(2)
 |      c__24,5_24,21 |       0.64598 | 6191.05/(  15 -  1) = 442.22 | F=0.813(2)
 |     c__24,10_24,20 |       0.63481 | 1762.44/(   9 -  1) = 220.31 | F=0.800(2)
 |      c__24,3_24,21 |       0.62097 | 8656.99/(  17 -  1) = 541.06 | F=0.829(2)
 |      c__24,0_24,20 |        0.6202 | 11358.38/(  19 -  1) = 631.02 | F=0.888(2)
 |      c__24,6_24,21 |       0.61881 | 5503.82/(  14 -  1) = 423.37 | F=0.807(2)
 |     c__24,13_24,19 |       0.59289 |  406.48/(   5 -  1) = 101.62 | F=0.791(3)
 |      c__24,7_24,21 |       0.58218 | 4907.71/(  13 -  1) = 408.98 | F=0.800(2)
 |      c__24,2_24,21 |       0.57268 | 10671.73/(  18 -  1) = 627.75 | F=0.835(2)
 |     c__24,12_24,20 |       0.56509 | 1055.95/(   7 -  1) = 175.99 | F=0.782(2)
 |      c__24,1_24,21 |       0.55232 | 12734.59/(  19 -  1) = 707.48 | F=0.847(2)
 |      c__24,8_24,21 |       0.51868 | 4395.89/(  12 -  1) = 399.63 | F=0.788(2)
 |      c__24,0_24,21 |       0.50851 | 15539.33/(  20 -  1) = 817.86 | F=0.854(2)
 |     c__24,13_24,20 |       0.50126 |  781.83/(   6 -  1) = 156.37 | F=0.768(2)
 |      c__24,9_24,21 |       0.48222 | 3842.99/(  11 -  1) = 384.30 | F=0.781(2)
 |      c__24,4_24,22 |       0.47976 | 11250.37/(  17 -  1) = 703.15 | F=0.783(2)
 |      c__24,3_24,22 |       0.46535 | 13207.16/(  18 -  1) = 776.89 | F=0.789(2)
 |      c__24,5_24,22 |       0.46348 | 10070.96/(  16 -  1) = 671.40 | F=0.775(2)
 |      c__24,1_24,22 |       0.46107 | 17285.18/(  20 -  1) = 909.75 | F=0.808(2)
 |      c__24,2_24,22 |       0.45722 | 15197.55/(  19 -  1) = 844.31 | F=0.795(2)
 |     c__24,10_24,21 |       0.45514 | 3206.27/(  10 -  1) = 356.25 | F=0.770(2)
 |     c__24,14_24,20 |       0.44598 |  535.33/(   5 -  1) = 133.83 | F=0.754(3)
 |     c__24,11_24,21 |       0.44377 | 2578.65/(   9 -  1) = 322.33 | F=0.763(2)
 |     c__24,11_24,21 |       0.44377 | 2578.65/(   9 -  1) = 322.33 | F=0.763(2)
 |      c__24,0_24,22 |       0.44355 | 20095.50/(  21 -  1) = 1004.77 | F=0.815(2)
 |      c__24,6_24,22 |       0.43219 | 9284.73/(  15 -  1) = 663.19 | F=0.769(2)
 |      c__24,7_24,22 |       0.41069 | 8325.36/(  14 -  1) = 640.41 | F=0.762(2)
 |     c__24,12_24,21 |       0.40395 | 2093.20/(   8 -  1) = 299.03 | F=0.752(2)
 |     c__24,12_24,21 |       0.40395 | 2093.20/(   8 -  1) = 299.03 | F=0.752(2)
 |     c__24,13_24,21 |       0.39754 | 1507.34/(   7 -  1) = 251.22 | F=0.738(2)
 |      c__24,8_24,22 |       0.38315 | 7287.82/(  13 -  1) = 607.32 | F=0.749(2)
 |      c__24,0_24,23 |       0.38241 | 26005.15/(  22 -  1) = 1238.34 | F=0.773(1)
 |     c__24,15_24,21 |       0.37815 |  646.20/(   5 -  1) = 161.55 | F=0.707(2)
 |      c__24,1_24,23 |       0.37812 | 23545.80/(  21 -  1) = 1177.29 | F=0.765(1)
 |      c__24,4_24,23 |       0.37704 | 16359.33/(  18 -  1) = 962.31 | F=0.742(1)
 |      c__24,2_24,23 |       0.37196 | 21009.04/(  20 -  1) = 1105.74 | F=0.753(1)
 |      c__24,3_24,23 |       0.37194 | 18717.65/(  19 -  1) = 1039.87 | F=0.748(1)
 |     c__24,14_24,21 |       0.36725 | 1084.54/(   6 -  1) = 216.91 | F=0.724(2)
 |      c__24,5_24,23 |       0.35612 | 15077.98/(  17 -  1) = 942.37 | F=0.735(1)
 |      c__24,9_24,22 |       0.35482 | 6514.99/(  12 -  1) = 592.27 | F=0.742(2)
 |     c__24,10_24,22 |       0.34359 | 5447.72/(  11 -  1) = 544.77 | F=0.732(2)
 |     c__24,11_24,22 |       0.32802 | 4596.51/(  10 -  1) = 510.72 | F=0.726(2)
 |      c__24,6_24,23 |       0.32622 | 14251.40/(  16 -  1) = 950.09 | F=0.729(2)
 |      c__24,7_24,23 |       0.31437 | 12778.05/(  15 -  1) = 912.72 | F=0.723(2)
 |      c__24,1_24,24 |       0.30554 | 32024.61/(  22 -  1) = 1524.98 | F=0.721(1)
 |      c__24,0_24,24 |       0.30387 | 35651.67/(  23 -  1) = 1620.53 | F=0.727(1)
 |     c2__24,5_24,16 |       0.29963 |    3.84/(  10 -  5) =   0.77 | F=1.50(4567)*10^-2; dmf=2.784(1904); Ff=1.34(20)*10^1; dmi=2.26(113)*10^-2; Fi=1.158(443)
 |     c__24,12_24,22 |       0.29546 | 3894.83/(   9 -  1) = 486.85 | F=0.714(2)
 |     c__24,12_24,22 |       0.29546 | 3894.83/(   9 -  1) = 486.85 | F=0.714(2)
 |      c__24,2_24,24 |       0.29363 | 29338.31/(  21 -  1) = 1466.92 | F=0.709(1)
 |      c__24,8_24,23 |        0.2934 | 11334.35/(  14 -  1) = 871.87 | F=0.709(2)
 |      c__24,3_24,24 |       0.28497 | 27051.51/(  20 -  1) = 1423.76 | F=0.704(1)
 |     c__24,14_24,22 |       0.28327 | 2156.17/(   7 -  1) = 359.36 | F=0.688(2)
 |     c__24,13_24,22 |       0.28303 | 3014.55/(   8 -  1) = 430.65 | F=0.701(2)
 |     c__24,13_24,22 |       0.28303 | 3014.55/(   8 -  1) = 430.65 | F=0.701(2)
 |      c__24,4_24,24 |       0.27378 | 25029.47/(  19 -  1) = 1390.53 | F=0.698(1)
 |     c__24,15_24,22 |        0.2715 | 1495.85/(   6 -  1) = 299.17 | F=0.673(2)
 |      c__24,9_24,23 |       0.26557 | 10488.90/(  13 -  1) = 874.07 | F=0.702(2)
 |     c__24,10_24,23 |       0.26389 | 8751.58/(  12 -  1) = 795.60 | F=0.694(2)
 |      c__24,5_24,24 |       0.26068 | 23095.05/(  18 -  1) = 1358.53 | F=0.690(1)
 |     c__24,16_24,22 |       0.26028 |  959.35/(   5 -  1) = 239.84 | F=0.657(2)
 |     c__24,11_24,23 |       0.24881 | 7638.55/(  11 -  1) = 763.85 | F=0.688(2)
 |      c__24,6_24,24 |       0.24541 | 21493.36/(  17 -  1) = 1343.34 | F=0.684(1)
 |     c__24,12_24,23 |       0.24227 | 6222.20/(  10 -  1) = 691.36 | F=0.678(2)
 |      c__24,7_24,24 |       0.23787 | 19385.82/(  16 -  1) = 1292.39 | F=0.680(1)
 |     c__24,13_24,23 |       0.22835 | 5056.57/(   9 -  1) = 632.07 | F=0.665(2)
 |      c__24,8_24,24 |       0.22519 | 17187.67/(  15 -  1) = 1227.69 | F=0.666(1)
 |     c__24,14_24,23 |       0.21979 | 3921.05/(   8 -  1) = 560.15 | F=0.653(2)
 |     c__24,14_24,23 |       0.21979 | 3921.05/(   8 -  1) = 560.15 | F=0.653(2)
 |     c__24,10_24,24 |       0.20613 | 13466.12/(  13 -  1) = 1122.18 | F=0.652(1)
 |      c__24,9_24,24 |       0.20516 | 16007.21/(  14 -  1) = 1231.32 | F=0.659(1)
 |     c__24,15_24,23 |       0.19463 | 3089.31/(   7 -  1) = 514.88 | F=0.638(2)
 |     c__24,11_24,24 |       0.18564 | 12460.76/(  12 -  1) = 1132.80 | F=0.647(1)
 |     c__24,16_24,23 |       0.18384 | 2188.28/(   6 -  1) = 437.66 | F=0.622(2)
 |     c__24,12_24,24 |       0.17598 | 10644.65/(  11 -  1) = 1064.46 | F=0.637(1)
 |     c__24,13_24,24 |       0.15933 | 9209.47/(  10 -  1) = 1023.27 | F=0.624(2)
 |     c__24,17_24,23 |       0.15276 | 1608.97/(   5 -  1) = 402.24 | F=0.606(2)
 |     c__24,14_24,24 |        0.1519 | 7468.46/(   9 -  1) = 933.56 | F=0.613(2)
 |     c__24,15_24,24 |       0.14187 | 5871.55/(   8 -  1) = 838.79 | F=0.597(2)
 |     c__24,16_24,24 |       0.13309 | 4445.54/(   7 -  1) = 740.92 | F=0.582(2)
 |     c__24,17_24,24 |        0.1135 | 3450.91/(   6 -  1) = 690.18 | F=0.566(2)
 |     c__24,18_24,24 |        0.1053 | 2238.85/(   5 -  1) = 559.71 | F=0.543(2)
 |     c2__24,3_24,11 |       0.10437 |    2.68/(   7 -  5) =   1.34 | F=5.33(6)*10^-2; dmf=1.250(369534); Ff=3.427(1087314372); dmi=2.23(1)*10^-2; Fi=1.109(1)
 |     c2__24,3_24,17 |     0.0088543 |    5.03/(  13 -  5) =   0.63 | F=-1.93(7655)*10^-2; dmf=3.865(472); Ff=-6.56(2465)*10^11; dmi=2.19(172)*10^-2; Fi=1.193(750)
 |     c2__24,3_24,16 |    0.00067955 |    5.02/(  12 -  5) =   0.72 | F=-5.52(7747)*10^-2; dmf=3.297(8604); Ff=-6.07(68728)*10^5; dmi=2.11(162)*10^-2; Fi=1.228(761)
 |     c2__24,5_24,11 |             0 |    0.04/(   5 -  5) =    inf | F=5.23(423)*10^-2; dmf=1.182(2702); Ff=7.65(44038)*10^3; dmi=2.24(40)*10^-2; Fi=1.111(46)
 |     c2__24,1_24,11 |     -0.015679 |   20.29/(   9 -  5) =   5.07 | F=5.55(2424)*10^-2; dmf=0.558(478); Ff=-4.87(2168)*10^1; dmi=2.12(52)*10^-2; Fi=1.113(259)
 |     c2__24,3_24,15 |      -0.11396 |    5.02/(  11 -  5) =   0.84 | F=-6.02(7728)*10^-2; dmf=2.873(1910); Ff=3.427(2000); dmi=2.10(159)*10^-2; Fi=1.233(759)
*|     c2__24,5_24,13 |      -0.90967 |    0.13/(   7 -  5) =   0.07 | F=0.652(593); dmf=3.753(482); Ff=-3.96(2237)*10^17; dmi=6.17(1094)*10^-2; Fi=0.539(484)
 |     c2__24,3_24,18 |       -0.9742 |    7.37/(  14 -  5) =   0.82 | F=0.564(420); dmf=0.490(285); Ff=-2.095(3164); dmi=5.04(471)*10^-2; Fi=0.625(391)
*|     c2__24,5_24,14 |       -2.1896 |    0.43/(   8 -  5) =   0.14 | F=0.771(336); dmf=0.689(464); Ff=-7.21(3328)*10^1; dmi=9.07(1323)*10^-2; Fi=0.437(220)
 |     c2__24,0_24,15 |       -3.4907 |    5.77/(  14 -  5) =   0.64 | F=1.003(504); dmf=0.102(193); Ff=-0.478(230); dmi=0.166(154); Fi=0.267(277)
 |     c2__24,2_24,11 |       -3.8233 |    6.69/(   8 -  5) =   2.23 | F=5.66(157)*10^-2; dmf=0.753(687); Ff=-2.80(2457)*10^2; dmi=2.24(22)*10^-2; Fi=1.113(17)
 |     c2__24,1_24,12 |       -6.0643 |   21.42/(  10 -  5) =   4.28 | F=5.58(115)*10^-2; dmf=0.733(575); Ff=-1.36(892)*10^2; dmi=2.20(17)*10^-2; Fi=1.114(13)
 |     c2__24,0_24,11 |       -7.1061 |   35.63/(  10 -  5) =   7.13 | F=5.76(123)*10^-2; dmf=0.824(236); Ff=-2.31(738)*10^3; dmi=2.14(14)*10^-2; Fi=1.114(13)
 |     c2__24,2_24,18 |        -9.156 |    7.71/(  15 -  5) =   0.77 | F=0.804(206); dmf=0.308(206); Ff=-0.984(798); dmi=0.103(78); Fi=0.418(171)
*|     c2__24,3_24,14 |       -10.897 |    0.99/(  10 -  5) =   0.20 | F=1.006(185); dmf=0.213(238); Ff=-1.462(2360); dmi=0.344(401); Fi=0.373(234)
 |     c2__24,1_24,17 |       -17.367 |    7.81/(  15 -  5) =   0.78 | F=0.974(268); dmf=0.152(174); Ff=-0.624(177); dmi=0.197(175); Fi=0.294(166)
 |     c2__24,3_24,19 |       -20.476 |    7.75/(  15 -  5) =   0.77 | F=0.823(232); dmf=0.264(143); Ff=-0.786(233); dmi=0.105(99); Fi=0.393(178)
 |     c2__24,4_24,19 |       -22.155 |    6.81/(  14 -  5) =   0.76 | F=5.13(2293)*10^-3; dmf=0.429(69); Ff=-1.084(390); dmi=2.04(12)*10^-2; Fi=1.151(24)
 |     c2__24,0_24,14 |       -28.158 |    2.35/(  13 -  5) =   0.29 | F=0.798(75); dmf=0.732(414); Ff=-1.15(495)*10^2; dmi=0.106(31); Fi=0.429(67)
*|     c2__24,2_24,14 |       -29.493 |    1.08/(  11 -  5) =   0.18 | F=0.908(125); dmf=0.387(319); Ff=-5.098(14350); dmi=0.181(123); Fi=0.354(76)
 |     c2__24,1_24,18 |       -34.251 |    7.91/(  16 -  5) =   0.72 | F=0.883(148); dmf=0.239(149); Ff=-0.803(387); dmi=0.144(84); Fi=0.361(116)
 |     c2__24,0_24,18 |       -37.995 |    8.43/(  17 -  5) =   0.70 | F=0.796(117); dmf=0.326(154); Ff=-1.079(756); dmi=0.102(39); Fi=0.429(106)
*|     c2__24,1_24,13 |       -40.537 |    1.05/(  11 -  5) =   0.17 | F=0.869(76); dmf=0.617(445); Ff=-5.42(2668)*10^1; dmi=0.151(59); Fi=0.383(55)
 |     c2__24,2_24,19 |       -91.768 |    7.83/(  16 -  5) =   0.71 | F=0.875(143); dmf=0.233(103); Ff=-0.757(158); dmi=0.134(84); Fi=0.360(103)
 |     c2__24,2_24,17 |       -156.97 |    6.47/(  14 -  5) =   0.72 | F=0.385(26); dmf=2.199(286); Ff=-1.30(296)*10^6; dmi=3.78(20)*10^-2; Fi=0.806(26)
 |     c2__24,0_24,19 |       -189.92 |    8.74/(  18 -  5) =   0.67 | F=0.846(95); dmf=0.254(83); Ff=-0.782(178); dmi=0.119(41); Fi=0.382(84)
 |   csnk__24,5_24,19 |       -207.24 |   15.45/(  13 -  3) =   1.55 | F=1.208(55); dmf=7.65(128)*10^-2; Ff=-0.761(27)
 |     c2__24,5_24,18 |       -222.65 |    6.06/(  12 -  5) =   0.87 | F=0.223(25); dmf=0.604(119); Ff=-3.611(2839); dmi=2.77(17)*10^-2; Fi=0.947(27)
*|     c2__24,4_24,14 |       -245.48 |    0.51/(   9 -  5) =   0.13 | F=0.318(33); dmf=1.027(261); Ff=-1.72(484)*10^3; dmi=2.98(26)*10^-2; Fi=0.843(33)
 |     c2__24,1_24,19 |       -259.68 |    7.94/(  17 -  5) =   0.66 | F=0.907(101); dmf=0.214(80); Ff=-0.742(122); dmi=0.157(69); Fi=0.342(74)
*|     c2__24,4_24,13 |       -276.39 |    0.25/(   8 -  5) =   0.08 | F=0.487(23); dmf=2.668(647); Ff=-8.06(6329)*10^11; dmi=4.01(33)*10^-2; Fi=0.681(25)
 |     c2__24,4_24,22 |       -327.67 |    9.22/(  17 -  5) =   0.77 | F=1.021(82); dmf=0.135(26); Ff=-0.674(61); dmi=0.238(179); Fi=0.254(95)
 |     c2__24,3_24,20 |       -502.79 |    8.47/(  16 -  5) =   0.77 | F=0.953(132); dmf=0.174(67); Ff=-0.682(48); dmi=0.186(143); Fi=0.308(52)
 |   csnk__24,5_24,20 |       -542.84 |   17.19/(  14 -  3) =   1.56 | F=1.171(35); dmf=8.73(100)*10^-2; Ff=-0.756(17)
 |     c2__24,0_24,12 |       -556.47 |    2.07/(  11 -  5) =   0.35 | F=0.766(55); dmf=2.03(45)*10^1; Ff=-5.35(164)*10^2; dmi=9.56(200)*10^-2; Fi=0.460(48)
 |     c2__24,3_24,21 |       -685.87 |    9.31/(  17 -  5) =   0.78 | F=1.021(78); dmf=0.138(32); Ff=-0.683(43); dmi=0.270(156); Fi=0.302(79)
 |     c2__24,2_24,20 |       -805.67 |    8.47/(  17 -  5) =   0.71 | F=0.948(105); dmf=0.176(57); Ff=-0.681(41); dmi=0.180(99); Fi=0.309(56)
 |     c2__24,0_24,20 |       -950.18 |    9.73/(  19 -  5) =   0.69 | F=0.907(79); dmf=0.196(49); Ff=-0.671(45); dmi=0.144(45); Fi=0.330(65)
 |   csnk__24,5_24,21 |        -982.5 |   17.77/(  15 -  3) =   1.48 | F=1.156(26); dmf=9.23(76)*10^-2; Ff=-0.755(14)
 |     c2__24,3_24,22 |       -1054.2 |    9.46/(  18 -  5) =   0.73 | F=1.040(54); dmf=0.129(19); Ff=-0.689(38); dmi=0.302(145); Fi=0.310(103)
 |     c2__24,2_24,13 |       -1368.4 |    3.04/(  10 -  5) =   0.61 | F=-0.153(32); dmf=1.18(4029788)*10^-6; Ff=0.812(32); dmi=6.76(76)*10^-2; Fi=0.549(32)
 |     c2__24,3_24,12 |       -1553.2 |    1.09/(   8 -  5) =   0.36 | F=-0.206(35); dmf=1.93(288778)*10^-5; Ff=0.951(35); dmi=8.65(140)*10^-2; Fi=0.470(43)
 |     c2__24,0_24,21 |       -1609.9 |   11.21/(  20 -  5) =   0.75 | F=0.955(69); dmf=0.161(32); Ff=-0.641(33); dmi=0.167(49); Fi=0.291(51)
 |   csnk__24,5_24,22 |       -1642.7 |   19.29/(  16 -  3) =   1.48 | F=1.139(19); dmf=9.83(59)*10^-2; Ff=-0.754(12)
 |     c2__24,1_24,20 |       -1741.1 |    8.49/(  18 -  5) =   0.65 | F=0.959(76); dmf=0.171(44); Ff=-0.683(36); dmi=0.192(70); Fi=0.306(47)
 |     c2__24,3_24,23 |         -1813 |    9.80/(  19 -  5) =   0.70 | F=1.058(37); dmf=0.122(12); Ff=-0.698(30); dmi=0.342(140); Fi=0.326(130)
 |     c2__24,2_24,21 |       -1975.9 |    9.42/(  18 -  5) =   0.72 | F=1.005(73); dmf=0.143(31); Ff=-0.672(39); dmi=0.232(102); Fi=0.283(33)
 |   csnk__24,5_24,23 |       -2543.4 |   20.19/(  17 -  3) =   1.44 | F=1.129(15); dmf=0.102(5); Ff=-0.752(11)
 |     c2__24,3_24,24 |       -2620.3 |   10.32/(  20 -  5) =   0.69 | F=1.040(34); dmf=0.129(10); Ff=-0.686(30); dmi=0.297(115); Fi=0.303(93)
 |     c2__24,0_24,22 |       -2867.7 |   11.69/(  21 -  5) =   0.73 | F=0.982(54); dmf=0.147(21); Ff=-0.645(34); dmi=0.185(46); Fi=0.272(37)
 |   csnk__24,5_24,24 |       -3239.5 |   26.79/(  18 -  3) =   1.79 | F=1.110(11); dmf=0.109(4); Ff=-0.747(9)
 |     c2__24,2_24,22 |         -3273 |    9.64/(  19 -  5) =   0.69 | F=1.026(52); dmf=0.134(19); Ff=-0.678(36); dmi=0.258(93); Fi=0.278(35)
 |     c2__24,1_24,21 |       -3297.7 |    9.43/(  19 -  5) =   0.67 | F=1.000(61); dmf=0.145(27); Ff=-0.669(32); dmi=0.224(72); Fi=0.282(33)
 |     c2__24,0_24,13 |       -3603.6 |    3.97/(  12 -  5) =   0.57 | F=-0.211(29); dmf=5.12(23411976)*10^-7; Ff=0.915(29); dmi=7.89(80)*10^-2; Fi=0.516(28)
 |     c2__24,2_24,23 |       -4883.5 |   10.11/(  20 -  5) =   0.67 | F=1.047(38); dmf=0.125(12); Ff=-0.688(30); dmi=0.288(89); Fi=0.275(42)
 |     c2__24,0_24,23 |       -6041.7 |   12.42/(  22 -  5) =   0.73 | F=1.010(40); dmf=0.135(13); Ff=-0.656(32); dmi=0.204(44); Fi=0.253(26)
 |     c2__24,1_24,22 |       -6082.2 |    9.70/(  20 -  5) =   0.65 | F=1.019(47); dmf=0.136(18); Ff=-0.673(31); dmi=0.242(67); Fi=0.273(26)
 |     c2__24,2_24,24 |       -7207.7 |   10.49/(  21 -  5) =   0.66 | F=1.032(33); dmf=0.131(10); Ff=-0.678(29); dmi=0.263(76); Fi=0.275(36)
 |     c2__24,0_24,24 |        -10174 |   12.48/(  23 -  5) =   0.69 | F=1.004(34); dmf=0.137(10); Ff=-0.653(29); dmi=0.200(40); Fi=0.257(22)
 |     c2__24,1_24,23 |        -10811 |   10.26/(  21 -  5) =   0.64 | F=1.039(36); dmf=0.127(12); Ff=-0.681(28); dmi=0.264(64); Fi=0.263(22)
*|     c2__24,5_24,12 |        -12968 |    0.03/(   6 -  5) =   0.03 | F=-3.734(38); dmf=1.256(671); Ff=9.51(8215)*10^4; dmi=4.49(56)*10^-3; Fi=4.888(39)
 |     c2__24,1_24,24 |        -16215 |   10.57/(  22 -  5) =   0.62 | F=1.027(31); dmf=0.132(9); Ff=-0.674(27); dmi=0.249(56); Fi=0.267(20)
 |     c2__24,4_24,16 |        -18087 |    3.53/(  11 -  5) =   0.59 | F=-3.025(30); dmf=2.786(1902); Ff=3.427(1997); dmi=5.22(18)*10^-3; Fi=4.178(30)
*|   csnk__24,5_24,11 |        -21403 |    0.06/(   5 -  3) =   0.03 | F=3.294(50); dmf=8.95(88)*10^-3; Ff=-2.668(53)
*|   csrc__24,4_24,11 |        -49610 |    0.06/(   6 -  3) =   0.02 | F=-2.277(43); dmi=6.28(53)*10^-3; Fi=3.426(44)
 |     c2__24,5_24,15 |        -64700 |    3.43/(   9 -  5) =   0.86 | F=-9.163(32); dmf=3.231(1925); Ff=3.427(1997); dmi=2.06(9)*10^-3; Fi=1.03(0)*10^1
 |     c2__24,0_24,17 |    -1.596e+05 |   24.24/(  16 -  5) =   2.20 | F=4.10(19)*10^-2; dmf=5.884(1399); Ff=-7.32(14)*10^1; dmi=2.54(2)*10^-2; Fi=1.156(2)
 |     c2__24,4_24,15 |   -2.0483e+05 |    3.43/(  10 -  5) =   0.69 | F=-1.36(0)*10^1; dmf=2.832(1905); Ff=3.427(1997); dmi=1.43(5)*10^-3; Fi=1.47(0)*10^1
 |     c2__24,2_24,12 |   -2.2851e+05 |    0.83/(   9 -  5) =   0.21 | F=8.236(31); dmf=2.33(27)*10^-3; Ff=-7.538(32); dmi=0.422(196); Fi=0.193(90)
 |     c2__24,4_24,17 |    -2.304e+05 |   18.53/(  12 -  5) =   2.65 | F=7.58(21)*10^-2; dmf=5.243(1395); Ff=-1.21(1)*10^2; dmi=2.53(2)*10^-2; Fi=1.107(3)
 |     c2__24,3_24,13 |   -2.3359e+05 |    2.72/(   9 -  5) =   0.68 | F=4.67(27)*10^-2; dmf=2.05(14)*10^1; Ff=-1.02(1)*10^2; dmi=2.30(3)*10^-2; Fi=1.124(3)
 |     c2__24,1_24,15 |   -4.8024e+05 |   12.44/(  13 -  5) =   1.55 | F=4.33(21)*10^-2; dmf=1.31(14)*10^1; Ff=-2.25(1)*10^2; dmi=2.45(3)*10^-2; Fi=1.146(3)
 |   csnk__24,5_24,16 |   -6.7353e+05 |    3.60/(  10 -  3) =   0.51 | F=2.83(0)*10^1; dmf=7.54(28)*10^-4; Ff=-2.77(0)*10^1
*|     c2__24,4_24,12 |   -7.1966e+05 |    0.05/(   7 -  5) =   0.02 | F=-2.05(0)*10^1; dmf=1.649(926); Ff=1.31(1601)*10^7; dmi=9.65(79)*10^-4; Fi=2.16(0)*10^1
*|   csnk__24,5_24,12 |   -1.0398e+06 |    0.41/(   6 -  3) =   0.14 | F=3.41(0)*10^1; dmf=5.95(46)*10^-4; Ff=-3.35(0)*10^1
