This file contains any messages produced by compilers while
running configure, to aid debugging if configure makes a mistake.

It was created by 3pt_fit configure 1.0, which was
generated by GNU Autoconf 2.69.  Invocation command line was

  $ ../configure --prefix=/Users/archanar/three_pt_analysis/three_pt_fit_install --with-adat=/Users/archanar/Scattering/adat_install --with-itpp=/Users/archanar/Scattering/itpp_install --with-fitting=/Users/archanar/three_pt_analysis/fitting_lib_install --with-semble=/Users/archanar/three_pt_analysis/semble_install CXXFLAGS=-Wall -g -O3 -mtune=native -fopenmp -fbounds-check CFLAGS=-Wall -g -O3 -mtune=native -fopenmp -fbounds-check CXX=g++-8 CC=gcc-8

## --------- ##
## Platform. ##
## --------- ##

hostname = Arch.local
uname -m = x86_64
uname -r = 18.5.0
uname -s = Darwin
uname -v = Darwin Kernel Version 18.5.0: Mon Mar 11 20:40:32 PDT 2019; root:xnu-4903.251.3~3/RELEASE_X86_64

/usr/bin/uname -p = i386
/bin/uname -X     = unknown

/bin/arch              = unknown
/usr/bin/arch -k       = unknown
/usr/convex/getsysinfo = unknown
/usr/bin/hostinfo      = Mach kernel version:
	 Darwin Kernel Version 18.5.0: Mon Mar 11 20:40:32 PDT 2019; root:xnu-4903.251.3~3/RELEASE_X86_64
Kernel configured for up to 8 processors.
4 processors are physically available.
8 processors are logically available.
Processor type: x86_64h (Intel x86-64h Haswell)
Processors active: 0 1 2 3 4 5 6 7
Primary memory available: 16.00 gigabytes
Default processor set: 490 tasks, 2209 threads, 8 processors
Load average: 5.12, Mach factor: 2.87
/bin/machine           = unknown
/usr/bin/oslevel       = unknown
/bin/universe          = unknown

PATH: /usr/local/Cellar/libxml2/2.9.9_2/bin/
PATH: /opt/local/bin
PATH: /opt/local/sbin
PATH: /Users/archanar/anaconda/bin
PATH: /Library/Frameworks/Python.framework/Versions/3.6/bin
PATH: /usr/local/bin
PATH: /usr/bin
PATH: /bin
PATH: /usr/sbin
PATH: /sbin
PATH: /usr/local/Cellar
PATH: /usr/local/Eigen
PATH: /opt/local/bin
PATH: /opt/local/sbin
PATH: /Library/TeX/texbin
PATH: /opt/X11/bin


## ----------- ##
## Core tests. ##
## ----------- ##

configure:2060: checking for C++ compiler version
configure:2069: g++-8 --version >&5
g++-8 (Homebrew GCC 8.2.0) 8.2.0
Copyright (C) 2018 Free Software Foundation, Inc.
This is free software; see the source for copying conditions.  There is NO
warranty; not even for MERCHANTABILITY or FITNESS FOR A PARTICULAR PURPOSE.

configure:2080: $? = 0
configure:2069: g++-8 -v >&5
Using built-in specs.
COLLECT_GCC=g++-8
COLLECT_LTO_WRAPPER=/usr/local/Cellar/gcc/8.2.0/libexec/gcc/x86_64-apple-darwin18.0.0/8.2.0/lto-wrapper
Target: x86_64-apple-darwin18.0.0
Configured with: ../configure --build=x86_64-apple-darwin18.0.0 --prefix=/usr/local/Cellar/gcc/8.2.0 --libdir=/usr/local/Cellar/gcc/8.2.0/lib/gcc/8 --enable-languages=c,c++,objc,obj-c++,fortran --program-suffix=-8 --with-gmp=/usr/local/opt/gmp --with-mpfr=/usr/local/opt/mpfr --with-mpc=/usr/local/opt/libmpc --with-isl=/usr/local/opt/isl --with-system-zlib --enable-checking=release --with-pkgversion='Homebrew GCC 8.2.0' --with-bugurl=https://github.com/Homebrew/homebrew-core/issues --disable-nls --disable-multilib --with-native-system-header-dir=/usr/include --with-sysroot=/Library/Developer/CommandLineTools/SDKs/MacOSX.sdk
Thread model: posix
gcc version 8.2.0 (Homebrew GCC 8.2.0) 
configure:2080: $? = 0
configure:2069: g++-8 -V >&5
g++-8: error: unrecognized command line option '-V'
g++-8: fatal error: no input files
compilation terminated.
configure:2080: $? = 1
configure:2069: g++-8 -qversion >&5
g++-8: error: unrecognized command line option '-qversion'; did you mean '--version'?
g++-8: fatal error: no input files
compilation terminated.
configure:2080: $? = 1
configure:2100: checking whether the C++ compiler works
configure:2122: g++-8 -Wall -g -O3 -mtune=native -fopenmp -fbounds-check   conftest.cpp  >&5
configure:2126: $? = 0
configure:2174: result: yes
configure:2177: checking for C++ compiler default output file name
configure:2179: result: a.out
configure:2185: checking for suffix of executables
configure:2192: g++-8 -o conftest -Wall -g -O3 -mtune=native -fopenmp -fbounds-check   conftest.cpp  >&5
configure:2196: $? = 0
configure:2218: result: 
configure:2240: checking whether we are cross compiling
configure:2248: g++-8 -o conftest -Wall -g -O3 -mtune=native -fopenmp -fbounds-check   conftest.cpp  >&5
configure:2252: $? = 0
configure:2259: ./conftest
configure:2263: $? = 0
configure:2278: result: no
configure:2283: checking for suffix of object files
configure:2305: g++-8 -c -Wall -g -O3 -mtune=native -fopenmp -fbounds-check  conftest.cpp >&5
configure:2309: $? = 0
configure:2330: result: o
configure:2334: checking whether we are using the GNU C++ compiler
configure:2353: g++-8 -c -Wall -g -O3 -mtune=native -fopenmp -fbounds-check  conftest.cpp >&5
configure:2353: $? = 0
configure:2362: result: yes
configure:2371: checking whether g++-8 accepts -g
configure:2391: g++-8 -c -g  conftest.cpp >&5
configure:2391: $? = 0
configure:2432: result: yes
configure:2567: checking for C compiler version
configure:2576: gcc-8 --version >&5
gcc-8 (Homebrew GCC 8.2.0) 8.2.0
Copyright (C) 2018 Free Software Foundation, Inc.
This is free software; see the source for copying conditions.  There is NO
warranty; not even for MERCHANTABILITY or FITNESS FOR A PARTICULAR PURPOSE.

configure:2587: $? = 0
configure:2576: gcc-8 -v >&5
Using built-in specs.
COLLECT_GCC=gcc-8
COLLECT_LTO_WRAPPER=/usr/local/Cellar/gcc/8.2.0/libexec/gcc/x86_64-apple-darwin18.0.0/8.2.0/lto-wrapper
Target: x86_64-apple-darwin18.0.0
Configured with: ../configure --build=x86_64-apple-darwin18.0.0 --prefix=/usr/local/Cellar/gcc/8.2.0 --libdir=/usr/local/Cellar/gcc/8.2.0/lib/gcc/8 --enable-languages=c,c++,objc,obj-c++,fortran --program-suffix=-8 --with-gmp=/usr/local/opt/gmp --with-mpfr=/usr/local/opt/mpfr --with-mpc=/usr/local/opt/libmpc --with-isl=/usr/local/opt/isl --with-system-zlib --enable-checking=release --with-pkgversion='Homebrew GCC 8.2.0' --with-bugurl=https://github.com/Homebrew/homebrew-core/issues --disable-nls --disable-multilib --with-native-system-header-dir=/usr/include --with-sysroot=/Library/Developer/CommandLineTools/SDKs/MacOSX.sdk
Thread model: posix
gcc version 8.2.0 (Homebrew GCC 8.2.0) 
configure:2587: $? = 0
configure:2576: gcc-8 -V >&5
gcc-8: error: unrecognized command line option '-V'
gcc-8: fatal error: no input files
compilation terminated.
configure:2587: $? = 1
configure:2576: gcc-8 -qversion >&5
gcc-8: error: unrecognized command line option '-qversion'; did you mean '--version'?
gcc-8: fatal error: no input files
compilation terminated.
configure:2587: $? = 1
configure:2591: checking whether we are using the GNU C compiler
configure:2610: gcc-8 -c -Wall -g -O3 -mtune=native -fopenmp -fbounds-check  conftest.c >&5
configure:2610: $? = 0
configure:2619: result: yes
configure:2628: checking whether gcc-8 accepts -g
configure:2648: gcc-8 -c -g  conftest.c >&5
configure:2648: $? = 0
configure:2689: result: yes
configure:2706: checking for gcc-8 option to accept ISO C89
configure:2769: gcc-8  -c -Wall -g -O3 -mtune=native -fopenmp -fbounds-check  conftest.c >&5
configure:2769: $? = 0
configure:2782: result: none needed
configure:2810: checking whether gcc-8 understands -c and -o together
configure:2832: gcc-8 -c conftest.c -o conftest2.o
configure:2835: $? = 0
configure:2832: gcc-8 -c conftest.c -o conftest2.o
configure:2835: $? = 0
configure:2847: result: yes
configure:2907: checking for ranlib
configure:2923: found /usr/bin/ranlib
configure:2934: result: ranlib
configure:2973: checking for a BSD-compatible install
configure:3041: result: /usr/bin/install -c
configure:3052: checking whether build environment is sane
configure:3107: result: yes
configure:3255: checking for a thread-safe mkdir -p
configure:3294: result: ../config/install-sh -c -d
configure:3301: checking for gawk
configure:3331: result: no
configure:3301: checking for mawk
configure:3331: result: no
configure:3301: checking for nawk
configure:3331: result: no
configure:3301: checking for awk
configure:3317: found /usr/bin/awk
configure:3328: result: awk
configure:3339: checking whether make sets $(MAKE)
configure:3361: result: yes
configure:3383: checking whether make supports the include directive
configure:3398: make -f confmf.GNU && cat confinc.out
this is the am__doit target
configure:3401: $? = 0
configure:3420: result: yes (GNU style)
configure:3453: checking whether make supports nested variables
configure:3470: result: yes
configure:3555: checking dependency style of gcc-8
configure:3666: result: gcc3
configure:3683: checking dependency style of g++-8
configure:3794: result: gcc3
configure:3906: checking for adat-config
configure:3925: found /Users/archanar/Scattering/adat_install/bin/adat-config
configure:3937: result: /Users/archanar/Scattering/adat_install/bin/adat-config
configure:3951: Found ADAT configuration program /Users/archanar/Scattering/adat_install/bin/adat-config
configure:3955: ADAT compiler: g++-8
configure:3959: ADAT compile flags: -O2 -I/Users/archanar/Scattering/adat_install/include -I/usr/local/Cellar/libxml2/2.9.9_2/include/libxml2
configure:3963: ADAT linking flags: -L/Users/archanar/Scattering/adat_install/lib
configure:3967: ADAT libraries flags: -ladat -lfiledb -lfilehash -lXPathReader -lxmlWriter -lMinuit2Base -L/usr/local/Cellar/libxml2/2.9.9_2/lib -lxml2 -lz -lpthread -liconv -lm
configure:3973: checking if we can compile/link a simple adat program
configure:4014: g++-8 -o conftest -Wall -g -O3 -mtune=native -fopenmp -fbounds-check -O2 -I/Users/archanar/Scattering/adat_install/include -I/usr/local/Cellar/libxml2/2.9.9_2/include/libxml2   -L/Users/archanar/Scattering/adat_install/lib conftest.cpp  -ladat -lfiledb -lfilehash -lXPathReader -lxmlWriter -lMinuit2Base -L/usr/local/Cellar/libxml2/2.9.9_2/lib -lxml2 -lz -lpthread -liconv -lm >&5
conftest.cpp: In function 'int main()':
conftest.cpp:21:16: warning: ISO C++ forbids converting a string constant to 'char*' [-Wwrite-strings]
  char *docname="foo";
                ^~~~~
conftest.cpp:19:13: warning: unused variable 'argc' [-Wunused-variable]
         int argc ; char **argv ;
             ^~~~
conftest.cpp:19:27: warning: unused variable 'argv' [-Wunused-variable]
         int argc ; char **argv ;
                           ^~~~
conftest.cpp:20:19: warning: variable 'doc' set but not used [-Wunused-but-set-variable]
         xmlDocPtr doc;
                   ^~~
configure:4014: $? = 0
configure:4041: result: yes
configure:4103: checking for itpp-config
configure:4122: found /Users/archanar/Scattering/itpp_install/bin/itpp-config
configure:4134: result: /Users/archanar/Scattering/itpp_install/bin/itpp-config
configure:4148: Found ITPP configuration program 
configure:4152: ITPP compile flags:  -I/Users/archanar/Scattering/itpp_install/include -std=c++0x -O3
configure:4156: ITPP libraries flags:  -L/Users/archanar/Scattering/itpp_install/lib -litpp -llapack -lblas
configure:4216: checking for semble-config
configure:4235: found /Users/archanar/three_pt_analysis/semble_install/bin/semble-config
configure:4247: result: /Users/archanar/three_pt_analysis/semble_install/bin/semble-config
configure:4263: Found semble configuration program /Users/archanar/three_pt_analysis/semble_install/bin/semble-config
configure:4267: semble compiler: g++-8
configure:4271: semble compile flags: -O3 -mtune=native -fopenmp -fbounds-check -I/Users/archanar/three_pt_analysis/semble_install/include
configure:4275: semble linking flags: -L/Users/archanar/three_pt_analysis/semble_install/lib
configure:4279: semble libraries flags: -lsemble
configure:4339: checking for fitting-config
configure:4358: found /Users/archanar/three_pt_analysis/fitting_lib_install/bin/fitting-config
configure:4370: result: /Users/archanar/three_pt_analysis/fitting_lib_install/bin/fitting-config
configure:4386: Found fitting_lib configuration program /Users/archanar/three_pt_analysis/fitting_lib_install/bin/fitting-config
configure:4390: fitting_lib compiler: g++-8
configure:4394: fitting_lib compile flags: -O3 -mtune=native -fopenmp -fbounds-check -I/Users/archanar/three_pt_analysis/fitting_lib_install/include
configure:4398: fitting_lib linking flags: -L/Users/archanar/three_pt_analysis/fitting_lib_install/lib
configure:4402: fitting_lib libraries flags: -lfitting
configure:4558: checking that generated files are newer than configure
configure:4564: result: done
configure:4591: creating ./config.status

## ---------------------- ##
## Running config.status. ##
## ---------------------- ##

This file was extended by 3pt_fit config.status 1.0, which was
generated by GNU Autoconf 2.69.  Invocation command line was

  CONFIG_FILES    = 
  CONFIG_HEADERS  = 
  CONFIG_LINKS    = 
  CONFIG_COMMANDS = 
  $ ./config.status 

on Arch.local

config.status:796: creating Makefile
config.status:796: creating fitting-config
config.status:796: creating src/Makefile
config.status:953: executing depfiles commands
config.status:1030: cd src       && sed -e '/# am--include-marker/d' Makefile         | make -f - am--depfiles
make: Nothing to be done for `am--depfiles'.
config.status:1035: $? = 0

## ---------------- ##
## Cache variables. ##
## ---------------- ##

ac_cv_c_compiler_gnu=yes
ac_cv_cxx_compiler_gnu=yes
ac_cv_env_CCC_set=
ac_cv_env_CCC_value=
ac_cv_env_CC_set=set
ac_cv_env_CC_value=gcc-8
ac_cv_env_CFLAGS_set=set
ac_cv_env_CFLAGS_value='-Wall -g -O3 -mtune=native -fopenmp -fbounds-check'
ac_cv_env_CPPFLAGS_set=
ac_cv_env_CPPFLAGS_value=
ac_cv_env_CXXFLAGS_set=set
ac_cv_env_CXXFLAGS_value='-Wall -g -O3 -mtune=native -fopenmp -fbounds-check'
ac_cv_env_CXX_set=set
ac_cv_env_CXX_value=g++-8
ac_cv_env_LDFLAGS_set=
ac_cv_env_LDFLAGS_value=
ac_cv_env_LIBS_set=
ac_cv_env_LIBS_value=
ac_cv_env_build_alias_set=
ac_cv_env_build_alias_value=
ac_cv_env_host_alias_set=
ac_cv_env_host_alias_value=
ac_cv_env_target_alias_set=
ac_cv_env_target_alias_value=
ac_cv_objext=o
ac_cv_path_ADAT_CONFIG=/Users/archanar/Scattering/adat_install/bin/adat-config
ac_cv_path_FITTING_LIB_CONFIG=/Users/archanar/three_pt_analysis/fitting_lib_install/bin/fitting-config
ac_cv_path_ITPP_CONFIG=/Users/archanar/Scattering/itpp_install/bin/itpp-config
ac_cv_path_SEMBLE_CONFIG=/Users/archanar/three_pt_analysis/semble_install/bin/semble-config
ac_cv_path_install='/usr/bin/install -c'
ac_cv_prog_AWK=awk
ac_cv_prog_ac_ct_RANLIB=ranlib
ac_cv_prog_cc_c89=
ac_cv_prog_cc_g=yes
ac_cv_prog_cxx_g=yes
ac_cv_prog_make_make_set=yes
am_cv_CC_dependencies_compiler_type=gcc3
am_cv_CXX_dependencies_compiler_type=gcc3
am_cv_make_support_nested_variables=yes
am_cv_prog_cc_c_o=yes

## ----------------- ##
## Output variables. ##
## ----------------- ##

ACLOCAL='${SHELL} /Users/archanar/three_pt_analysis/three_pt_fit/config/missing aclocal-1.16'
ADAT_CONFIG='/Users/archanar/Scattering/adat_install/bin/adat-config'
ADAT_CXXFLAGS='-O2 -I/Users/archanar/Scattering/adat_install/include -I/usr/local/Cellar/libxml2/2.9.9_2/include/libxml2'
ADAT_LDFLAGS='-L/Users/archanar/Scattering/adat_install/lib'
ADAT_LIBS='-ladat -lfiledb -lfilehash -lXPathReader -lxmlWriter -lMinuit2Base -L/usr/local/Cellar/libxml2/2.9.9_2/lib -lxml2 -lz -lpthread -liconv -lm'
AMDEPBACKSLASH='\'
AMDEP_FALSE='#'
AMDEP_TRUE=''
AMTAR='$${TAR-tar}'
AM_BACKSLASH='\'
AM_DEFAULT_V='$(AM_DEFAULT_VERBOSITY)'
AM_DEFAULT_VERBOSITY='1'
AM_V='$(V)'
AUTOCONF='${SHELL} /Users/archanar/three_pt_analysis/three_pt_fit/config/missing autoconf'
AUTOHEADER='${SHELL} /Users/archanar/three_pt_analysis/three_pt_fit/config/missing autoheader'
AUTOMAKE='${SHELL} /Users/archanar/three_pt_analysis/three_pt_fit/config/missing automake-1.16'
AWK='awk'
CC='gcc-8'
CCDEPMODE='depmode=gcc3'
CFLAGS='-Wall -g -O3 -mtune=native -fopenmp -fbounds-check'
CPPFLAGS=''
CXX='g++-8'
CXXDEPMODE='depmode=gcc3'
CXXFLAGS='-Wall -g -O3 -mtune=native -fopenmp -fbounds-check'
CYGPATH_W='echo'
DEFS='-DPACKAGE_NAME=\"3pt_fit\" -DPACKAGE_TARNAME=\"3pt_fit\" -DPACKAGE_VERSION=\"1.0\" -DPACKAGE_STRING=\"3pt_fit\ 1.0\" -DPACKAGE_BUGREPORT=\"archanar@jlab.org\" -DPACKAGE_URL=\"\" -DPACKAGE=\"3pt_fit\" -DVERSION=\"1.0\"'
DEPDIR='.deps'
ECHO_C='\c'
ECHO_N=''
ECHO_T=''
EXEEXT=''
FITTING_LIBS='-lfitting'
FITTING_LIB_CONFIG='/Users/archanar/three_pt_analysis/fitting_lib_install/bin/fitting-config'
FITTING_LIB_CXXFLAGS='-O3 -mtune=native -fopenmp -fbounds-check -I/Users/archanar/three_pt_analysis/fitting_lib_install/include'
FITTING_LIB_LDFLAGS='-L/Users/archanar/three_pt_analysis/fitting_lib_install/lib'
INSTALL_DATA='${INSTALL} -m 644'
INSTALL_PROGRAM='${INSTALL}'
INSTALL_SCRIPT='${INSTALL}'
INSTALL_STRIP_PROGRAM='$(install_sh) -c -s'
ITPP_CONFIG='/Users/archanar/Scattering/itpp_install/bin/itpp-config'
ITPP_CXXFLAGS=' -I/Users/archanar/Scattering/itpp_install/include -std=c++0x -O3'
ITPP_LIBS=' -L/Users/archanar/Scattering/itpp_install/lib -litpp -llapack -lblas'
LDFLAGS=''
LIBOBJS=''
LIBS=''
LTLIBOBJS=''
MAKEINFO='${SHELL} /Users/archanar/three_pt_analysis/three_pt_fit/config/missing makeinfo'
MKDIR_P='../config/install-sh -c -d'
OBJEXT='o'
PACKAGE='3pt_fit'
PACKAGE_BUGREPORT='archanar@jlab.org'
PACKAGE_NAME='3pt_fit'
PACKAGE_STRING='3pt_fit 1.0'
PACKAGE_TARNAME='3pt_fit'
PACKAGE_URL=''
PACKAGE_VERSION='1.0'
PATH_SEPARATOR=':'
RANLIB='ranlib'
SEMBLE_CONFIG='/Users/archanar/three_pt_analysis/semble_install/bin/semble-config'
SEMBLE_CXXFLAGS='-O3 -mtune=native -fopenmp -fbounds-check -I/Users/archanar/three_pt_analysis/semble_install/include'
SEMBLE_LDFLAGS='-L/Users/archanar/three_pt_analysis/semble_install/lib'
SEMBLE_LIBS='-lsemble'
SET_MAKE=''
SHELL='/bin/sh'
STRIP=''
VERSION='1.0'
ac_ct_CC=''
ac_ct_CXX=''
am__EXEEXT_FALSE=''
am__EXEEXT_TRUE='#'
am__fastdepCC_FALSE='#'
am__fastdepCC_TRUE=''
am__fastdepCXX_FALSE='#'
am__fastdepCXX_TRUE=''
am__include='include'
am__isrc=' -I$(srcdir)'
am__leading_dot='.'
am__nodep='_no'
am__quote=''
am__tar='$${TAR-tar} chof - "$$tardir"'
am__untar='$${TAR-tar} xf -'
bindir='${exec_prefix}/bin'
build_alias=''
datadir='${datarootdir}'
datarootdir='${prefix}/share'
docdir='${datarootdir}/doc/${PACKAGE_TARNAME}'
dvidir='${docdir}'
exec_prefix='${prefix}'
host_alias=''
htmldir='${docdir}'
includedir='${prefix}/include'
infodir='${datarootdir}/info'
install_sh='${SHELL} /Users/archanar/three_pt_analysis/three_pt_fit/config/install-sh'
libdir='${exec_prefix}/lib'
libexecdir='${exec_prefix}/libexec'
localedir='${datarootdir}/locale'
localstatedir='${prefix}/var'
mandir='${datarootdir}/man'
mkdir_p='$(MKDIR_P)'
oldincludedir='/usr/include'
pdfdir='${docdir}'
prefix='/Users/archanar/three_pt_analysis/three_pt_fit_install'
program_transform_name='s,x,x,'
psdir='${docdir}'
sbindir='${exec_prefix}/sbin'
sharedstatedir='${prefix}/com'
sysconfdir='${prefix}/etc'
target_alias=''

## ----------- ##
## confdefs.h. ##
## ----------- ##

/* confdefs.h */
#define PACKAGE_NAME "3pt_fit"
#define PACKAGE_TARNAME "3pt_fit"
#define PACKAGE_VERSION "1.0"
#define PACKAGE_STRING "3pt_fit 1.0"
#define PACKAGE_BUGREPORT "archanar@jlab.org"
#define PACKAGE_URL ""
#define PACKAGE "3pt_fit"
#define VERSION "1.0"

configure: exit 0
