 |                    fit_name |       quality |   chisq/nDoF                 |
-------------------------------------------------------------------------------
e|   c2_Dt8_1-7xcsnk_Dt12_3-11 |    3.2625e+06 |   10.57/(  16 -  7) =   1.17 | F=0.837(15); Ff_Dt8=6.08(43)*10^-2; Ef_Dt8=0.900(146); Fi_Dt8=5.85(43)*10^-2; Ei_Dt8=0.822(128); Ff_Dt12=5.06(87)*10^-2; Ef_Dt12=0.686(226)
*|      c2_Dt8_1-7xc_Dt12_2-10 |    2.9423e+06 |   21.02/(  16 -  5) =   1.91 | F=0.839(15); Ff_Dt8=5.99(43)*10^-2; Ef_Dt8=0.900(116); Fi_Dt8=5.81(44)*10^-2; Ei_Dt8=0.857(124)
*|       c2_Dt8_1-7xc_Dt12_3-6 |    2.6437e+06 |    8.84/(  11 -  5) =   1.47 | F=0.836(15); Ff_Dt8=6.19(45)*10^-2; Ef_Dt8=0.900(110); Fi_Dt8=5.88(43)*10^-2; Ei_Dt8=0.819(128)
*|      c2_Dt8_1-7xc_Dt12_1-10 |    2.3092e+06 |   29.67/(  17 -  5) =   2.47 | F=0.846(15); Ff_Dt8=6.23(42)*10^-2; Ef_Dt8=0.900(131); Fi_Dt8=5.53(39)*10^-2; Ei_Dt8=0.740(110)
*|       c2_Dt8_1-7xc_Dt12_1-9 |    2.2378e+06 |   25.49/(  16 -  5) =   2.32 | F=0.847(15); Ff_Dt8=6.25(42)*10^-2; Ef_Dt8=0.900(135); Fi_Dt8=5.51(40)*10^-2; Ei_Dt8=0.748(112)
*|       c2_Dt8_1-7xc_Dt12_3-7 |    1.9971e+06 |   10.17/(  12 -  5) =   1.45 | F=0.837(15); Ff_Dt8=6.06(43)*10^-2; Ef_Dt8=0.900(165); Fi_Dt8=5.89(43)*10^-2; Ei_Dt8=0.835(128)
*|      c2_Dt8_1-7xc_Dt12_3-10 |     1.772e+06 |   19.57/(  15 -  5) =   1.96 | F=0.838(15); Ff_Dt8=6.04(43)*10^-2; Ef_Dt8=0.900(174); Fi_Dt8=5.81(42)*10^-2; Ei_Dt8=0.808(124)
*|      c2_Dt8_1-7xc_Dt12_4-10 |    1.7396e+06 |   19.19/(  14 -  5) =   2.13 | F=0.838(15); Ff_Dt8=6.02(43)*10^-2; Ef_Dt8=0.900(146); Fi_Dt8=5.82(43)*10^-2; Ei_Dt8=0.828(130)
*|       c2_Dt8_1-7xc_Dt12_4-7 |    1.4592e+06 |   10.14/(  11 -  5) =   1.69 | F=0.837(15); Ff_Dt8=6.07(43)*10^-2; Ef_Dt8=0.900(173); Fi_Dt8=5.89(43)*10^-2; Ei_Dt8=0.830(130)
*|       c2_Dt8_1-7xc_Dt12_3-9 |    8.2287e+05 |   11.04/(  14 -  5) =   1.23 | F=0.837(15); Ff_Dt8=6.04(43)*10^-2; Ef_Dt8=0.900(561); Fi_Dt8=5.86(43)*10^-2; Ei_Dt8=0.828(126)
*|       c2_Dt8_1-7xc_Dt12_3-8 |    6.9103e+05 |   10.91/(  13 -  5) =   1.36 | F=0.837(15); Ff_Dt8=6.04(43)*10^-2; Ef_Dt8=0.900(553); Fi_Dt8=5.85(43)*10^-2; Ei_Dt8=0.825(126)
*|       c2_Dt8_1-7xc_Dt12_4-9 |     6.589e+05 |   11.04/(  13 -  5) =   1.38 | F=0.837(15); Ff_Dt8=6.04(43)*10^-2; Ef_Dt8=0.900(563); Fi_Dt8=5.86(43)*10^-2; Ei_Dt8=0.827(129)
*|       c2_Dt8_1-7xc_Dt12_2-5 |    5.9213e+05 |    9.38/(  11 -  5) =   1.56 | F=0.837(15); Ff_Dt8=6.18(43)*10^-2; Ef_Dt8=0.900(119); Fi_Dt8=5.90(41)*10^-2; Ei_Dt8=0.900(595)
*|       c2_Dt8_1-7xc_Dt12_5-9 |     5.737e+05 |    9.84/(  12 -  5) =   1.41 | F=0.836(15); Ff_Dt8=6.04(43)*10^-2; Ef_Dt8=0.900(576); Fi_Dt8=5.85(43)*10^-2; Ei_Dt8=0.826(130)
*|       c2_Dt8_1-7xc_Dt12_2-7 |    5.4642e+05 |   12.66/(  13 -  5) =   1.58 | F=0.839(15); Ff_Dt8=6.01(41)*10^-2; Ef_Dt8=0.900(103); Fi_Dt8=5.90(41)*10^-2; Ei_Dt8=0.900(879)
*|       c2_Dt8_1-7xc_Dt12_2-9 |    5.4364e+05 |   13.67/(  15 -  5) =   1.37 | F=0.839(15); Ff_Dt8=5.97(42)*10^-2; Ef_Dt8=0.900(119); Fi_Dt8=5.87(46)*10^-2; Ei_Dt8=0.897(873)
*|       c2_Dt8_1-7xc_Dt12_4-8 |    5.4073e+05 |   10.91/(  12 -  5) =   1.56 | F=0.837(15); Ff_Dt8=6.04(43)*10^-2; Ef_Dt8=0.900(555); Fi_Dt8=5.85(43)*10^-2; Ei_Dt8=0.824(129)
*|       c2_Dt8_1-7xc_Dt12_2-6 |    5.2646e+05 |   11.78/(  12 -  5) =   1.68 | F=0.839(15); Ff_Dt8=6.10(44)*10^-2; Ef_Dt8=0.900(78); Fi_Dt8=5.90(46)*10^-2; Ei_Dt8=0.898(888)
*|       c2_Dt8_1-7xc_Dt12_2-8 |    4.8845e+05 |   13.60/(  14 -  5) =   1.51 | F=0.839(15); Ff_Dt8=5.97(42)*10^-2; Ef_Dt8=0.900(115); Fi_Dt8=5.87(46)*10^-2; Ei_Dt8=0.896(846)
*|       c2_Dt8_1-7xc_Dt12_5-8 |    4.6773e+05 |    9.55/(  11 -  5) =   1.59 | F=0.836(15); Ff_Dt8=6.04(43)*10^-2; Ef_Dt8=0.900(564); Fi_Dt8=5.84(43)*10^-2; Ei_Dt8=0.821(131)
