 |                     fit_name |       quality |   chisq/nDoF                 |
--------------------------------------------------------------------------------
*|     csnk_Dt8_2-7xc2_Dt12_2-7 |       0.31822 |    7.65/(  12 -  7) =   1.53 | F=-8.47(2141)*10^-4; Ff_Dt8=4.48(381)*10^-3; Ef_Dt8=0.900(626); Ff_Dt12=0.206(312); Ef_Dt12=0.900(770); Fi_Dt12=-3.91(185)*10^-2; Ei_Dt12=0.900(650)
e|     c2_Dt8_1-7xcsrc_Dt12_1-7 |       0.19922 |   12.72/(  14 -  7) =   1.82 | F=-8.36(2268)*10^-4; Ff_Dt8=3.48(346)*10^-3; Ef_Dt8=0.900(895); Fi_Dt8=-2.55(380)*10^-3; Ei_Dt8=0.900(759); Fi_Dt12=-5.95(688)*10^-3; Ei_Dt12=0.455(348)
*|       c2_Dt8_1-7xc2_Dt12_1-8 |       0.14186 |   13.09/(  15 -  9) =   2.18 | F=-8.13(2303)*10^-4; Ff_Dt8=3.30(361)*10^-3; Ef_Dt8=0.900(895); Fi_Dt8=-2.56(381)*10^-3; Ei_Dt8=0.900(755); Ff_Dt12=-6.16(1306)*10^-2; Ef_Dt12=0.900(890); Fi_Dt12=-6.11(688)*10^-3; Ei_Dt12=0.454(342)
*|   csnk_Dt8_2-7xcsrc_Dt12_2-7 |       0.13811 |    8.07/(  12 -  5) =   1.15 | F=-5.15(2081)*10^-4; Ff_Dt8=3.37(341)*10^-3; Ef_Dt8=0.900(895); Fi_Dt12=-3.86(185)*10^-2; Ei_Dt12=0.900(850)
*|      csnk_Dt8_2-5xc_Dt12_4-7 |       0.10319 |    0.68/(   8 -  3) =   0.14 | F=8.74(569)*10^-3; Ff_Dt8=-1.36(58)*10^-2; Ef_Dt8=8.69(912)*10^-2
*|   csnk_Dt8_2-7xcsrc_Dt12_3-7 |      0.088826 |    7.79/(  11 -  5) =   1.30 | F=-5.24(2081)*10^-4; Ff_Dt8=3.32(341)*10^-3; Ef_Dt8=0.900(895); Fi_Dt12=-6.12(468)*10^-2; Ei_Dt12=0.900(664)
*|   csnk_Dt8_2-6xcsrc_Dt12_2-7 |      0.087664 |    7.99/(  11 -  5) =   1.33 | F=-7.58(2256)*10^-4; Ff_Dt8=5.60(870)*10^-3; Ef_Dt8=0.900(749); Fi_Dt12=-3.85(185)*10^-2; Ei_Dt12=0.900(824)
*|   csnk_Dt8_2-7xcsrc_Dt12_1-7 |      0.084316 |   11.33/(  13 -  5) =   1.42 | F=-5.17(2080)*10^-4; Ff_Dt8=3.50(341)*10^-3; Ef_Dt8=0.900(894); Fi_Dt12=-7.04(676)*10^-3; Ei_Dt12=0.490(347)
*|    csrc_Dt8_2-5xc2_Dt12_2-11 |       0.08394 |    8.39/(  14 -  7) =   1.20 | F=-2.05(240)*10^-3; Fi_Dt8=1.09(98)*10^-2; Ei_Dt8=0.900(768); Ff_Dt12=2.94(758)*10^-3; Ef_Dt12=0.900(730); Fi_Dt12=-2.90(198)*10^-2; Ei_Dt12=0.900(676)
*|    csnk_Dt8_2-7xc2_Dt12_2-11 |      0.080811 |   10.39/(  16 -  7) =   1.15 | F=-4.97(2069)*10^-4; Ff_Dt8=3.82(339)*10^-3; Ef_Dt8=0.900(633); Ff_Dt12=8.52(7367)*10^-4; Ef_Dt12=0.900(768); Fi_Dt12=-3.73(183)*10^-2; Ei_Dt12=0.900(727)
*|     csnk_Dt8_2-5xc_Dt12_4-11 |      0.079709 |    2.81/(  12 -  3) =   0.31 | F=6.69(453)*10^-3; Ff_Dt8=-1.35(58)*10^-2; Ef_Dt8=0.136(119)
*|     csnk_Dt8_2-5xc_Dt12_4-10 |      0.079319 |    2.33/(  11 -  3) =   0.29 | F=7.87(492)*10^-3; Ff_Dt8=-1.39(55)*10^-2; Ef_Dt8=0.112(105)
*|      c2_Dt8_1-7xc2_Dt12_1-11 |      0.065769 |   15.15/(  18 -  9) =   1.68 | F=-9.84(2248)*10^-4; Ff_Dt8=4.09(343)*10^-3; Ef_Dt8=0.900(638); Fi_Dt8=-2.17(378)*10^-3; Ei_Dt8=0.900(635); Ff_Dt12=5.95(7364)*10^-4; Ef_Dt12=0.900(767); Fi_Dt12=-4.96(677)*10^-3; Ei_Dt12=0.433(334)
*|   csrc_Dt8_2-5xcsrc_Dt12_2-7 |      0.065755 |    6.11/(  10 -  5) =   1.22 | F=-2.12(242)*10^-3; Fi_Dt8=9.80(990)*10^-3; Ei_Dt8=0.900(768); Fi_Dt12=-3.14(200)*10^-2; Ei_Dt12=0.900(690)
*|     csnk_Dt8_2-5xc_Dt12_5-11 |      0.061225 |    2.79/(  11 -  3) =   0.35 | F=6.84(469)*10^-3; Ff_Dt8=-1.34(58)*10^-2; Ef_Dt8=0.130(122)
*|     csnk_Dt8_2-7xc2_Dt12_1-8 |       0.05889 |   11.66/(  14 -  7) =   1.67 | F=-4.90(2108)*10^-4; Ff_Dt8=3.31(356)*10^-3; Ef_Dt8=0.900(895); Ff_Dt12=-6.00(1301)*10^-2; Ef_Dt12=0.900(897); Fi_Dt12=-7.20(675)*10^-3; Ei_Dt12=0.488(342)
*|     csnk_Dt8_2-7xc2_Dt12_2-8 |      0.057801 |    8.33/(  13 -  7) =   1.39 | F=-5.33(2109)*10^-4; Ff_Dt8=3.33(356)*10^-3; Ef_Dt8=0.900(893); Ff_Dt12=-3.38(1309)*10^-2; Ef_Dt12=0.900(840); Fi_Dt12=-3.92(185)*10^-2; Ei_Dt12=0.900(855)
*|     csnk_Dt8_2-5xc_Dt12_8-11 |      0.057789 |    1.01/(   8 -  3) =   0.20 | F=7.14(527)*10^-3; Ff_Dt8=-1.28(64)*10^-2; Ef_Dt8=0.108(115)
*|    csnk_Dt8_2-7xc2_Dt12_1-11 |      0.053373 |   13.71/(  17 -  7) =   1.37 | F=-5.60(2068)*10^-4; Ff_Dt8=4.05(339)*10^-3; Ef_Dt8=0.900(632); Ff_Dt12=1.12(737)*10^-3; Ef_Dt12=0.900(768); Fi_Dt12=-6.23(665)*10^-3; Ei_Dt12=0.469(327)
*|   csnk_Dt8_2-6xcsrc_Dt12_3-7 |      0.052669 |    7.71/(  10 -  5) =   1.54 | F=-7.66(2256)*10^-4; Ff_Dt8=5.54(870)*10^-3; Ef_Dt8=0.900(750); Fi_Dt12=-6.11(468)*10^-2; Ei_Dt12=0.900(667)
