 |                      fit_name |       quality |   chisq/nDoF                 |
---------------------------------------------------------------------------------
e|     csnk_Dt8_1-6xc2_Dt12_1-10 |        0.7761 |    6.09/(  16 -  7) =   0.68 | F=-1.02(283)*10^-3; Ff_Dt8=1.55(116)*10^-2; Ef_Dt8=0.900(634); Ff_Dt12=-4.56(272)*10^-2; Ef_Dt12=0.900(835); Fi_Dt12=2.03(94)*10^-2; Ei_Dt12=0.500(342)
*|     csnk_Dt8_1-6xc2_Dt12_2-10 |       0.50687 |    5.51/(  15 -  7) =   0.69 | F=-1.06(281)*10^-3; Ff_Dt8=1.61(116)*10^-2; Ef_Dt8=0.900(627); Ff_Dt12=-4.73(269)*10^-2; Ef_Dt12=0.900(824); Fi_Dt12=4.16(234)*10^-2; Ei_Dt12=0.900(800)
*|     csnk_Dt8_1-6xc2_Dt12_1-11 |       0.20708 |   10.62/(  17 -  7) =   1.06 | F=-2.27(275)*10^-3; Ff_Dt8=1.83(115)*10^-2; Ef_Dt8=0.900(618); Ff_Dt12=8.87(926)*10^-3; Ef_Dt12=0.900(729); Fi_Dt12=1.57(88)*10^-2; Ei_Dt12=0.670(768)
*|        c_Dt8_0-3xc2_Dt12_1-10 |       0.16979 |    2.47/(  13 -  5) =   0.31 | F=3.81(2888)*10^-4; Ff_Dt12=-4.61(273)*10^-2; Ef_Dt12=0.900(815); Fi_Dt12=1.92(94)*10^-2; Ei_Dt12=0.492(334)
*|     csnk_Dt8_1-6xc2_Dt12_2-11 |       0.15309 |   10.39/(  16 -  7) =   1.15 | F=-2.39(274)*10^-3; Ff_Dt8=1.89(115)*10^-2; Ef_Dt8=0.900(613); Ff_Dt12=8.77(885)*10^-3; Ef_Dt12=0.900(723); Fi_Dt12=2.75(224)*10^-2; Ei_Dt12=0.900(899)
*|        c_Dt8_5-8xc2_Dt12_1-10 |       0.15006 |    3.44/(  13 -  5) =   0.43 | F=-3.49(336)*10^-3; Ff_Dt12=-4.20(264)*10^-2; Ef_Dt12=0.900(764); Fi_Dt12=2.53(107)*10^-2; Ei_Dt12=0.398(254)
*|        c_Dt8_1-5xc2_Dt12_1-10 |       0.14992 |    4.75/(  15 -  5) =   0.48 | F=-6.91(2539)*10^-4; Ff_Dt12=-4.64(271)*10^-2; Ef_Dt12=0.900(805); Fi_Dt12=2.09(93)*10^-2; Ei_Dt12=0.502(324)
*|    csnk_Dt8_1-6xcsnk_Dt12_3-7 |       0.14496 |    3.20/(  11 -  5) =   0.53 | F=-1.97(291)*10^-3; Ff_Dt8=1.94(118)*10^-2; Ef_Dt8=0.900(617); Ff_Dt12=0.517(463); Ef_Dt12=0.900(450)
*|        c_Dt8_2-5xc2_Dt12_1-10 |       0.13336 |    4.59/(  14 -  5) =   0.51 | F=-1.00(265)*10^-3; Ff_Dt12=-4.64(271)*10^-2; Ef_Dt12=0.900(816); Fi_Dt12=2.22(99)*10^-2; Ei_Dt12=0.534(334)
*|        c_Dt8_1-4xc2_Dt12_1-10 |       0.12484 |    4.75/(  14 -  5) =   0.53 | F=-6.95(2800)*10^-4; Ff_Dt12=-4.65(273)*10^-2; Ef_Dt12=0.900(805); Fi_Dt12=2.09(93)*10^-2; Ei_Dt12=0.502(324)
*|   csnk_Dt8_1-6xcsnk_Dt12_3-10 |       0.10716 |    5.77/(  14 -  5) =   0.64 | F=-9.14(2797)*10^-4; Ff_Dt8=1.58(116)*10^-2; Ef_Dt8=0.900(631); Ff_Dt12=-4.16(260)*10^-2; Ef_Dt12=0.900(748)
*|        c_Dt8_1-5xc2_Dt12_2-10 |       0.10152 |    4.11/(  14 -  5) =   0.46 | F=-7.17(2524)*10^-4; Ff_Dt12=-4.86(268)*10^-2; Ef_Dt12=0.900(793); Fi_Dt12=4.34(234)*10^-2; Ei_Dt12=0.900(745)
*|        c_Dt8_1-7xc2_Dt12_2-10 |      0.085678 |    8.33/(  16 -  5) =   0.76 | F=2.35(2085)*10^-4; Ff_Dt12=-4.49(258)*10^-2; Ef_Dt12=0.900(814); Fi_Dt12=3.65(230)*10^-2; Ei_Dt12=0.900(484)
*|        c_Dt8_1-7xc2_Dt12_1-10 |      0.085095 |    8.71/(  17 -  5) =   0.73 | F=2.23(2094)*10^-4; Ff_Dt12=-4.38(263)*10^-2; Ef_Dt12=0.900(825); Fi_Dt12=1.85(92)*10^-2; Ei_Dt12=0.503(362)
*|       c2_Dt8_1-7xc2_Dt12_2-11 |      0.084984 |   12.78/(  17 -  9) =   1.60 | F=-3.01(532)*10^-3; Ff_Dt8=1.09(476)*10^-3; Ef_Dt8=0.498(493); Fi_Dt8=4.56(777)*10^-3; Ei_Dt8=0.286(674); Ff_Dt12=1.05(93)*10^-2; Ef_Dt12=0.900(693); Fi_Dt12=2.76(248)*10^-2; Ei_Dt12=0.900(527)
*|        c_Dt8_1-4xc2_Dt12_2-10 |      0.082602 |    4.10/(  13 -  5) =   0.51 | F=-6.58(2777)*10^-4; Ff_Dt12=-4.87(271)*10^-2; Ef_Dt12=0.900(794); Fi_Dt12=4.35(234)*10^-2; Ei_Dt12=0.900(748)
*|        c_Dt8_1-6xc2_Dt12_1-10 |       0.08187 |    7.88/(  16 -  5) =   0.72 | F=1.13(232)*10^-3; Ff_Dt12=-4.96(270)*10^-2; Ef_Dt12=0.900(896); Fi_Dt12=1.79(91)*10^-2; Ei_Dt12=0.523(369)
*|        c_Dt8_2-5xc2_Dt12_2-10 |      0.081029 |    4.04/(  13 -  5) =   0.51 | F=-9.06(2639)*10^-4; Ff_Dt12=-4.83(268)*10^-2; Ef_Dt12=0.900(801); Fi_Dt12=4.32(234)*10^-2; Ei_Dt12=0.900(764)
*|   csnk_Dt8_1-6xcsnk_Dt12_3-11 |      0.074806 |   10.32/(  15 -  5) =   1.03 | F=-2.29(272)*10^-3; Ff_Dt8=1.88(115)*10^-2; Ef_Dt8=0.900(616); Ff_Dt12=1.09(86)*10^-2; Ef_Dt12=0.900(696)
*|     c2_Dt8_1-7xcsnk_Dt12_3-10 |      0.070623 |    8.27/(  15 -  7) =   1.03 | F=-1.30(36833)*10^-5; Ff_Dt8=-1.91(459)*10^-3; Ef_Dt8=0.900(848); Fi_Dt8=2.34(616)*10^-3; Ei_Dt8=0.488(667); Ff_Dt12=-4.15(263)*10^-2; Ef_Dt12=0.900(774)
