 |         fit_name |       quality |   chisq/nDoF                 |
--------------------------------------------------------------------
e|   csrc_Dt32_1-31 |        1.2739 |   39.06/(  31 -  3) =   1.40 | F=1.25(77)*10^-7; Fi_Dt32=-1.43(77)*10^-7; Ei_Dt32=0.500(363)
*|   csrc_Dt32_3-31 |        0.8492 |   27.89/(  29 -  3) =   1.07 | F=5.94(1012)*10^-8; Fi_Dt32=2.34(169)*10^-7; Ei_Dt32=0.133(122)
*|     c2_Dt32_1-31 |        0.4495 |   38.86/(  31 -  5) =   1.49 | F=1.10(85)*10^-7; Ff_Dt32=3.92(915)*10^-8; Ef_Dt32=0.271(374); Fi_Dt32=-1.38(77)*10^-7; Ei_Dt32=0.500(364)
*|      c_Dt32_3-31 |       0.44181 |   29.86/(  29 -  1) =   1.07 | F=1.30(75)*10^-7
*|      c_Dt32_3-30 |       0.39995 |   29.65/(  28 -  1) =   1.10 | F=1.32(75)*10^-7
*|      c_Dt32_4-31 |       0.39717 |   29.86/(  28 -  1) =   1.11 | F=1.31(76)*10^-7
*|      c_Dt32_3-29 |        0.3875 |   27.40/(  27 -  1) =   1.05 | F=1.14(76)*10^-7
*|      c_Dt32_3-28 |       0.38447 |   24.63/(  26 -  1) =   0.99 | F=1.50(79)*10^-7
*|      c_Dt32_1-31 |       0.37977 |   42.53/(  31 -  1) =   1.42 | F=7.48(720)*10^-8
*|      c_Dt32_5-31 |       0.36832 |   28.83/(  27 -  1) =   1.11 | F=1.16(77)*10^-7
*|      c_Dt32_3-27 |         0.366 |   22.96/(  25 -  1) =   0.96 | F=1.43(79)*10^-7
*|      c_Dt32_4-30 |       0.35817 |   29.65/(  27 -  1) =   1.14 | F=1.33(76)*10^-7
*|      c_Dt32_2-31 |       0.34776 |   42.05/(  30 -  1) =   1.45 | F=8.51(735)*10^-8
*|      c_Dt32_4-29 |        0.3457 |   27.39/(  26 -  1) =   1.10 | F=1.16(77)*10^-7
*|      c_Dt32_1-30 |       0.34492 |   42.39/(  30 -  1) =   1.46 | F=7.64(721)*10^-8
*|      c_Dt32_3-26 |       0.34273 |   21.66/(  24 -  1) =   0.94 | F=1.27(80)*10^-7
*|      c_Dt32_4-28 |       0.34181 |   24.59/(  25 -  1) =   1.02 | F=1.52(80)*10^-7
*|      c_Dt32_1-29 |       0.34099 |   38.69/(  29 -  1) =   1.38 | F=5.84(728)*10^-8
*|      c_Dt32_1-28 |       0.34069 |   34.81/(  28 -  1) =   1.29 | F=1.03(76)*10^-7
*|      c_Dt32_5-30 |       0.33216 |   28.50/(  26 -  1) =   1.14 | F=1.19(77)*10^-7
