 |                    fit_name |       quality |   chisq/nDoF                 |
-------------------------------------------------------------------------------
e|   csrc_Dt8_1-7xc2_Dt12_1-10 |        4.7507 |    8.58/(  17 -  7) =   0.86 | F=-1.01(359)*10^-3; Fi_Dt8=1.13(69)*10^-2; Ei_Dt8=0.900(890); Ff_Dt12=-5.60(343)*10^-2; Ef_Dt12=0.900(744); Fi_Dt12=3.03(125)*10^-2; Ei_Dt12=0.457(344)
*|    csrc_Dt8_1-7xc2_Dt12_1-7 |        4.4063 |    4.39/(  14 -  7) =   0.63 | F=-2.07(367)*10^-3; Fi_Dt8=1.01(70)*10^-2; Ei_Dt8=0.900(707); Ff_Dt12=-0.643(518); Ef_Dt12=0.900(785); Fi_Dt12=3.01(129)*10^-2; Ei_Dt12=0.526(367)
*|    csnk_Dt8_2-7xc2_Dt12_1-7 |        2.1886 |    2.79/(  13 -  7) =   0.46 | F=3.89(721)*10^-3; Ff_Dt8=-9.72(957)*10^-3; Ef_Dt8=0.268(307); Ff_Dt12=-0.878(567); Ef_Dt12=0.900(871); Fi_Dt12=2.64(126)*10^-2; Ei_Dt12=0.691(778)
*|       c_Dt8_2-6xc2_Dt12_1-7 |        1.1222 |    3.45/(  12 -  5) =   0.49 | F=1.27(35729)*10^-5; Ff_Dt12=-0.750(543); Ef_Dt12=0.900(737); Fi_Dt12=2.85(123)*10^-2; Ei_Dt12=0.643(742)
*|      c_Dt8_2-7xc2_Dt12_1-10 |        1.0255 |    8.22/(  16 -  5) =   0.75 | F=3.64(31954)*10^-5; Ff_Dt12=-5.44(344)*10^-2; Ef_Dt12=0.900(752); Fi_Dt12=2.76(117)*10^-2; Ei_Dt12=0.551(699)
*|   csnk_Dt8_2-7xc2_Dt12_1-10 |       0.99226 |    7.40/(  16 -  7) =   0.82 | F=4.74(783)*10^-3; Ff_Dt8=-7.81(925)*10^-3; Ef_Dt8=0.184(277); Ff_Dt12=-5.87(351)*10^-2; Ef_Dt12=0.900(811); Fi_Dt12=2.44(126)*10^-2; Ei_Dt12=0.655(770)
*|      c_Dt8_1-7xc2_Dt12_1-10 |       0.95381 |   11.27/(  17 -  5) =   0.94 | F=2.55(286)*10^-3; Ff_Dt12=-5.61(342)*10^-2; Ef_Dt12=0.900(730); Fi_Dt12=2.21(116)*10^-2; Ei_Dt12=0.374(370)
*|       c_Dt8_2-7xc2_Dt12_1-7 |       0.92934 |    4.04/(  13 -  5) =   0.51 | F=-1.11(327)*10^-3; Ff_Dt12=-0.624(518); Ef_Dt12=0.900(793); Fi_Dt12=2.80(122)*10^-2; Ei_Dt12=0.624(732)
*|      c_Dt8_2-6xc2_Dt12_1-10 |       0.90168 |    8.00/(  15 -  5) =   0.80 | F=7.36(3522)*10^-4; Ff_Dt12=-5.51(345)*10^-2; Ef_Dt12=0.900(762); Fi_Dt12=2.75(117)*10^-2; Ei_Dt12=0.566(709)
*|       c_Dt8_2-5xc2_Dt12_1-7 |       0.87362 |    3.45/(  11 -  5) =   0.57 | F=-2.53(38064)*10^-5; Ff_Dt12=-0.748(548); Ef_Dt12=0.900(735); Fi_Dt12=2.85(123)*10^-2; Ei_Dt12=0.643(741)
*|       c_Dt8_3-6xc2_Dt12_1-7 |       0.82239 |    3.37/(  11 -  5) =   0.56 | F=3.73(3797)*10^-4; Ff_Dt12=-0.743(544); Ef_Dt12=0.900(742); Fi_Dt12=2.75(129)*10^-2; Ei_Dt12=0.697(795)
*|      c_Dt8_3-7xc2_Dt12_1-10 |       0.81097 |    8.21/(  15 -  5) =   0.82 | F=1.38(3376)*10^-4; Ff_Dt12=-5.42(347)*10^-2; Ef_Dt12=0.900(751); Fi_Dt12=2.73(123)*10^-2; Ei_Dt12=0.560(711)
*|      c_Dt8_2-5xc2_Dt12_1-10 |       0.75865 |    7.96/(  14 -  5) =   0.88 | F=4.86(3753)*10^-4; Ff_Dt12=-5.49(345)*10^-2; Ef_Dt12=0.900(760); Fi_Dt12=2.77(117)*10^-2; Ei_Dt12=0.562(706)
*|      c_Dt8_3-6xc2_Dt12_1-10 |       0.69883 |    7.97/(  14 -  5) =   0.89 | F=9.31(3752)*10^-4; Ff_Dt12=-5.46(347)*10^-2; Ef_Dt12=0.900(762); Fi_Dt12=2.69(123)*10^-2; Ei_Dt12=0.590(734)
*|   csrc_Dt8_2-7xc2_Dt12_1-10 |       0.69422 |    7.83/(  16 -  7) =   0.87 | F=-4.13(960)*10^-3; Fi_Dt8=8.36(1454)*10^-3; Ei_Dt8=0.200(276); Ff_Dt12=-5.18(351)*10^-2; Ef_Dt12=0.900(737); Fi_Dt12=3.30(163)*10^-2; Ei_Dt12=0.406(372)
*|       c_Dt8_3-7xc2_Dt12_1-7 |       0.68933 |    4.01/(  12 -  5) =   0.57 | F=-8.83(3455)*10^-4; Ff_Dt12=-0.616(520); Ef_Dt12=0.900(797); Fi_Dt12=2.72(128)*10^-2; Ei_Dt12=0.655(767)
*|      c_Dt8_4-7xc2_Dt12_1-10 |       0.68008 |    8.19/(  14 -  5) =   0.91 | F=-7.62(36662)*10^-5; Ff_Dt12=-5.39(347)*10^-2; Ef_Dt12=0.900(747); Fi_Dt12=2.76(125)*10^-2; Ei_Dt12=0.557(707)
*|      c_Dt8_5-8xc2_Dt12_1-10 |       0.57419 |    7.15/(  13 -  5) =   0.89 | F=-1.80(404)*10^-3; Ff_Dt12=-5.09(347)*10^-2; Ef_Dt12=0.900(754); Fi_Dt12=2.87(127)*10^-2; Ei_Dt12=0.488(660)
*|      c_Dt8_1-4xc2_Dt12_1-10 |       0.56606 |   10.54/(  14 -  5) =   1.17 | F=3.64(366)*10^-3; Ff_Dt12=-5.66(343)*10^-2; Ef_Dt12=0.900(761); Fi_Dt12=2.08(119)*10^-2; Ei_Dt12=0.381(373)
*|       c_Dt8_5-8xc2_Dt12_1-7 |       0.56315 |    2.96/(  10 -  5) =   0.59 | F=-3.03(419)*10^-3; Ff_Dt12=-0.621(520); Ef_Dt12=0.900(777); Fi_Dt12=2.86(131)*10^-2; Ei_Dt12=0.578(708)
