 |                      fit_name |       quality |   chisq/nDoF                 |
---------------------------------------------------------------------------------
e|   csnk_Dt8_2-7xcsrc_Dt12_2-11 |       0.69713 |    5.10/(  16 -  5) =   0.46 | F=5.65(436)*10^-3; Ff_Dt8=1.60(638)*10^-3; Ef_Dt8=0.900(476); Fi_Dt12=2.25(166)*10^-2; Ei_Dt12=0.377(304)
*|        c2_Dt8_2-7xc_Dt12_1-10 |       0.39854 |    8.94/(  16 -  5) =   0.81 | F=3.64(822)*10^-3; Ff_Dt8=1.93(919)*10^-3; Ef_Dt8=4.21(67)*10^-2; Fi_Dt8=-1.57(1195)*10^-3; Ei_Dt8=0.826(123)
*|   csnk_Dt8_2-7xcsrc_Dt12_4-11 |       0.34021 |    4.83/(  14 -  5) =   0.54 | F=5.49(438)*10^-3; Ff_Dt8=1.83(642)*10^-3; Ef_Dt8=0.900(675); Fi_Dt12=0.190(163); Ei_Dt12=0.900(768)
*|      csnk_Dt8_2-7xc_Dt12_3-11 |       0.24739 |    6.60/(  15 -  3) =   0.55 | F=5.51(436)*10^-3; Ff_Dt8=2.15(638)*10^-3; Ef_Dt8=0.900(479)
*|        c2_Dt8_2-7xc_Dt12_1-11 |       0.23733 |    9.47/(  17 -  5) =   0.79 | F=3.49(821)*10^-3; Ff_Dt8=1.80(919)*10^-3; Ef_Dt8=4.13(66)*10^-2; Fi_Dt8=-1.06(1154)*10^-3; Ei_Dt8=0.799(140)
*|        c2_Dt8_2-7xc_Dt12_0-11 |       0.23733 |    9.47/(  17 -  5) =   0.79 | F=3.49(821)*10^-3; Ff_Dt8=1.80(919)*10^-3; Ef_Dt8=4.13(66)*10^-2; Fi_Dt8=-1.06(1154)*10^-3; Ei_Dt8=0.799(140)
*|      csnk_Dt8_2-7xc_Dt12_3-10 |       0.20275 |    6.33/(  14 -  3) =   0.58 | F=5.59(436)*10^-3; Ff_Dt8=1.90(639)*10^-3; Ef_Dt8=0.900(460)
*|     csnk_Dt8_2-7xc2_Dt12_3-11 |        0.1845 |    5.26/(  15 -  7) =   0.66 | F=5.78(436)*10^-3; Ff_Dt8=1.28(642)*10^-3; Ef_Dt8=0.900(647); Ff_Dt12=5.42(1360)*10^-3; Ef_Dt12=0.900(638); Fi_Dt12=7.39(690)*10^-2; Ei_Dt12=0.900(768)
*|      csnk_Dt8_2-7xc_Dt12_4-11 |       0.17732 |    6.16/(  14 -  3) =   0.56 | F=5.75(437)*10^-3; Ff_Dt8=1.65(642)*10^-3; Ef_Dt8=0.900(468)
*|      csnk_Dt8_2-7xc_Dt12_1-11 |       0.17274 |    9.40/(  17 -  3) =   0.67 | F=4.30(428)*10^-3; Ff_Dt8=2.10(637)*10^-3; Ef_Dt8=0.900(623)
*|      csnk_Dt8_2-7xc_Dt12_0-11 |       0.17274 |    9.40/(  17 -  3) =   0.67 | F=4.30(428)*10^-3; Ff_Dt8=2.10(637)*10^-3; Ef_Dt8=0.900(623)
*|      csnk_Dt8_2-7xc_Dt12_1-10 |       0.15061 |    8.92/(  16 -  3) =   0.69 | F=4.48(429)*10^-3; Ff_Dt8=1.77(639)*10^-3; Ef_Dt8=0.900(552)
*|      csnk_Dt8_2-7xc_Dt12_7-11 |       0.13143 |    4.46/(  11 -  3) =   0.56 | F=5.50(439)*10^-3; Ff_Dt8=2.10(662)*10^-3; Ef_Dt8=0.900(612)
*|      csnk_Dt8_2-7xc_Dt12_8-11 |        0.1102 |    4.10/(  10 -  3) =   0.59 | F=5.49(439)*10^-3; Ff_Dt8=1.68(666)*10^-3; Ef_Dt8=0.900(503)
*|   csnk_Dt8_2-7xcsnk_Dt12_8-11 |      0.070635 |    3.93/(  10 -  5) =   0.79 | F=5.49(439)*10^-3; Ff_Dt8=1.50(667)*10^-3; Ef_Dt8=0.900(469); Ff_Dt12=5.63(1364)*10^-3; Ef_Dt12=0.900(676)
*|   csnk_Dt8_2-7xcsrc_Dt12_7-11 |      0.065324 |    4.35/(  11 -  5) =   0.72 | F=5.50(439)*10^-3; Ff_Dt8=1.92(664)*10^-3; Ef_Dt8=0.900(550); Fi_Dt12=0.906(2629); Ei_Dt12=0.900(862)
*|      c_Dt8_2-7xcsrc_Dt12_2-11 |      0.053117 |    5.17/(  16 -  3) =   0.40 | F=5.89(425)*10^-3; Fi_Dt12=2.25(165)*10^-2; Ei_Dt12=0.374(299)
*|   csrc_Dt8_1-7xcsrc_Dt12_2-11 |      0.052514 |    5.81/(  17 -  5) =   0.48 | F=6.42(492)*10^-3; Fi_Dt8=-5.97(563)*10^-3; Ei_Dt8=0.900(838); Fi_Dt12=1.92(160)*10^-2; Ei_Dt12=0.367(312)
*|   csrc_Dt8_1-7xcsrc_Dt12_3-11 |      0.051211 |    6.04/(  16 -  5) =   0.55 | F=6.61(491)*10^-3; Fi_Dt8=-6.05(564)*10^-3; Ei_Dt8=0.900(611); Fi_Dt12=7.00(688)*10^-2; Ei_Dt12=0.900(768)
*|   csrc_Dt8_1-7xcsrc_Dt12_4-11 |      0.050967 |    5.46/(  15 -  5) =   0.55 | F=6.37(492)*10^-3; Fi_Dt8=-5.97(564)*10^-3; Ei_Dt8=0.900(627); Fi_Dt12=0.183(163); Ei_Dt12=0.900(768)
