 |                      fit_name |       quality |   chisq/nDoF                 |
---------------------------------------------------------------------------------
*|   csnk_Dt8_1-6xcsnk_Dt12_4-10 |        1.5008 |    2.88/(  13 -  5) =   0.36 | F=3.55(504)*10^-3; Ff_Dt8=1.52(116)*10^-3; Ef_Dt8=0.900(768); Ff_Dt12=-4.27(240)*10^-3; Ef_Dt12=0.900(767)
e|    csnk_Dt8_1-6xcsrc_Dt12_4-7 |        1.0177 |    0.99/(  10 -  5) =   0.20 | F=3.52(505)*10^-3; Ff_Dt8=1.68(126)*10^-3; Ef_Dt8=0.900(512); Fi_Dt12=-1.25(182)*10^-2; Ei_Dt12=0.900(481)
*|    csnk_Dt8_1-6xcsnk_Dt12_4-9 |       0.99969 |    2.62/(  12 -  5) =   0.37 | F=3.62(504)*10^-3; Ff_Dt8=1.53(116)*10^-3; Ef_Dt8=0.900(768); Ff_Dt12=-7.47(681)*10^-3; Ef_Dt12=0.900(633)
*|         c_Dt8_3-7xc2_Dt12_2-8 |       0.65727 |    1.59/(  12 -  5) =   0.23 | F=3.27(502)*10^-3; Ff_Dt12=9.22(1982)*10^-3; Ef_Dt12=0.900(458); Fi_Dt12=-3.90(305)*10^-3; Ei_Dt12=0.900(627)
*|         c_Dt8_1-6xc2_Dt12_2-8 |       0.48506 |    2.92/(  13 -  5) =   0.36 | F=4.04(502)*10^-3; Ff_Dt12=1.33(195)*10^-2; Ef_Dt12=0.900(564); Fi_Dt12=-2.86(290)*10^-3; Ei_Dt12=0.900(524)
*|      csnk_Dt8_1-6xc2_Dt12_2-8 |        0.4456 |    1.14/(  13 -  7) =   0.19 | F=3.57(503)*10^-3; Ff_Dt8=1.64(124)*10^-3; Ef_Dt8=0.900(848); Ff_Dt12=4.76(2858)*10^-3; Ef_Dt12=0.900(514); Fi_Dt12=-2.03(280)*10^-3; Ei_Dt12=0.456(613)
*|         c_Dt8_4-7xc2_Dt12_2-8 |        0.4238 |    1.58/(  11 -  5) =   0.26 | F=3.28(502)*10^-3; Ff_Dt12=9.39(1990)*10^-3; Ef_Dt12=0.900(482); Fi_Dt12=-3.85(310)*10^-3; Ei_Dt12=0.900(719)
*|      c_Dt8_1-5xcsnk_Dt12_4-10 |       0.42266 |    2.88/(  12 -  3) =   0.32 | F=3.79(503)*10^-3; Ff_Dt12=-4.21(240)*10^-3; Ef_Dt12=0.900(459)
*|         c_Dt8_5-8xc2_Dt12_2-8 |       0.38324 |    1.57/(  10 -  5) =   0.31 | F=3.23(504)*10^-3; Ff_Dt12=9.24(1995)*10^-3; Ef_Dt12=0.900(453); Fi_Dt12=-3.89(313)*10^-3; Ei_Dt12=0.900(635)
*|     csnk_Dt8_1-6xc2_Dt12_0-11 |       0.37819 |    7.49/(  17 -  7) =   0.75 | F=3.24(502)*10^-3; Ff_Dt8=1.08(115)*10^-3; Ef_Dt8=0.900(487); Ff_Dt12=2.89(996)*10^-4; Ef_Dt12=0.900(893); Fi_Dt12=-1.19(92)*10^-3; Ei_Dt12=0.653(752)
*|     csnk_Dt8_1-6xc2_Dt12_1-11 |       0.37819 |    7.49/(  17 -  7) =   0.75 | F=3.24(502)*10^-3; Ff_Dt8=1.08(115)*10^-3; Ef_Dt8=0.900(487); Ff_Dt12=2.89(996)*10^-4; Ef_Dt12=0.900(893); Fi_Dt12=-1.19(92)*10^-3; Ei_Dt12=0.653(752)
*|      csrc_Dt8_1-5xc2_Dt12_2-8 |       0.37095 |    0.81/(  12 -  7) =   0.16 | F=3.89(502)*10^-3; Fi_Dt8=-2.28(375)*10^-4; Ei_Dt8=0.507(702); Ff_Dt12=9.84(1979)*10^-3; Ef_Dt12=0.900(730); Fi_Dt12=-3.71(292)*10^-3; Ei_Dt12=0.900(768)
*|    csnk_Dt8_1-6xcsrc_Dt12_2-7 |       0.36627 |    1.09/(  12 -  5) =   0.16 | F=3.57(503)*10^-3; Ff_Dt8=1.60(123)*10^-3; Ef_Dt8=0.900(889); Fi_Dt12=-2.08(261)*10^-3; Ei_Dt12=0.449(663)
*|    csnk_Dt8_1-6xcsrc_Dt12_1-7 |       0.36212 |    1.28/(  13 -  5) =   0.16 | F=3.44(507)*10^-3; Ff_Dt8=1.58(121)*10^-3; Ef_Dt8=0.900(725); Fi_Dt12=-1.56(138)*10^-3; Ei_Dt12=0.199(547)
*|      c_Dt8_1-4xcsnk_Dt12_4-10 |       0.35027 |    2.88/(  11 -  3) =   0.36 | F=3.79(506)*10^-3; Ff_Dt12=-4.21(240)*10^-3; Ef_Dt12=0.900(452)
*|         c_Dt8_3-6xc2_Dt12_2-8 |       0.34051 |    1.30/(  11 -  5) =   0.22 | F=3.59(506)*10^-3; Ff_Dt12=8.79(1983)*10^-3; Ef_Dt12=0.900(626); Fi_Dt12=-3.82(305)*10^-3; Ei_Dt12=0.900(789)
*|         c_Dt8_1-7xc2_Dt12_2-8 |       0.30738 |    3.00/(  14 -  5) =   0.33 | F=3.86(498)*10^-3; Ff_Dt12=1.34(195)*10^-2; Ef_Dt12=0.900(746); Fi_Dt12=-2.91(285)*10^-3; Ei_Dt12=0.900(767)
*|     csnk_Dt8_1-6xc2_Dt12_2-11 |       0.30695 |    7.20/(  16 -  7) =   0.80 | F=3.40(502)*10^-3; Ff_Dt8=1.13(115)*10^-3; Ef_Dt8=0.900(501); Ff_Dt12=2.33(967)*10^-4; Ef_Dt12=0.900(899); Fi_Dt12=-2.87(249)*10^-3; Ei_Dt12=0.900(847)
*|         c_Dt8_2-6xc2_Dt12_2-8 |        0.2631 |    2.60/(  12 -  5) =   0.37 | F=4.24(503)*10^-3; Ff_Dt12=1.25(196)*10^-2; Ef_Dt12=0.900(579); Fi_Dt12=-2.65(289)*10^-3; Ei_Dt12=0.900(746)
*|       c_Dt8_3-6xcsrc_Dt12_2-7 |       0.24736 |    1.15/(  10 -  3) =   0.16 | F=3.58(506)*10^-3; Fi_Dt12=-4.09(275)*10^-3; Ei_Dt12=0.900(555)
