 |         fit_name |       quality |   chisq/nDoF                 |
--------------------------------------------------------------------
e|      c_Dt32_1-31 |       0.16805 |   24.89/(  31 -  1) =   0.83 | F=-5.02(343)*10^-8
*|      c_Dt32_3-31 |       0.16229 |   21.05/(  29 -  1) =   0.75 | F=-4.14(348)*10^-8
*|      c_Dt32_2-31 |       0.15239 |   24.85/(  30 -  1) =   0.86 | F=-4.96(345)*10^-8
*|      c_Dt32_1-30 |       0.15219 |   24.88/(  30 -  1) =   0.86 | F=-5.00(345)*10^-8
*|      c_Dt32_1-28 |        0.1461 |   21.02/(  28 -  1) =   0.78 | F=-5.60(353)*10^-8
*|      c_Dt32_4-31 |       0.14602 |   21.03/(  28 -  1) =   0.78 | F=-4.07(352)*10^-8
*|      c_Dt32_3-30 |       0.14589 |   21.05/(  28 -  1) =   0.78 | F=-4.14(349)*10^-8
*|      c_Dt32_1-27 |       0.14458 |   19.02/(  27 -  1) =   0.73 | F=-6.35(357)*10^-8
*|      c_Dt32_1-29 |       0.14114 |   24.21/(  29 -  1) =   0.86 | F=-4.59(348)*10^-8
*|      c_Dt32_3-28 |       0.14073 |   17.42/(  26 -  1) =   0.70 | F=-4.52(358)*10^-8
*|      c_Dt32_5-31 |       0.14055 |   19.57/(  27 -  1) =   0.75 | F=-5.34(367)*10^-8
*|      c_Dt32_2-30 |       0.13754 |   24.84/(  29 -  1) =   0.89 | F=-4.93(346)*10^-8
*|      c_Dt32_3-29 |       0.13753 |   20.00/(  27 -  1) =   0.77 | F=-3.58(353)*10^-8
*|      c_Dt32_3-27 |       0.13728 |   15.85/(  25 -  1) =   0.66 | F=-5.27(363)*10^-8
*|      c_Dt32_2-28 |       0.13181 |   20.86/(  27 -  1) =   0.80 | F=-5.48(354)*10^-8
*|      c_Dt32_4-30 |       0.13075 |   21.03/(  27 -  1) =   0.81 | F=-4.06(353)*10^-8
*|      c_Dt32_2-27 |       0.12945 |   18.94/(  26 -  1) =   0.76 | F=-6.26(358)*10^-8
*|      c_Dt32_1-26 |       0.12906 |   19.00/(  26 -  1) =   0.76 | F=-6.44(361)*10^-8
*|      c_Dt32_2-29 |       0.12716 |   24.15/(  28 -  1) =   0.89 | F=-4.51(350)*10^-8
*|   csnk_Dt32_1-31 |             0 |   23.47/(  31 -  3) =   0.84 | F=-3.12(264)*10^-7; Ff_Dt32=3.04(292)*10^-7; Ef_Dt32=1.00(4529)*10^-2
